{"C:\\Users\\usuario\\Documents\\library\\npm\\osodreamer-sri-xml-signer\\src\\sign-xml\\sign-xml.ts": {"path":"C:\\Users\\usuario\\Documents\\library\\npm\\osodreamer-sri-xml-signer\\src\\sign-xml\\sign-xml.ts","statementMap":{"0":{"start":{"line":11,"column":0},"end":{"line":11,"column":7}},"1":{"start":{"line":1,"column":0},"end":{"line":1,"column":45}},"2":{"start":{"line":3,"column":0},"end":{"line":3,"column":77}},"3":{"start":{"line":4,"column":0},"end":{"line":4,"column":107}},"4":{"start":{"line":5,"column":0},"end":{"line":5,"column":87}},"5":{"start":{"line":7,"column":0},"end":{"line":7,"column":57}},"6":{"start":{"line":8,"column":0},"end":{"line":8,"column":86}},"7":{"start":{"line":9,"column":0},"end":{"line":9,"column":81}},"8":{"start":{"line":12,"column":2},"end":{"line":37,"column":3}},"9":{"start":{"line":13,"column":4},"end":{"line":13,"column":57}},"10":{"start":{"line":14,"column":25},"end":{"line":18,"column":null}},"11":{"start":{"line":20,"column":21},"end":{"line":20,"column":60}},"12":{"start":{"line":21,"column":22},"end":{"line":21,"column":68}},"13":{"start":{"line":22,"column":20},"end":{"line":22,"column":48}},"14":{"start":{"line":24,"column":27},"end":{"line":24,"column":76}},"15":{"start":{"line":25,"column":21},"end":{"line":28,"column":6}},"16":{"start":{"line":30,"column":4},"end":{"line":30,"column":20}},"17":{"start":{"line":32,"column":20},"end":{"line":32,"column":46}},"18":{"start":{"line":34,"column":4},"end":{"line":34,"column":58}},"19":{"start":{"line":36,"column":4},"end":{"line":36,"column":27}}},"fnMap":{"0":{"name":"signXml","decl":{"start":{"line":11,"column":22},"end":{"line":11,"column":29}},"loc":{"start":{"line":11,"column":49},"end":{"line":38,"column":1}}}},"branchMap":{},"s":{"0":1,"1":1,"2":1,"3":1,"4":1,"5":1,"6":1,"7":1,"8":2,"9":2,"10":2,"11":2,"12":1,"13":1,"14":1,"15":1,"16":1,"17":1,"18":1,"19":1},"f":{"0":2},"b":{}}
,"C:\\Users\\usuario\\Documents\\library\\npm\\osodreamer-sri-xml-signer\\src\\sign-xml\\application\\use-cases.ts": {"path":"C:\\Users\\usuario\\Documents\\library\\npm\\osodreamer-sri-xml-signer\\src\\sign-xml\\application\\use-cases.ts","statementMap":{"0":{"start":{"line":7,"column":21},"end":{"line":7,"column":57}},"1":{"start":{"line":8,"column":21},"end":{"line":8,"column":51}},"2":{"start":{"line":15,"column":36},"end":{"line":15,"column":41}},"3":{"start":{"line":17,"column":25},"end":{"line":20,"column":6}},"4":{"start":{"line":21,"column":21},"end":{"line":21,"column":73}},"5":{"start":{"line":22,"column":4},"end":{"line":22,"column":20}},"6":{"start":{"line":5,"column":0},"end":{"line":5,"column":13}}},"fnMap":{"0":{"name":"(anonymous_0)","decl":{"start":{"line":6,"column":2},"end":{"line":6,"column":null}},"loc":{"start":{"line":8,"column":51},"end":{"line":9,"column":6}}},"1":{"name":"(anonymous_1)","decl":{"start":{"line":11,"column":2},"end":{"line":11,"column":7}},"loc":{"start":{"line":14,"column":3},"end":{"line":23,"column":3}}}},"branchMap":{},"s":{"0":2,"1":2,"2":1,"3":1,"4":1,"5":1,"6":3},"f":{"0":2,"1":1},"b":{}}
,"C:\\Users\\usuario\\Documents\\library\\npm\\osodreamer-sri-xml-signer\\src\\sign-xml\\common\\utils\\crypto.util.ts": {"path":"C:\\Users\\usuario\\Documents\\library\\npm\\osodreamer-sri-xml-signer\\src\\sign-xml\\common\\utils\\crypto.util.ts","statementMap":{"0":{"start":{"line":1,"column":0},"end":{"line":1,"column":36}},"1":{"start":{"line":5,"column":14},"end":{"line":5,"column":67}},"2":{"start":{"line":6,"column":19},"end":{"line":9,"column":null}},"3":{"start":{"line":9,"column":8},"end":{"line":9,"column":48}},"4":{"start":{"line":11,"column":4},"end":{"line":11,"column":39}},"5":{"start":{"line":15,"column":16},"end":{"line":15,"column":52}},"6":{"start":{"line":16,"column":19},"end":{"line":19,"column":15}},"7":{"start":{"line":18,"column":18},"end":{"line":18,"column":54}},"8":{"start":{"line":20,"column":19},"end":{"line":20,"column":46}},"9":{"start":{"line":21,"column":4},"end":{"line":21,"column":47}},"10":{"start":{"line":25,"column":16},"end":{"line":25,"column":34}},"11":{"start":{"line":26,"column":4},"end":{"line":26,"column":32}},"12":{"start":{"line":27,"column":4},"end":{"line":27,"column":39}},"13":{"start":{"line":3,"column":0},"end":{"line":3,"column":13}}},"fnMap":{"0":{"name":"(anonymous_9)","decl":{"start":{"line":4,"column":2},"end":{"line":4,"column":13}},"loc":{"start":{"line":4,"column":25},"end":{"line":12,"column":3}}},"1":{"name":"(anonymous_10)","decl":{"start":{"line":8,"column":37},"end":{"line":8,"column":38}},"loc":{"start":{"line":9,"column":8},"end":{"line":9,"column":48}}},"2":{"name":"(anonymous_11)","decl":{"start":{"line":14,"column":2},"end":{"line":14,"column":15}},"loc":{"start":{"line":14,"column":30},"end":{"line":22,"column":3}}},"3":{"name":"(anonymous_12)","decl":{"start":{"line":18,"column":11},"end":{"line":18,"column":12}},"loc":{"start":{"line":18,"column":18},"end":{"line":18,"column":54}}},"4":{"name":"(anonymous_13)","decl":{"start":{"line":24,"column":2},"end":{"line":24,"column":21}},"loc":{"start":{"line":24,"column":21},"end":{"line":28,"column":3}}}},"branchMap":{},"s":{"0":2,"1":1,"2":1,"3":5,"4":1,"5":1,"6":1,"7":8,"8":1,"9":1,"10":2,"11":2,"12":2,"13":2},"f":{"0":1,"1":5,"2":1,"3":8,"4":2},"b":{}}
,"C:\\Users\\usuario\\Documents\\library\\npm\\osodreamer-sri-xml-signer\\src\\sign-xml\\common\\utils\\index.ts": {"path":"C:\\Users\\usuario\\Documents\\library\\npm\\osodreamer-sri-xml-signer\\src\\sign-xml\\common\\utils\\index.ts","statementMap":{"0":{"start":{"line":1,"column":0},"end":{"line":1,"column":30}}},"fnMap":{},"branchMap":{},"s":{"0":2},"f":{},"b":{}}
,"C:\\Users\\usuario\\Documents\\library\\npm\\osodreamer-sri-xml-signer\\src\\sign-xml\\domain\\xades-signature.service.ts": {"path":"C:\\Users\\usuario\\Documents\\library\\npm\\osodreamer-sri-xml-signer\\src\\sign-xml\\domain\\xades-signature.service.ts","statementMap":{"0":{"start":{"line":10,"column":0},"end":{"line":10,"column":null}},"1":{"start":{"line":15,"column":0},"end":{"line":15,"column":54}},"2":{"start":{"line":17,"column":0},"end":{"line":17,"column":41}},"3":{"start":{"line":22,"column":21},"end":{"line":22,"column":37}},"4":{"start":{"line":23,"column":21},"end":{"line":23,"column":53}},"5":{"start":{"line":24,"column":21},"end":{"line":24,"column":45}},"6":{"start":{"line":25,"column":21},"end":{"line":25,"column":58}},"7":{"start":{"line":26,"column":21},"end":{"line":26,"column":39}},"8":{"start":{"line":30,"column":16},"end":{"line":30,"column":46}},"9":{"start":{"line":31,"column":36},"end":{"line":31,"column":40}},"10":{"start":{"line":32,"column":27},"end":{"line":32,"column":35}},"11":{"start":{"line":34,"column":29},"end":{"line":34,"column":77}},"12":{"start":{"line":35,"column":22},"end":{"line":35,"column":74}},"13":{"start":{"line":37,"column":23},"end":{"line":37,"column":41}},"14":{"start":{"line":39,"column":25},"end":{"line":39,"column":46}},"15":{"start":{"line":40,"column":28},"end":{"line":40,"column":52}},"16":{"start":{"line":41,"column":20},"end":{"line":41,"column":46}},"17":{"start":{"line":42,"column":21},"end":{"line":42,"column":48}},"18":{"start":{"line":44,"column":31},"end":{"line":44,"column":70}},"19":{"start":{"line":45,"column":29},"end":{"line":52,"column":6}},"20":{"start":{"line":54,"column":34},"end":{"line":55,"column":null}},"21":{"start":{"line":58,"column":20},"end":{"line":63,"column":6}},"22":{"start":{"line":65,"column":29},"end":{"line":65,"column":60}},"23":{"start":{"line":67,"column":23},"end":{"line":72,"column":6}},"24":{"start":{"line":74,"column":27},"end":{"line":74,"column":68}},"25":{"start":{"line":76,"column":21},"end":{"line":82,"column":6}},"26":{"start":{"line":84,"column":4},"end":{"line":84,"column":24}},"27":{"start":{"line":20,"column":0},"end":{"line":20,"column":13}}},"fnMap":{"0":{"name":"(anonymous_0)","decl":{"start":{"line":21,"column":2},"end":{"line":21,"column":null}},"loc":{"start":{"line":26,"column":39},"end":{"line":27,"column":6}}},"1":{"name":"(anonymous_1)","decl":{"start":{"line":29,"column":2},"end":{"line":29,"column":7}},"loc":{"start":{"line":29,"column":32},"end":{"line":85,"column":3}}}},"branchMap":{},"s":{"0":3,"1":3,"2":3,"3":2,"4":2,"5":2,"6":2,"7":2,"8":1,"9":1,"10":1,"11":1,"12":1,"13":1,"14":1,"15":1,"16":1,"17":1,"18":1,"19":1,"20":1,"21":1,"22":1,"23":1,"24":1,"25":1,"26":1,"27":3},"f":{"0":2,"1":1},"b":{}}
,"C:\\Users\\usuario\\Documents\\library\\npm\\osodreamer-sri-xml-signer\\src\\sign-xml\\domain\\assemblers\\index.ts": {"path":"C:\\Users\\usuario\\Documents\\library\\npm\\osodreamer-sri-xml-signer\\src\\sign-xml\\domain\\assemblers\\index.ts","statementMap":{"0":{"start":{"line":1,"column":0},"end":{"line":1,"column":43}}},"fnMap":{},"branchMap":{},"s":{"0":3},"f":{},"b":{}}
,"C:\\Users\\usuario\\Documents\\library\\npm\\osodreamer-sri-xml-signer\\src\\sign-xml\\domain\\assemblers\\xades-document.assembler.ts": {"path":"C:\\Users\\usuario\\Documents\\library\\npm\\osodreamer-sri-xml-signer\\src\\sign-xml\\domain\\assemblers\\xades-document.assembler.ts","statementMap":{"0":{"start":{"line":11,"column":70},"end":{"line":11,"column":76}},"1":{"start":{"line":13,"column":4},"end":{"line":26,"column":15}},"2":{"start":{"line":3,"column":0},"end":{"line":3,"column":13}}},"fnMap":{"0":{"name":"(anonymous_0)","decl":{"start":{"line":4,"column":2},"end":{"line":4,"column":7}},"loc":{"start":{"line":10,"column":3},"end":{"line":27,"column":3}}}},"branchMap":{},"s":{"0":1,"1":1,"2":3},"f":{"0":1},"b":{}}
,"C:\\Users\\usuario\\Documents\\library\\npm\\osodreamer-sri-xml-signer\\src\\sign-xml\\domain\\builders\\index.ts": {"path":"C:\\Users\\usuario\\Documents\\library\\npm\\osodreamer-sri-xml-signer\\src\\sign-xml\\domain\\builders\\index.ts","statementMap":{"0":{"start":{"line":1,"column":0},"end":{"line":1,"column":34}},"1":{"start":{"line":2,"column":0},"end":{"line":2,"column":38}},"2":{"start":{"line":3,"column":0},"end":{"line":3,"column":44}}},"fnMap":{},"branchMap":{},"s":{"0":3,"1":3,"2":3},"f":{},"b":{}}
,"C:\\Users\\usuario\\Documents\\library\\npm\\osodreamer-sri-xml-signer\\src\\sign-xml\\domain\\builders\\keyInfo.builder.ts": {"path":"C:\\Users\\usuario\\Documents\\library\\npm\\osodreamer-sri-xml-signer\\src\\sign-xml\\domain\\builders\\keyInfo.builder.ts","statementMap":{"0":{"start":{"line":1,"column":0},"end":{"line":1,"column":43}},"1":{"start":{"line":10,"column":70},"end":{"line":10,"column":76}},"2":{"start":{"line":12,"column":4},"end":{"line":30,"column":15}},"3":{"start":{"line":3,"column":0},"end":{"line":3,"column":13}}},"fnMap":{"0":{"name":"(anonymous_0)","decl":{"start":{"line":4,"column":2},"end":{"line":4,"column":7}},"loc":{"start":{"line":9,"column":3},"end":{"line":31,"column":3}}}},"branchMap":{},"s":{"0":3,"1":1,"2":1,"3":3},"f":{"0":1},"b":{}}
,"C:\\Users\\usuario\\Documents\\library\\npm\\osodreamer-sri-xml-signer\\src\\sign-xml\\domain\\builders\\signed-info.builder.ts": {"path":"C:\\Users\\usuario\\Documents\\library\\npm\\osodreamer-sri-xml-signer\\src\\sign-xml\\domain\\builders\\signed-info.builder.ts","statementMap":{"0":{"start":{"line":1,"column":0},"end":{"line":1,"column":null}},"1":{"start":{"line":19,"column":6},"end":{"line":19,"column":12}},"2":{"start":{"line":21,"column":4},"end":{"line":53,"column":15}},"3":{"start":{"line":11,"column":0},"end":{"line":11,"column":13}}},"fnMap":{"0":{"name":"(anonymous_0)","decl":{"start":{"line":12,"column":2},"end":{"line":12,"column":7}},"loc":{"start":{"line":17,"column":3},"end":{"line":54,"column":3}}}},"branchMap":{},"s":{"0":3,"1":1,"2":1,"3":3},"f":{"0":1},"b":{}}
,"C:\\Users\\usuario\\Documents\\library\\npm\\osodreamer-sri-xml-signer\\src\\sign-xml\\domain\\builders\\signed-properties.builder.ts": {"path":"C:\\Users\\usuario\\Documents\\library\\npm\\osodreamer-sri-xml-signer\\src\\sign-xml\\domain\\builders\\signed-properties.builder.ts","statementMap":{"0":{"start":{"line":1,"column":0},"end":{"line":1,"column":62}},"1":{"start":{"line":5,"column":31},"end":{"line":5,"column":47}},"2":{"start":{"line":22,"column":8},"end":{"line":22,"column":14}},"3":{"start":{"line":24,"column":22},"end":{"line":24,"column":41}},"4":{"start":{"line":26,"column":4},"end":{"line":59,"column":15}},"5":{"start":{"line":4,"column":0},"end":{"line":4,"column":13}}},"fnMap":{"0":{"name":"(anonymous_0)","decl":{"start":{"line":5,"column":2},"end":{"line":5,"column":31}},"loc":{"start":{"line":5,"column":47},"end":{"line":5,"column":51}}},"1":{"name":"(anonymous_1)","decl":{"start":{"line":7,"column":2},"end":{"line":7,"column":7}},"loc":{"start":{"line":14,"column":3},"end":{"line":60,"column":3}}}},"branchMap":{},"s":{"0":3,"1":1,"2":1,"3":1,"4":1,"5":3},"f":{"0":1,"1":1},"b":{}}
,"C:\\Users\\usuario\\Documents\\library\\npm\\osodreamer-sri-xml-signer\\src\\sign-xml\\domain\\enums\\index.ts": {"path":"C:\\Users\\usuario\\Documents\\library\\npm\\osodreamer-sri-xml-signer\\src\\sign-xml\\domain\\enums\\index.ts","statementMap":{"0":{"start":{"line":1,"column":0},"end":{"line":1,"column":38}}},"fnMap":{},"branchMap":{},"s":{"0":3},"f":{},"b":{}}
,"C:\\Users\\usuario\\Documents\\library\\npm\\osodreamer-sri-xml-signer\\src\\sign-xml\\domain\\enums\\xml-namespaces.enum.ts": {"path":"C:\\Users\\usuario\\Documents\\library\\npm\\osodreamer-sri-xml-signer\\src\\sign-xml\\domain\\enums\\xml-namespaces.enum.ts","statementMap":{"0":{"start":{"line":2,"column":0},"end":{"line":2,"column":null}},"1":{"start":{"line":3,"column":2},"end":{"line":3,"column":null}},"2":{"start":{"line":4,"column":2},"end":{"line":4,"column":null}},"3":{"start":{"line":7,"column":13},"end":{"line":7,"column":111}},"4":{"start":{"line":9,"column":0},"end":{"line":9,"column":null}},"5":{"start":{"line":10,"column":2},"end":{"line":10,"column":null}},"6":{"start":{"line":14,"column":0},"end":{"line":14,"column":null}},"7":{"start":{"line":15,"column":2},"end":{"line":15,"column":null}},"8":{"start":{"line":19,"column":0},"end":{"line":19,"column":null}},"9":{"start":{"line":20,"column":2},"end":{"line":20,"column":null}},"10":{"start":{"line":24,"column":0},"end":{"line":24,"column":null}},"11":{"start":{"line":25,"column":2},"end":{"line":25,"column":null}},"12":{"start":{"line":29,"column":0},"end":{"line":29,"column":null}},"13":{"start":{"line":30,"column":2},"end":{"line":30,"column":null}}},"fnMap":{"0":{"name":"(anonymous_0)","decl":{"start":{"line":2,"column":0},"end":{"line":2,"column":12}},"loc":{"start":{"line":2,"column":31},"end":{"line":5,"column":1}}},"1":{"name":"(anonymous_1)","decl":{"start":{"line":9,"column":0},"end":{"line":9,"column":12}},"loc":{"start":{"line":9,"column":29},"end":{"line":11,"column":1}}},"2":{"name":"(anonymous_2)","decl":{"start":{"line":14,"column":0},"end":{"line":14,"column":12}},"loc":{"start":{"line":14,"column":32},"end":{"line":16,"column":1}}},"3":{"name":"(anonymous_3)","decl":{"start":{"line":19,"column":0},"end":{"line":19,"column":12}},"loc":{"start":{"line":19,"column":32},"end":{"line":21,"column":1}}},"4":{"name":"(anonymous_4)","decl":{"start":{"line":24,"column":0},"end":{"line":24,"column":12}},"loc":{"start":{"line":24,"column":39},"end":{"line":26,"column":1}}},"5":{"name":"(anonymous_5)","decl":{"start":{"line":29,"column":0},"end":{"line":29,"column":12}},"loc":{"start":{"line":29,"column":22},"end":{"line":31,"column":1}}}},"branchMap":{"0":{"loc":{"start":{"line":2,"column":12},"end":{"line":2,"column":null}},"type":"binary-expr","locations":[{"start":{"line":2,"column":12},"end":{"line":2,"column":31}},{"start":{"line":2,"column":31},"end":{"line":2,"column":null}}]},"1":{"loc":{"start":{"line":9,"column":12},"end":{"line":9,"column":null}},"type":"binary-expr","locations":[{"start":{"line":9,"column":12},"end":{"line":9,"column":29}},{"start":{"line":9,"column":29},"end":{"line":9,"column":null}}]},"2":{"loc":{"start":{"line":14,"column":12},"end":{"line":14,"column":null}},"type":"binary-expr","locations":[{"start":{"line":14,"column":12},"end":{"line":14,"column":32}},{"start":{"line":14,"column":32},"end":{"line":14,"column":null}}]},"3":{"loc":{"start":{"line":19,"column":12},"end":{"line":19,"column":null}},"type":"binary-expr","locations":[{"start":{"line":19,"column":12},"end":{"line":19,"column":32}},{"start":{"line":19,"column":32},"end":{"line":19,"column":null}}]},"4":{"loc":{"start":{"line":24,"column":12},"end":{"line":24,"column":null}},"type":"binary-expr","locations":[{"start":{"line":24,"column":12},"end":{"line":24,"column":39}},{"start":{"line":24,"column":39},"end":{"line":24,"column":null}}]},"5":{"loc":{"start":{"line":29,"column":12},"end":{"line":29,"column":null}},"type":"binary-expr","locations":[{"start":{"line":29,"column":12},"end":{"line":29,"column":22}},{"start":{"line":29,"column":22},"end":{"line":29,"column":null}}]}},"s":{"0":3,"1":3,"2":3,"3":3,"4":3,"5":3,"6":3,"7":3,"8":3,"9":3,"10":3,"11":3,"12":3,"13":3},"f":{"0":3,"1":3,"2":3,"3":3,"4":3,"5":3},"b":{"0":[3,3],"1":[3,3],"2":[3,3],"3":[3,3],"4":[3,3],"5":[3,3]}}
,"C:\\Users\\usuario\\Documents\\library\\npm\\osodreamer-sri-xml-signer\\src\\sign-xml\\infrastructure\\XmlSignatureInjector.ts": {"path":"C:\\Users\\usuario\\Documents\\library\\npm\\osodreamer-sri-xml-signer\\src\\sign-xml\\infrastructure\\XmlSignatureInjector.ts","statementMap":{"0":{"start":{"line":1,"column":0},"end":{"line":1,"column":58}},"1":{"start":{"line":5,"column":31},"end":{"line":5,"column":53}},"2":{"start":{"line":7,"column":19},"end":{"line":7,"column":34}},"3":{"start":{"line":8,"column":23},"end":{"line":8,"column":42}},"4":{"start":{"line":10,"column":16},"end":{"line":10,"column":42}},"5":{"start":{"line":11,"column":26},"end":{"line":14,"column":21}},"6":{"start":{"line":15,"column":21},"end":{"line":15,"column":56}},"7":{"start":{"line":17,"column":4},"end":{"line":17,"column":46}},"8":{"start":{"line":19,"column":4},"end":{"line":19,"column":45}},"9":{"start":{"line":4,"column":0},"end":{"line":4,"column":13}}},"fnMap":{"0":{"name":"(anonymous_0)","decl":{"start":{"line":5,"column":2},"end":{"line":5,"column":31}},"loc":{"start":{"line":5,"column":53},"end":{"line":5,"column":57}}},"1":{"name":"(anonymous_1)","decl":{"start":{"line":6,"column":2},"end":{"line":6,"column":17}},"loc":{"start":{"line":6,"column":38},"end":{"line":20,"column":3}}}},"branchMap":{},"s":{"0":3,"1":3,"2":2,"3":2,"4":2,"5":2,"6":2,"7":2,"8":2,"9":3},"f":{"0":3,"1":2},"b":{}}
,"C:\\Users\\usuario\\Documents\\library\\npm\\osodreamer-sri-xml-signer\\src\\sign-xml\\infrastructure\\forge-rsa-sha1-signer.implementation.ts": {"path":"C:\\Users\\usuario\\Documents\\library\\npm\\osodreamer-sri-xml-signer\\src\\sign-xml\\infrastructure\\forge-rsa-sha1-signer.implementation.ts","statementMap":{"0":{"start":{"line":1,"column":0},"end":{"line":1,"column":36}},"1":{"start":{"line":5,"column":31},"end":{"line":5,"column":67}},"2":{"start":{"line":8,"column":15},"end":{"line":8,"column":37}},"3":{"start":{"line":9,"column":4},"end":{"line":9,"column":29}},"4":{"start":{"line":11,"column":25},"end":{"line":11,"column":49}},"5":{"start":{"line":12,"column":28},"end":{"line":12,"column":61}},"6":{"start":{"line":15,"column":4},"end":{"line":15,"column":76}},"7":{"start":{"line":4,"column":0},"end":{"line":4,"column":13}}},"fnMap":{"0":{"name":"(anonymous_9)","decl":{"start":{"line":5,"column":2},"end":{"line":5,"column":31}},"loc":{"start":{"line":5,"column":67},"end":{"line":5,"column":71}}},"1":{"name":"(anonymous_10)","decl":{"start":{"line":7,"column":2},"end":{"line":7,"column":19}},"loc":{"start":{"line":7,"column":33},"end":{"line":16,"column":3}}}},"branchMap":{"0":{"loc":{"start":{"line":15,"column":11},"end":{"line":15,"column":75}},"type":"cond-expr","locations":[{"start":{"line":15,"column":56},"end":{"line":15,"column":60}},{"start":{"line":15,"column":60},"end":{"line":15,"column":75}}]},"1":{"loc":{"start":{"line":15,"column":11},"end":{"line":15,"column":60}},"type":"binary-expr","locations":[{"start":{"line":15,"column":11},"end":{"line":15,"column":60}},{"start":{"line":15,"column":56},"end":{"line":15,"column":60}}]},"2":{"loc":{"start":{"line":15,"column":11},"end":{"line":15,"column":56}},"type":"cond-expr","locations":[{"start":{"line":15,"column":44},"end":{"line":15,"column":46}},{"start":{"line":15,"column":44},"end":{"line":15,"column":56}}]},"3":{"loc":{"start":{"line":15,"column":11},"end":{"line":15,"column":46}},"type":"binary-expr","locations":[{"start":{"line":15,"column":11},"end":{"line":15,"column":46}},{"start":{"line":15,"column":44},"end":{"line":15,"column":46}}]}},"s":{"0":3,"1":4,"2":4,"3":4,"4":4,"5":4,"6":4,"7":3},"f":{"0":4,"1":4},"b":{"0":[4,0],"1":[4,4],"2":[0,4],"3":[4,4]}}
,"C:\\Users\\usuario\\Documents\\library\\npm\\osodreamer-sri-xml-signer\\src\\sign-xml\\infrastructure\\canonicalizer\\canonicalizer.implement.ts": {"path":"C:\\Users\\usuario\\Documents\\library\\npm\\osodreamer-sri-xml-signer\\src\\sign-xml\\infrastructure\\canonicalizer\\canonicalizer.implement.ts","statementMap":{"0":{"start":{"line":2,"column":0},"end":{"line":2,"column":102}},"1":{"start":{"line":6,"column":31},"end":{"line":6,"column":53}},"2":{"start":{"line":8,"column":23},"end":{"line":8,"column":49}},"3":{"start":{"line":10,"column":26},"end":{"line":13,"column":6}},"4":{"start":{"line":15,"column":4},"end":{"line":15,"column":75}},"5":{"start":{"line":5,"column":0},"end":{"line":5,"column":13}}},"fnMap":{"0":{"name":"(anonymous_0)","decl":{"start":{"line":6,"column":2},"end":{"line":6,"column":31}},"loc":{"start":{"line":6,"column":53},"end":{"line":6,"column":57}}},"1":{"name":"(anonymous_1)","decl":{"start":{"line":7,"column":2},"end":{"line":7,"column":7}},"loc":{"start":{"line":7,"column":20},"end":{"line":16,"column":3}}}},"branchMap":{},"s":{"0":3,"1":3,"2":2,"3":2,"4":2,"5":3},"f":{"0":3,"1":2},"b":{}}
,"C:\\Users\\usuario\\Documents\\library\\npm\\osodreamer-sri-xml-signer\\src\\sign-xml\\infrastructure\\canonicalizer\\exclusive-canonicalization-ts\\Algorithm.ts": {"path":"C:\\Users\\usuario\\Documents\\library\\npm\\osodreamer-sri-xml-signer\\src\\sign-xml\\infrastructure\\canonicalizer\\exclusive-canonicalization-ts\\Algorithm.ts","statementMap":{"0":{"start":{"line":8,"column":22},"end":{"line":8,"column":55}},"1":{"start":{"line":13,"column":4},"end":{"line":13,"column":16}},"2":{"start":{"line":23,"column":4},"end":{"line":23,"column":39}},"3":{"start":{"line":7,"column":0},"end":{"line":7,"column":13}}},"fnMap":{"0":{"name":"(anonymous_0)","decl":{"start":{"line":8,"column":2},"end":{"line":8,"column":22}},"loc":{"start":{"line":8,"column":55},"end":{"line":10,"column":3}}},"1":{"name":"(anonymous_1)","decl":{"start":{"line":12,"column":2},"end":{"line":12,"column":6}},"loc":{"start":{"line":12,"column":6},"end":{"line":14,"column":3}}},"2":{"name":"(anonymous_2)","decl":{"start":{"line":21,"column":2},"end":{"line":21,"column":7}},"loc":{"start":{"line":21,"column":31},"end":{"line":24,"column":3}}}},"branchMap":{},"s":{"0":22,"1":1,"2":1,"3":4},"f":{"0":22,"1":1,"2":1},"b":{}}
,"C:\\Users\\usuario\\Documents\\library\\npm\\osodreamer-sri-xml-signer\\src\\sign-xml\\infrastructure\\canonicalizer\\exclusive-canonicalization-ts\\ExclusiveCanonicalization.ts": {"path":"C:\\Users\\usuario\\Documents\\library\\npm\\osodreamer-sri-xml-signer\\src\\sign-xml\\infrastructure\\canonicalizer\\exclusive-canonicalization-ts\\ExclusiveCanonicalization.ts","statementMap":{"0":{"start":{"line":2,"column":0},"end":{"line":2,"column":65}},"1":{"start":{"line":3,"column":0},"end":{"line":3,"column":71}},"2":{"start":{"line":4,"column":21},"end":{"line":4,"column":22}},"3":{"start":{"line":5,"column":18},"end":{"line":5,"column":19}},"4":{"start":{"line":6,"column":36},"end":{"line":6,"column":37}},"5":{"start":{"line":7,"column":21},"end":{"line":7,"column":22}},"6":{"start":{"line":18,"column":4},"end":{"line":18,"column":19}},"7":{"start":{"line":19,"column":4},"end":{"line":19,"column":53}},"8":{"start":{"line":20,"column":4},"end":{"line":20,"column":65}},"9":{"start":{"line":24,"column":4},"end":{"line":27,"column":6}},"10":{"start":{"line":31,"column":4},"end":{"line":31,"column":32}},"11":{"start":{"line":35,"column":4},"end":{"line":35,"column":37}},"12":{"start":{"line":39,"column":4},"end":{"line":39,"column":41}},"13":{"start":{"line":43,"column":4},"end":{"line":43,"column":47}},"14":{"start":{"line":44,"column":4},"end":{"line":44,"column":16}},"15":{"start":{"line":48,"column":4},"end":{"line":48,"column":38}},"16":{"start":{"line":49,"column":4},"end":{"line":49,"column":16}},"17":{"start":{"line":53,"column":4},"end":{"line":53,"column":36}},"18":{"start":{"line":57,"column":4},"end":{"line":57,"column":41}},"19":{"start":{"line":57,"column":31},"end":{"line":57,"column":41}},"20":{"start":{"line":58,"column":4},"end":{"line":58,"column":40}},"21":{"start":{"line":58,"column":31},"end":{"line":58,"column":40}},"22":{"start":{"line":59,"column":4},"end":{"line":59,"column":40}},"23":{"start":{"line":63,"column":18},"end":{"line":63,"column":43}},"24":{"start":{"line":64,"column":18},"end":{"line":64,"column":43}},"25":{"start":{"line":65,"column":4},"end":{"line":65,"column":38}},"26":{"start":{"line":69,"column":4},"end":{"line":73,"column":16}},"27":{"start":{"line":70,"column":24},"end":{"line":70,"column":54}},"28":{"start":{"line":72,"column":21},"end":{"line":72,"column":77}},"29":{"start":{"line":85,"column":14},"end":{"line":85,"column":16}},"30":{"start":{"line":86,"column":30},"end":{"line":86,"column":46}},"31":{"start":{"line":87,"column":31},"end":{"line":87,"column":51}},"32":{"start":{"line":88,"column":40},"end":{"line":88,"column":42}},"33":{"start":{"line":90,"column":29},"end":{"line":90,"column":52}},"34":{"start":{"line":92,"column":4},"end":{"line":108,"column":5}},"35":{"start":{"line":93,"column":23},"end":{"line":93,"column":79}},"36":{"start":{"line":93,"column":54},"end":{"line":93,"column":78}},"37":{"start":{"line":94,"column":6},"end":{"line":104,"column":7}},"38":{"start":{"line":95,"column":8},"end":{"line":95,"column":67}},"39":{"start":{"line":95,"column":41},"end":{"line":95,"column":65}},"40":{"start":{"line":96,"column":8},"end":{"line":99,"column":11}},"41":{"start":{"line":100,"column":8},"end":{"line":103,"column":11}},"42":{"start":{"line":105,"column":11},"end":{"line":108,"column":5}},"43":{"start":{"line":106,"column":6},"end":{"line":106,"column":45}},"44":{"start":{"line":107,"column":6},"end":{"line":107,"column":72}},"45":{"start":{"line":110,"column":4},"end":{"line":135,"column":5}},"46":{"start":{"line":111,"column":6},"end":{"line":134,"column":7}},"47":{"start":{"line":112,"column":25},"end":{"line":113,"column":null}},"48":{"start":{"line":113,"column":17},"end":{"line":113,"column":41}},"49":{"start":{"line":115,"column":8},"end":{"line":125,"column":9}},"50":{"start":{"line":116,"column":10},"end":{"line":116,"column":69}},"51":{"start":{"line":116,"column":43},"end":{"line":116,"column":67}},"52":{"start":{"line":117,"column":10},"end":{"line":120,"column":13}},"53":{"start":{"line":121,"column":10},"end":{"line":124,"column":13}},"54":{"start":{"line":126,"column":13},"end":{"line":134,"column":7}},"55":{"start":{"line":130,"column":8},"end":{"line":133,"column":11}},"56":{"start":{"line":137,"column":4},"end":{"line":137,"column":49}},"57":{"start":{"line":138,"column":4},"end":{"line":140,"column":5}},"58":{"start":{"line":139,"column":6},"end":{"line":139,"column":81}},"59":{"start":{"line":142,"column":4},"end":{"line":142,"column":70}},"60":{"start":{"line":146,"column":4},"end":{"line":146,"column":53}},"61":{"start":{"line":150,"column":4},"end":{"line":150,"column":87}},"62":{"start":{"line":158,"column":4},"end":{"line":182,"column":5}},"63":{"start":{"line":160,"column":8},"end":{"line":160,"column":55}},"64":{"start":{"line":162,"column":8},"end":{"line":162,"column":80}},"65":{"start":{"line":164,"column":8},"end":{"line":164,"column":80}},"66":{"start":{"line":166,"column":19},"end":{"line":166,"column":34}},"67":{"start":{"line":167,"column":19},"end":{"line":167,"column":79}},"68":{"start":{"line":168,"column":22},"end":{"line":168,"column":48}},"69":{"start":{"line":169,"column":25},"end":{"line":177,"column":19}},"70":{"start":{"line":171,"column":12},"end":{"line":174,"column":null}},"71":{"start":{"line":178,"column":8},"end":{"line":178,"column":82}},"72":{"start":{"line":181,"column":8},"end":{"line":181,"column":18}},"73":{"start":{"line":13,"column":0},"end":{"line":13,"column":13}}},"fnMap":{"0":{"name":"(anonymous_0)","decl":{"start":{"line":17,"column":2},"end":{"line":17,"column":14}},"loc":{"start":{"line":17,"column":51},"end":{"line":21,"column":3}}},"1":{"name":"(anonymous_1)","decl":{"start":{"line":23,"column":2},"end":{"line":23,"column":6}},"loc":{"start":{"line":23,"column":6},"end":{"line":28,"column":3}}},"2":{"name":"(anonymous_2)","decl":{"start":{"line":30,"column":2},"end":{"line":30,"column":20}},"loc":{"start":{"line":30,"column":20},"end":{"line":32,"column":3}}},"3":{"name":"(anonymous_3)","decl":{"start":{"line":34,"column":2},"end":{"line":34,"column":20}},"loc":{"start":{"line":34,"column":37},"end":{"line":36,"column":3}}},"4":{"name":"(anonymous_4)","decl":{"start":{"line":38,"column":2},"end":{"line":38,"column":24}},"loc":{"start":{"line":38,"column":24},"end":{"line":40,"column":3}}},"5":{"name":"(anonymous_5)","decl":{"start":{"line":42,"column":2},"end":{"line":42,"column":24}},"loc":{"start":{"line":42,"column":45},"end":{"line":45,"column":3}}},"6":{"name":"(anonymous_6)","decl":{"start":{"line":47,"column":2},"end":{"line":47,"column":23}},"loc":{"start":{"line":47,"column":34},"end":{"line":50,"column":3}}},"7":{"name":"(anonymous_7)","decl":{"start":{"line":52,"column":2},"end":{"line":52,"column":7}},"loc":{"start":{"line":52,"column":31},"end":{"line":54,"column":3}}},"8":{"name":"(anonymous_8)","decl":{"start":{"line":56,"column":10},"end":{"line":56,"column":28}},"loc":{"start":{"line":56,"column":45},"end":{"line":60,"column":3}}},"9":{"name":"(anonymous_9)","decl":{"start":{"line":62,"column":10},"end":{"line":62,"column":28}},"loc":{"start":{"line":62,"column":55},"end":{"line":66,"column":3}}},"10":{"name":"(anonymous_10)","decl":{"start":{"line":68,"column":10},"end":{"line":68,"column":27}},"loc":{"start":{"line":68,"column":41},"end":{"line":74,"column":3}}},"11":{"name":"(anonymous_11)","decl":{"start":{"line":70,"column":14},"end":{"line":70,"column":15}},"loc":{"start":{"line":70,"column":24},"end":{"line":70,"column":54}}},"12":{"name":"(anonymous_12)","decl":{"start":{"line":72,"column":11},"end":{"line":72,"column":12}},"loc":{"start":{"line":72,"column":21},"end":{"line":72,"column":77}}},"13":{"name":"(anonymous_13)","decl":{"start":{"line":76,"column":10},"end":{"line":76,"column":26}},"loc":{"start":{"line":79,"column":28},"end":{"line":143,"column":3}}},"14":{"name":"(anonymous_14)","decl":{"start":{"line":93,"column":47},"end":{"line":93,"column":48}},"loc":{"start":{"line":93,"column":54},"end":{"line":93,"column":78}}},"15":{"name":"(anonymous_15)","decl":{"start":{"line":95,"column":34},"end":{"line":95,"column":35}},"loc":{"start":{"line":95,"column":41},"end":{"line":95,"column":65}}},"16":{"name":"(anonymous_16)","decl":{"start":{"line":113,"column":10},"end":{"line":113,"column":11}},"loc":{"start":{"line":113,"column":17},"end":{"line":113,"column":41}}},"17":{"name":"(anonymous_17)","decl":{"start":{"line":116,"column":36},"end":{"line":116,"column":37}},"loc":{"start":{"line":116,"column":43},"end":{"line":116,"column":67}}},"18":{"name":"(anonymous_18)","decl":{"start":{"line":145,"column":10},"end":{"line":145,"column":24}},"loc":{"start":{"line":145,"column":38},"end":{"line":147,"column":3}}},"19":{"name":"(anonymous_19)","decl":{"start":{"line":149,"column":10},"end":{"line":149,"column":38}},"loc":{"start":{"line":149,"column":66},"end":{"line":151,"column":3}}},"20":{"name":"(anonymous_20)","decl":{"start":{"line":153,"column":10},"end":{"line":153,"column":23}},"loc":{"start":{"line":156,"column":33},"end":{"line":183,"column":3}}},"21":{"name":"(anonymous_21)","decl":{"start":{"line":170,"column":15},"end":{"line":170,"column":16}},"loc":{"start":{"line":171,"column":12},"end":{"line":174,"column":null}}}},"branchMap":{"0":{"loc":{"start":{"line":17,"column":14},"end":{"line":17,"column":51}},"type":"default-arg","locations":[{"start":{"line":17,"column":49},"end":{"line":17,"column":51}}]},"1":{"loc":{"start":{"line":20,"column":31},"end":{"line":20,"column":64}},"type":"binary-expr","locations":[{"start":{"line":20,"column":31},"end":{"line":20,"column":58}},{"start":{"line":20,"column":62},"end":{"line":20,"column":64}}]},"2":{"loc":{"start":{"line":26,"column":7},"end":{"line":26,"column":49}},"type":"cond-expr","locations":[{"start":{"line":26,"column":30},"end":{"line":26,"column":44}},{"start":{"line":26,"column":47},"end":{"line":26,"column":49}}]},"3":{"loc":{"start":{"line":57,"column":4},"end":{"line":57,"column":41}},"type":"if","locations":[{"start":{"line":57,"column":4},"end":{"line":57,"column":41}},{"start":{},"end":{}}]},"4":{"loc":{"start":{"line":57,"column":8},"end":{"line":57,"column":29}},"type":"binary-expr","locations":[{"start":{"line":57,"column":8},"end":{"line":57,"column":17}},{"start":{"line":57,"column":21},"end":{"line":57,"column":29}}]},"5":{"loc":{"start":{"line":58,"column":4},"end":{"line":58,"column":40}},"type":"if","locations":[{"start":{"line":58,"column":4},"end":{"line":58,"column":40}},{"start":{},"end":{}}]},"6":{"loc":{"start":{"line":58,"column":8},"end":{"line":58,"column":29}},"type":"binary-expr","locations":[{"start":{"line":58,"column":8},"end":{"line":58,"column":17}},{"start":{"line":58,"column":21},"end":{"line":58,"column":29}}]},"7":{"loc":{"start":{"line":69,"column":22},"end":{"line":69,"column":43}},"type":"binary-expr","locations":[{"start":{"line":69,"column":22},"end":{"line":69,"column":37}},{"start":{"line":69,"column":41},"end":{"line":69,"column":43}}]},"8":{"loc":{"start":{"line":90,"column":29},"end":{"line":90,"column":52}},"type":"binary-expr","locations":[{"start":{"line":90,"column":29},"end":{"line":90,"column":46}},{"start":{"line":90,"column":50},"end":{"line":90,"column":52}}]},"9":{"loc":{"start":{"line":92,"column":4},"end":{"line":108,"column":5}},"type":"if","locations":[{"start":{"line":92,"column":4},"end":{"line":108,"column":5}},{"start":{"line":105,"column":11},"end":{"line":108,"column":5}}]},"10":{"loc":{"start":{"line":94,"column":6},"end":{"line":104,"column":7}},"type":"if","locations":[{"start":{"line":94,"column":6},"end":{"line":104,"column":7}},{"start":{},"end":{}}]},"11":{"loc":{"start":{"line":94,"column":10},"end":{"line":94,"column":66}},"type":"binary-expr","locations":[{"start":{"line":94,"column":10},"end":{"line":94,"column":19}},{"start":{"line":94,"column":23},"end":{"line":94,"column":66}}]},"12":{"loc":{"start":{"line":105,"column":11},"end":{"line":108,"column":5}},"type":"if","locations":[{"start":{"line":105,"column":11},"end":{"line":108,"column":5}},{"start":{},"end":{}}]},"13":{"loc":{"start":{"line":110,"column":34},"end":{"line":110,"column":55}},"type":"binary-expr","locations":[{"start":{"line":110,"column":34},"end":{"line":110,"column":49}},{"start":{"line":110,"column":53},"end":{"line":110,"column":55}}]},"14":{"loc":{"start":{"line":111,"column":6},"end":{"line":134,"column":7}},"type":"if","locations":[{"start":{"line":111,"column":6},"end":{"line":134,"column":7}},{"start":{"line":126,"column":13},"end":{"line":134,"column":7}}]},"15":{"loc":{"start":{"line":111,"column":10},"end":{"line":111,"column":48}},"type":"binary-expr","locations":[{"start":{"line":111,"column":10},"end":{"line":111,"column":21}},{"start":{"line":111,"column":25},"end":{"line":111,"column":48}}]},"16":{"loc":{"start":{"line":115,"column":8},"end":{"line":125,"column":9}},"type":"if","locations":[{"start":{"line":115,"column":8},"end":{"line":125,"column":9}},{"start":{},"end":{}}]},"17":{"loc":{"start":{"line":115,"column":12},"end":{"line":115,"column":68}},"type":"binary-expr","locations":[{"start":{"line":115,"column":12},"end":{"line":115,"column":21}},{"start":{"line":115,"column":25},"end":{"line":115,"column":68}}]},"18":{"loc":{"start":{"line":126,"column":13},"end":{"line":134,"column":7}},"type":"if","locations":[{"start":{"line":126,"column":13},"end":{"line":134,"column":7}},{"start":{},"end":{}}]},"19":{"loc":{"start":{"line":127,"column":8},"end":{"line":128,"column":57}},"type":"binary-expr","locations":[{"start":{"line":127,"column":8},"end":{"line":127,"column":31}},{"start":{"line":128,"column":8},"end":{"line":128,"column":57}}]},"20":{"loc":{"start":{"line":150,"column":30},"end":{"line":150,"column":82}},"type":"cond-expr","locations":[{"start":{"line":150,"column":42},"end":{"line":150,"column":77}},{"start":{"line":150,"column":80},"end":{"line":150,"column":82}}]},"21":{"loc":{"start":{"line":155,"column":4},"end":{"line":155,"column":37}},"type":"default-arg","locations":[{"start":{"line":155,"column":35},"end":{"line":155,"column":37}}]},"22":{"loc":{"start":{"line":156,"column":4},"end":{"line":156,"column":33}},"type":"default-arg","locations":[{"start":{"line":156,"column":31},"end":{"line":156,"column":33}}]},"23":{"loc":{"start":{"line":158,"column":4},"end":{"line":182,"column":5}},"type":"switch","locations":[{"start":{"line":159,"column":6},"end":{"line":160,"column":55}},{"start":{"line":161,"column":6},"end":{"line":162,"column":80}},{"start":{"line":163,"column":6},"end":{"line":164,"column":80}},{"start":{"line":165,"column":6},"end":{"line":179,"column":7}},{"start":{"line":180,"column":6},"end":{"line":181,"column":18}}]},"24":{"loc":{"start":{"line":162,"column":15},"end":{"line":162,"column":79}},"type":"cond-expr","locations":[{"start":{"line":162,"column":38},"end":{"line":162,"column":74}},{"start":{"line":162,"column":77},"end":{"line":162,"column":79}}]}},"s":{"0":3,"1":3,"2":3,"3":3,"4":3,"5":3,"6":20,"7":20,"8":20,"9":1,"10":2,"11":2,"12":3,"13":1,"14":1,"15":1,"16":1,"17":12,"18":7,"19":2,"20":5,"21":2,"22":3,"23":5,"24":5,"25":5,"26":13,"27":11,"28":4,"29":13,"30":13,"31":13,"32":13,"33":13,"34":13,"35":2,"36":0,"37":2,"38":2,"39":0,"40":2,"41":2,"42":11,"43":3,"44":3,"45":13,"46":11,"47":2,"48":0,"49":2,"50":2,"51":0,"52":2,"53":2,"54":9,"55":2,"56":13,"57":13,"58":6,"59":13,"60":1,"61":1,"62":19,"63":1,"64":2,"65":1,"66":13,"67":13,"68":13,"69":13,"70":6,"71":13,"72":2,"73":3},"f":{"0":20,"1":1,"2":2,"3":2,"4":3,"5":1,"6":1,"7":12,"8":7,"9":5,"10":13,"11":11,"12":4,"13":13,"14":0,"15":0,"16":0,"17":0,"18":1,"19":1,"20":19,"21":6},"b":{"0":[7],"1":[20,7],"2":[1,0],"3":[2,5],"4":[7,4],"5":[2,3],"6":[5,4],"7":[13,0],"8":[13,6],"9":[2,11],"10":[2,0],"11":[2,0],"12":[3,8],"13":[13,0],"14":[2,9],"15":[11,6],"16":[2,0],"17":[2,0],"18":[2,7],"19":[9,4],"20":[1,0],"21":[13],"22":[13],"23":[1,2,1,13,2],"24":[1,1]}}
,"C:\\Users\\usuario\\Documents\\library\\npm\\osodreamer-sri-xml-signer\\src\\sign-xml\\infrastructure\\canonicalizer\\exclusive-canonicalization-ts\\escape.ts": {"path":"C:\\Users\\usuario\\Documents\\library\\npm\\osodreamer-sri-xml-signer\\src\\sign-xml\\infrastructure\\canonicalizer\\exclusive-canonicalization-ts\\escape.ts","statementMap":{"0":{"start":{"line":19,"column":0},"end":{"line":19,"column":16}},"1":{"start":{"line":28,"column":0},"end":{"line":28,"column":16}},"2":{"start":{"line":4,"column":13},"end":{"line":12,"column":2}},"3":{"start":{"line":20,"column":2},"end":{"line":20,"column":67}},"4":{"start":{"line":20,"column":51},"end":{"line":20,"column":65}},"5":{"start":{"line":29,"column":2},"end":{"line":29,"column":63}},"6":{"start":{"line":29,"column":47},"end":{"line":29,"column":61}}},"fnMap":{"0":{"name":"escapeAttributeEntities","decl":{"start":{"line":19,"column":16},"end":{"line":19,"column":39}},"loc":{"start":{"line":19,"column":53},"end":{"line":21,"column":1}}},"1":{"name":"(anonymous_1)","decl":{"start":{"line":20,"column":41},"end":{"line":20,"column":42}},"loc":{"start":{"line":20,"column":51},"end":{"line":20,"column":65}}},"2":{"name":"escapeTextEntities","decl":{"start":{"line":28,"column":16},"end":{"line":28,"column":34}},"loc":{"start":{"line":28,"column":48},"end":{"line":30,"column":1}}},"3":{"name":"(anonymous_3)","decl":{"start":{"line":29,"column":37},"end":{"line":29,"column":38}},"loc":{"start":{"line":29,"column":47},"end":{"line":29,"column":61}}}},"branchMap":{},"s":{"0":4,"1":4,"2":4,"3":15,"4":6,"5":5,"6":6},"f":{"0":15,"1":6,"2":5,"3":6},"b":{}}
,"C:\\Users\\usuario\\Documents\\library\\npm\\osodreamer-sri-xml-signer\\src\\sign-xml\\infrastructure\\certificate\\certificate-provider.implement.ts": {"path":"C:\\Users\\usuario\\Documents\\library\\npm\\osodreamer-sri-xml-signer\\src\\sign-xml\\infrastructure\\certificate\\certificate-provider.implement.ts","statementMap":{"0":{"start":{"line":1,"column":0},"end":{"line":1,"column":36}},"1":{"start":{"line":9,"column":21},"end":{"line":9,"column":42}},"2":{"start":{"line":10,"column":21},"end":{"line":10,"column":37}},"3":{"start":{"line":11,"column":21},"end":{"line":11,"column":57}},"4":{"start":{"line":12,"column":21},"end":{"line":12,"column":40}},"5":{"start":{"line":16,"column":23},"end":{"line":16,"column":53}},"6":{"start":{"line":17,"column":22},"end":{"line":17,"column":65}},"7":{"start":{"line":18,"column":23},"end":{"line":18,"column":53}},"8":{"start":{"line":19,"column":20},"end":{"line":19,"column":50}},"9":{"start":{"line":20,"column":16},"end":{"line":20,"column":67}},"10":{"start":{"line":22,"column":20},"end":{"line":24,"column":6}},"11":{"start":{"line":25,"column":21},"end":{"line":25,"column":69}},"12":{"start":{"line":26,"column":25},"end":{"line":26,"column":53}},"13":{"start":{"line":29,"column":6},"end":{"line":30,"column":61}},"14":{"start":{"line":32,"column":21},"end":{"line":32,"column":67}},"15":{"start":{"line":33,"column":23},"end":{"line":34,"column":null}},"16":{"start":{"line":36,"column":23},"end":{"line":36,"column":60}},"17":{"start":{"line":38,"column":28},"end":{"line":42,"column":6}},"18":{"start":{"line":39,"column":6},"end":{"line":41,"column":15}},"19":{"start":{"line":43,"column":24},"end":{"line":43,"column":44}},"20":{"start":{"line":44,"column":33},"end":{"line":44,"column":73}},"21":{"start":{"line":45,"column":32},"end":{"line":45,"column":70}},"22":{"start":{"line":46,"column":37},"end":{"line":47,"column":null}},"23":{"start":{"line":50,"column":29},"end":{"line":52,"column":16}},"24":{"start":{"line":54,"column":28},"end":{"line":54,"column":76}},"25":{"start":{"line":55,"column":21},"end":{"line":55,"column":79}},"26":{"start":{"line":56,"column":20},"end":{"line":56,"column":59}},"27":{"start":{"line":58,"column":4},"end":{"line":69,"column":6}},"28":{"start":{"line":7,"column":0},"end":{"line":7,"column":13}}},"fnMap":{"0":{"name":"(anonymous_9)","decl":{"start":{"line":8,"column":2},"end":{"line":8,"column":null}},"loc":{"start":{"line":12,"column":40},"end":{"line":13,"column":6}}},"1":{"name":"(anonymous_10)","decl":{"start":{"line":15,"column":2},"end":{"line":15,"column":7}},"loc":{"start":{"line":15,"column":26},"end":{"line":70,"column":3}}},"2":{"name":"(anonymous_11)","decl":{"start":{"line":38,"column":48},"end":{"line":38,"column":49}},"loc":{"start":{"line":38,"column":66},"end":{"line":42,"column":5}}}},"branchMap":{"0":{"loc":{"start":{"line":29,"column":6},"end":{"line":30,"column":61}},"type":"cond-expr","locations":[{"start":{"line":29,"column":54},"end":{"line":29,"column":null}},{"start":{"line":30,"column":6},"end":{"line":30,"column":61}}]},"1":{"loc":{"start":{"line":29,"column":6},"end":{"line":29,"column":null}},"type":"binary-expr","locations":[{"start":{"line":29,"column":6},"end":{"line":29,"column":null}},{"start":{"line":29,"column":54},"end":{"line":29,"column":null}}]},"2":{"loc":{"start":{"line":29,"column":6},"end":{"line":29,"column":54}},"type":"cond-expr","locations":[{"start":{"line":29,"column":49},"end":{"line":29,"column":52}},{"start":{"line":29,"column":49},"end":{"line":29,"column":54}}]},"3":{"loc":{"start":{"line":29,"column":6},"end":{"line":29,"column":52}},"type":"binary-expr","locations":[{"start":{"line":29,"column":6},"end":{"line":29,"column":52}},{"start":{"line":29,"column":49},"end":{"line":29,"column":52}}]},"4":{"loc":{"start":{"line":29,"column":6},"end":{"line":29,"column":49}},"type":"cond-expr","locations":[{"start":{"line":29,"column":35},"end":{"line":29,"column":37}},{"start":{"line":29,"column":35},"end":{"line":29,"column":49}}]},"5":{"loc":{"start":{"line":29,"column":6},"end":{"line":29,"column":37}},"type":"binary-expr","locations":[{"start":{"line":29,"column":6},"end":{"line":29,"column":37}},{"start":{"line":29,"column":35},"end":{"line":29,"column":37}}]},"6":{"loc":{"start":{"line":29,"column":6},"end":{"line":29,"column":35}},"type":"cond-expr","locations":[{"start":{"line":29,"column":23},"end":{"line":29,"column":25}},{"start":{"line":29,"column":23},"end":{"line":29,"column":35}}]},"7":{"loc":{"start":{"line":29,"column":6},"end":{"line":29,"column":25}},"type":"binary-expr","locations":[{"start":{"line":29,"column":6},"end":{"line":29,"column":25}},{"start":{"line":29,"column":23},"end":{"line":29,"column":25}}]},"8":{"loc":{"start":{"line":29,"column":6},"end":{"line":29,"column":23}},"type":"cond-expr","locations":[{"start":{"line":29,"column":18},"end":{"line":29,"column":21}},{"start":{"line":29,"column":6},"end":{"line":29,"column":23}}]},"9":{"loc":{"start":{"line":29,"column":6},"end":{"line":29,"column":21}},"type":"binary-expr","locations":[{"start":{"line":29,"column":6},"end":{"line":29,"column":21}},{"start":{"line":29,"column":6},"end":{"line":29,"column":21}}]},"10":{"loc":{"start":{"line":30,"column":6},"end":{"line":30,"column":61}},"type":"cond-expr","locations":[{"start":{"line":30,"column":54},"end":{"line":30,"column":56}},{"start":{"line":30,"column":54},"end":{"line":30,"column":61}}]},"11":{"loc":{"start":{"line":30,"column":6},"end":{"line":30,"column":56}},"type":"binary-expr","locations":[{"start":{"line":30,"column":6},"end":{"line":30,"column":56}},{"start":{"line":30,"column":54},"end":{"line":30,"column":56}}]},"12":{"loc":{"start":{"line":30,"column":6},"end":{"line":30,"column":54}},"type":"cond-expr","locations":[{"start":{"line":30,"column":49},"end":{"line":30,"column":52}},{"start":{"line":30,"column":49},"end":{"line":30,"column":54}}]},"13":{"loc":{"start":{"line":30,"column":6},"end":{"line":30,"column":52}},"type":"binary-expr","locations":[{"start":{"line":30,"column":6},"end":{"line":30,"column":52}},{"start":{"line":30,"column":49},"end":{"line":30,"column":52}}]},"14":{"loc":{"start":{"line":30,"column":6},"end":{"line":30,"column":49}},"type":"cond-expr","locations":[{"start":{"line":30,"column":37},"end":{"line":30,"column":39}},{"start":{"line":30,"column":37},"end":{"line":30,"column":49}}]},"15":{"loc":{"start":{"line":30,"column":6},"end":{"line":30,"column":39}},"type":"binary-expr","locations":[{"start":{"line":30,"column":6},"end":{"line":30,"column":39}},{"start":{"line":30,"column":37},"end":{"line":30,"column":39}}]},"16":{"loc":{"start":{"line":30,"column":6},"end":{"line":30,"column":37}},"type":"cond-expr","locations":[{"start":{"line":30,"column":29},"end":{"line":30,"column":31}},{"start":{"line":30,"column":29},"end":{"line":30,"column":37}}]},"17":{"loc":{"start":{"line":30,"column":6},"end":{"line":30,"column":31}},"type":"binary-expr","locations":[{"start":{"line":30,"column":6},"end":{"line":30,"column":31}},{"start":{"line":30,"column":29},"end":{"line":30,"column":31}}]},"18":{"loc":{"start":{"line":30,"column":6},"end":{"line":30,"column":29}},"type":"cond-expr","locations":[{"start":{"line":30,"column":23},"end":{"line":30,"column":25}},{"start":{"line":30,"column":23},"end":{"line":30,"column":29}}]},"19":{"loc":{"start":{"line":30,"column":6},"end":{"line":30,"column":25}},"type":"binary-expr","locations":[{"start":{"line":30,"column":6},"end":{"line":30,"column":25}},{"start":{"line":30,"column":23},"end":{"line":30,"column":25}}]},"20":{"loc":{"start":{"line":30,"column":6},"end":{"line":30,"column":23}},"type":"cond-expr","locations":[{"start":{"line":30,"column":18},"end":{"line":30,"column":21}},{"start":{"line":30,"column":6},"end":{"line":30,"column":23}}]},"21":{"loc":{"start":{"line":30,"column":6},"end":{"line":30,"column":21}},"type":"binary-expr","locations":[{"start":{"line":30,"column":6},"end":{"line":30,"column":21}},{"start":{"line":30,"column":6},"end":{"line":30,"column":21}}]},"22":{"loc":{"start":{"line":39,"column":13},"end":{"line":41,"column":14}},"type":"cond-expr","locations":[{"start":{"line":40,"column":10},"end":{"line":40,"column":17}},{"start":{"line":41,"column":10},"end":{"line":41,"column":14}}]}},"s":{"0":2,"1":5,"2":5,"3":5,"4":5,"5":5,"6":5,"7":5,"8":5,"9":5,"10":5,"11":5,"12":5,"13":5,"14":5,"15":5,"16":5,"17":5,"18":2,"19":5,"20":5,"21":5,"22":5,"23":5,"24":5,"25":5,"26":5,"27":5,"28":2},"f":{"0":5,"1":5,"2":2},"b":{"0":[2,3],"1":[5,5],"2":[3,2],"3":[5,5],"4":[3,2],"5":[5,5],"6":[3,2],"7":[5,5],"8":[0,5],"9":[5,5],"10":[0,3],"11":[3,3],"12":[0,3],"13":[3,3],"14":[0,3],"15":[3,3],"16":[0,3],"17":[3,3],"18":[0,3],"19":[3,3],"20":[0,3],"21":[3,3],"22":[0,2]}}
,"C:\\Users\\usuario\\Documents\\library\\npm\\osodreamer-sri-xml-signer\\src\\sign-xml\\infrastructure\\certificate\\factories\\index.ts": {"path":"C:\\Users\\usuario\\Documents\\library\\npm\\osodreamer-sri-xml-signer\\src\\sign-xml\\infrastructure\\certificate\\factories\\index.ts","statementMap":{"0":{"start":{"line":1,"column":0},"end":{"line":1,"column":40}}},"fnMap":{},"branchMap":{},"s":{"0":3},"f":{},"b":{}}
,"C:\\Users\\usuario\\Documents\\library\\npm\\osodreamer-sri-xml-signer\\src\\sign-xml\\infrastructure\\certificate\\factories\\sign-strategy.factory.ts": {"path":"C:\\Users\\usuario\\Documents\\library\\npm\\osodreamer-sri-xml-signer\\src\\sign-xml\\infrastructure\\certificate\\factories\\sign-strategy.factory.ts","statementMap":{"0":{"start":{"line":1,"column":0},"end":{"line":1,"column":56}},"1":{"start":{"line":3,"column":0},"end":{"line":3,"column":null}},"2":{"start":{"line":10,"column":19},"end":{"line":14,"column":4}},"3":{"start":{"line":17,"column":21},"end":{"line":17,"column":74}},"4":{"start":{"line":17,"column":49},"end":{"line":17,"column":73}},"5":{"start":{"line":18,"column":4},"end":{"line":20,"column":5}},"6":{"start":{"line":19,"column":6},"end":{"line":19,"column":55}},"7":{"start":{"line":21,"column":4},"end":{"line":21,"column":20}},"8":{"start":{"line":9,"column":0},"end":{"line":9,"column":13}}},"fnMap":{"0":{"name":"(anonymous_0)","decl":{"start":{"line":9,"column":0},"end":{"line":9,"column":13}},"loc":{"start":{"line":9,"column":0},"end":{"line":23,"column":1}}},"1":{"name":"(anonymous_1)","decl":{"start":{"line":16,"column":2},"end":{"line":16,"column":13}},"loc":{"start":{"line":16,"column":34},"end":{"line":22,"column":3}}},"2":{"name":"(anonymous_2)","decl":{"start":{"line":17,"column":42},"end":{"line":17,"column":43}},"loc":{"start":{"line":17,"column":49},"end":{"line":17,"column":73}}}},"branchMap":{"0":{"loc":{"start":{"line":18,"column":4},"end":{"line":20,"column":5}},"type":"if","locations":[{"start":{"line":18,"column":4},"end":{"line":20,"column":5}},{"start":{},"end":{}}]}},"s":{"0":3,"1":3,"2":9,"3":3,"4":9,"5":3,"6":2,"7":1,"8":3},"f":{"0":9,"1":3,"2":9},"b":{"0":[2,1]}}
,"C:\\Users\\usuario\\Documents\\library\\npm\\osodreamer-sri-xml-signer\\src\\sign-xml\\infrastructure\\certificate\\strategies\\banco-central.strategy.ts": {"path":"C:\\Users\\usuario\\Documents\\library\\npm\\osodreamer-sri-xml-signer\\src\\sign-xml\\infrastructure\\certificate\\strategies\\banco-central.strategy.ts","statementMap":{"0":{"start":{"line":1,"column":0},"end":{"line":1,"column":36}},"1":{"start":{"line":3,"column":0},"end":{"line":3,"column":null}},"2":{"start":{"line":10,"column":4},"end":{"line":10,"column":47}},"3":{"start":{"line":16,"column":17},"end":{"line":17,"column":null}},"4":{"start":{"line":17,"column":6},"end":{"line":17,"column":null}},"5":{"start":{"line":20,"column":4},"end":{"line":20,"column":66}},"6":{"start":{"line":20,"column":15},"end":{"line":20,"column":66}},"7":{"start":{"line":22,"column":4},"end":{"line":28,"column":5}},"8":{"start":{"line":23,"column":6},"end":{"line":23,"column":22}},"9":{"start":{"line":24,"column":11},"end":{"line":28,"column":5}},"10":{"start":{"line":25,"column":6},"end":{"line":25,"column":53}},"11":{"start":{"line":27,"column":6},"end":{"line":27,"column":44}},"12":{"start":{"line":32,"column":17},"end":{"line":32,"column":57}},"13":{"start":{"line":33,"column":4},"end":{"line":36,"column":17}},"14":{"start":{"line":35,"column":21},"end":{"line":35,"column":54}},"15":{"start":{"line":8,"column":0},"end":{"line":8,"column":13}}},"fnMap":{"0":{"name":"(anonymous_9)","decl":{"start":{"line":9,"column":2},"end":{"line":9,"column":10}},"loc":{"start":{"line":9,"column":31},"end":{"line":11,"column":3}}},"1":{"name":"(anonymous_10)","decl":{"start":{"line":13,"column":2},"end":{"line":13,"column":15}},"loc":{"start":{"line":14,"column":28},"end":{"line":29,"column":3}}},"2":{"name":"(anonymous_11)","decl":{"start":{"line":16,"column":27},"end":{"line":16,"column":28}},"loc":{"start":{"line":16,"column":35},"end":{"line":17,"column":null}}},"3":{"name":"(anonymous_12)","decl":{"start":{"line":31,"column":2},"end":{"line":31,"column":20}},"loc":{"start":{"line":31,"column":49},"end":{"line":37,"column":3}}},"4":{"name":"(anonymous_13)","decl":{"start":{"line":35,"column":11},"end":{"line":35,"column":12}},"loc":{"start":{"line":35,"column":21},"end":{"line":35,"column":54}}}},"branchMap":{"0":{"loc":{"start":{"line":17,"column":26},"end":{"line":17,"column":59}},"type":"cond-expr","locations":[{"start":{"line":17,"column":54},"end":{"line":17,"column":57}},{"start":{"line":17,"column":54},"end":{"line":17,"column":59}}]},"1":{"loc":{"start":{"line":17,"column":26},"end":{"line":17,"column":57}},"type":"binary-expr","locations":[{"start":{"line":17,"column":26},"end":{"line":17,"column":57}},{"start":{"line":17,"column":54},"end":{"line":17,"column":57}}]},"2":{"loc":{"start":{"line":17,"column":26},"end":{"line":17,"column":54}},"type":"cond-expr","locations":[{"start":{"line":17,"column":40},"end":{"line":17,"column":42}},{"start":{"line":17,"column":40},"end":{"line":17,"column":54}}]},"3":{"loc":{"start":{"line":17,"column":26},"end":{"line":17,"column":42}},"type":"binary-expr","locations":[{"start":{"line":17,"column":26},"end":{"line":17,"column":42}},{"start":{"line":17,"column":40},"end":{"line":17,"column":42}}]},"4":{"loc":{"start":{"line":20,"column":4},"end":{"line":20,"column":66}},"type":"if","locations":[{"start":{"line":20,"column":4},"end":{"line":20,"column":66}},{"start":{},"end":{}}]},"5":{"loc":{"start":{"line":22,"column":4},"end":{"line":28,"column":5}},"type":"if","locations":[{"start":{"line":22,"column":4},"end":{"line":28,"column":5}},{"start":{"line":24,"column":11},"end":{"line":28,"column":5}}]},"6":{"loc":{"start":{"line":22,"column":8},"end":{"line":22,"column":17}},"type":"cond-expr","locations":[{"start":{"line":22,"column":12},"end":{"line":22,"column":14}},{"start":{"line":22,"column":8},"end":{"line":22,"column":17}}]},"7":{"loc":{"start":{"line":22,"column":8},"end":{"line":22,"column":14}},"type":"binary-expr","locations":[{"start":{"line":22,"column":8},"end":{"line":22,"column":14}},{"start":{"line":22,"column":8},"end":{"line":22,"column":14}}]},"8":{"loc":{"start":{"line":24,"column":11},"end":{"line":28,"column":5}},"type":"if","locations":[{"start":{"line":24,"column":11},"end":{"line":28,"column":5}},{"start":{"line":26,"column":11},"end":{"line":28,"column":5}}]},"9":{"loc":{"start":{"line":24,"column":15},"end":{"line":24,"column":25}},"type":"cond-expr","locations":[{"start":{"line":24,"column":19},"end":{"line":24,"column":21}},{"start":{"line":24,"column":15},"end":{"line":24,"column":25}}]},"10":{"loc":{"start":{"line":24,"column":15},"end":{"line":24,"column":21}},"type":"binary-expr","locations":[{"start":{"line":24,"column":15},"end":{"line":24,"column":21}},{"start":{"line":24,"column":15},"end":{"line":24,"column":21}}]}},"s":{"0":6,"1":6,"2":3,"3":4,"4":4,"5":4,"6":1,"7":3,"8":1,"9":2,"10":1,"11":1,"12":1,"13":1,"14":3,"15":6},"f":{"0":3,"1":4,"2":4,"3":1,"4":3},"b":{"0":[0,4],"1":[4,4],"2":[0,4],"3":[4,4],"4":[1,3],"5":[1,2],"6":[0,3],"7":[3,3],"8":[1,1],"9":[0,2],"10":[2,2]}}
,"C:\\Users\\usuario\\Documents\\library\\npm\\osodreamer-sri-xml-signer\\src\\sign-xml\\infrastructure\\certificate\\strategies\\index.ts": {"path":"C:\\Users\\usuario\\Documents\\library\\npm\\osodreamer-sri-xml-signer\\src\\sign-xml\\infrastructure\\certificate\\strategies\\index.ts","statementMap":{"0":{"start":{"line":1,"column":0},"end":{"line":1,"column":41}},"1":{"start":{"line":2,"column":0},"end":{"line":2,"column":41}},"2":{"start":{"line":3,"column":0},"end":{"line":3,"column":36}}},"fnMap":{},"branchMap":{},"s":{"0":6,"1":6,"2":6},"f":{},"b":{}}
,"C:\\Users\\usuario\\Documents\\library\\npm\\osodreamer-sri-xml-signer\\src\\sign-xml\\infrastructure\\certificate\\strategies\\security-data.strategy.ts": {"path":"C:\\Users\\usuario\\Documents\\library\\npm\\osodreamer-sri-xml-signer\\src\\sign-xml\\infrastructure\\certificate\\strategies\\security-data.strategy.ts","statementMap":{"0":{"start":{"line":1,"column":0},"end":{"line":1,"column":36}},"1":{"start":{"line":3,"column":0},"end":{"line":3,"column":null}},"2":{"start":{"line":10,"column":4},"end":{"line":10,"column":47}},"3":{"start":{"line":16,"column":17},"end":{"line":16,"column":24}},"4":{"start":{"line":17,"column":4},"end":{"line":17,"column":67}},"5":{"start":{"line":17,"column":15},"end":{"line":17,"column":67}},"6":{"start":{"line":18,"column":4},"end":{"line":24,"column":5}},"7":{"start":{"line":19,"column":6},"end":{"line":19,"column":22}},"8":{"start":{"line":20,"column":11},"end":{"line":24,"column":5}},"9":{"start":{"line":21,"column":6},"end":{"line":21,"column":53}},"10":{"start":{"line":23,"column":6},"end":{"line":23,"column":44}},"11":{"start":{"line":28,"column":17},"end":{"line":28,"column":57}},"12":{"start":{"line":29,"column":4},"end":{"line":32,"column":17}},"13":{"start":{"line":31,"column":21},"end":{"line":31,"column":54}},"14":{"start":{"line":8,"column":0},"end":{"line":8,"column":13}}},"fnMap":{"0":{"name":"(anonymous_9)","decl":{"start":{"line":9,"column":2},"end":{"line":9,"column":10}},"loc":{"start":{"line":9,"column":31},"end":{"line":11,"column":3}}},"1":{"name":"(anonymous_10)","decl":{"start":{"line":13,"column":2},"end":{"line":13,"column":15}},"loc":{"start":{"line":14,"column":28},"end":{"line":25,"column":3}}},"2":{"name":"(anonymous_11)","decl":{"start":{"line":27,"column":2},"end":{"line":27,"column":20}},"loc":{"start":{"line":27,"column":49},"end":{"line":33,"column":3}}},"3":{"name":"(anonymous_12)","decl":{"start":{"line":31,"column":11},"end":{"line":31,"column":12}},"loc":{"start":{"line":31,"column":21},"end":{"line":31,"column":54}}}},"branchMap":{"0":{"loc":{"start":{"line":17,"column":4},"end":{"line":17,"column":67}},"type":"if","locations":[{"start":{"line":17,"column":4},"end":{"line":17,"column":67}},{"start":{},"end":{}}]},"1":{"loc":{"start":{"line":18,"column":4},"end":{"line":24,"column":5}},"type":"if","locations":[{"start":{"line":18,"column":4},"end":{"line":24,"column":5}},{"start":{"line":20,"column":11},"end":{"line":24,"column":5}}]},"2":{"loc":{"start":{"line":18,"column":8},"end":{"line":18,"column":17}},"type":"cond-expr","locations":[{"start":{"line":18,"column":12},"end":{"line":18,"column":14}},{"start":{"line":18,"column":8},"end":{"line":18,"column":17}}]},"3":{"loc":{"start":{"line":18,"column":8},"end":{"line":18,"column":14}},"type":"binary-expr","locations":[{"start":{"line":18,"column":8},"end":{"line":18,"column":14}},{"start":{"line":18,"column":8},"end":{"line":18,"column":14}}]},"4":{"loc":{"start":{"line":20,"column":11},"end":{"line":24,"column":5}},"type":"if","locations":[{"start":{"line":20,"column":11},"end":{"line":24,"column":5}},{"start":{"line":22,"column":11},"end":{"line":24,"column":5}}]},"5":{"loc":{"start":{"line":20,"column":15},"end":{"line":20,"column":25}},"type":"cond-expr","locations":[{"start":{"line":20,"column":19},"end":{"line":20,"column":21}},{"start":{"line":20,"column":15},"end":{"line":20,"column":25}}]},"6":{"loc":{"start":{"line":20,"column":15},"end":{"line":20,"column":21}},"type":"binary-expr","locations":[{"start":{"line":20,"column":15},"end":{"line":20,"column":21}},{"start":{"line":20,"column":15},"end":{"line":20,"column":21}}]}},"s":{"0":6,"1":6,"2":3,"3":4,"4":4,"5":1,"6":3,"7":1,"8":2,"9":1,"10":1,"11":1,"12":1,"13":3,"14":6},"f":{"0":3,"1":4,"2":1,"3":3},"b":{"0":[1,3],"1":[1,2],"2":[0,3],"3":[3,3],"4":[1,1],"5":[0,2],"6":[2,2]}}
,"C:\\Users\\usuario\\Documents\\library\\npm\\osodreamer-sri-xml-signer\\src\\sign-xml\\infrastructure\\certificate\\strategies\\uanataca.strategy.ts": {"path":"C:\\Users\\usuario\\Documents\\library\\npm\\osodreamer-sri-xml-signer\\src\\sign-xml\\infrastructure\\certificate\\strategies\\uanataca.strategy.ts","statementMap":{"0":{"start":{"line":1,"column":0},"end":{"line":1,"column":36}},"1":{"start":{"line":3,"column":0},"end":{"line":3,"column":null}},"2":{"start":{"line":11,"column":4},"end":{"line":11,"column":42}},"3":{"start":{"line":17,"column":17},"end":{"line":17,"column":24}},"4":{"start":{"line":18,"column":4},"end":{"line":18,"column":61}},"5":{"start":{"line":18,"column":15},"end":{"line":18,"column":61}},"6":{"start":{"line":19,"column":4},"end":{"line":25,"column":5}},"7":{"start":{"line":20,"column":6},"end":{"line":20,"column":22}},"8":{"start":{"line":21,"column":11},"end":{"line":25,"column":5}},"9":{"start":{"line":22,"column":6},"end":{"line":22,"column":53}},"10":{"start":{"line":24,"column":6},"end":{"line":24,"column":44}},"11":{"start":{"line":29,"column":22},"end":{"line":29,"column":54}},"12":{"start":{"line":30,"column":4},"end":{"line":32,"column":5}},"13":{"start":{"line":31,"column":6},"end":{"line":31,"column":51}},"14":{"start":{"line":33,"column":17},"end":{"line":33,"column":34}},"15":{"start":{"line":35,"column":4},"end":{"line":35,"column":40}},"16":{"start":{"line":39,"column":23},"end":{"line":49,"column":16}},"17":{"start":{"line":41,"column":24},"end":{"line":41,"column":51}},"18":{"start":{"line":43,"column":8},"end":{"line":47,"column":9}},"19":{"start":{"line":44,"column":10},"end":{"line":44,"column":51}},"20":{"start":{"line":46,"column":10},"end":{"line":46,"column":66}},"21":{"start":{"line":51,"column":4},"end":{"line":51,"column":22}},"22":{"start":{"line":54,"column":22},"end":{"line":54,"column":50}},"23":{"start":{"line":55,"column":16},"end":{"line":55,"column":48}},"24":{"start":{"line":56,"column":4},"end":{"line":56,"column":72}},"25":{"start":{"line":9,"column":0},"end":{"line":9,"column":13}}},"fnMap":{"0":{"name":"(anonymous_9)","decl":{"start":{"line":10,"column":2},"end":{"line":10,"column":10}},"loc":{"start":{"line":10,"column":31},"end":{"line":12,"column":3}}},"1":{"name":"(anonymous_10)","decl":{"start":{"line":14,"column":2},"end":{"line":14,"column":15}},"loc":{"start":{"line":15,"column":28},"end":{"line":26,"column":3}}},"2":{"name":"(anonymous_11)","decl":{"start":{"line":28,"column":2},"end":{"line":28,"column":20}},"loc":{"start":{"line":28,"column":49},"end":{"line":36,"column":3}}},"3":{"name":"(anonymous_12)","decl":{"start":{"line":38,"column":10},"end":{"line":38,"column":27}},"loc":{"start":{"line":38,"column":55},"end":{"line":52,"column":3}}},"4":{"name":"(anonymous_13)","decl":{"start":{"line":41,"column":14},"end":{"line":41,"column":15}},"loc":{"start":{"line":41,"column":24},"end":{"line":41,"column":51}}},"5":{"name":"(anonymous_14)","decl":{"start":{"line":42,"column":11},"end":{"line":42,"column":12}},"loc":{"start":{"line":42,"column":20},"end":{"line":48,"column":7}}},"6":{"name":"(anonymous_15)","decl":{"start":{"line":53,"column":10},"end":{"line":53,"column":23}},"loc":{"start":{"line":53,"column":37},"end":{"line":57,"column":3}}}},"branchMap":{"0":{"loc":{"start":{"line":18,"column":4},"end":{"line":18,"column":61}},"type":"if","locations":[{"start":{"line":18,"column":4},"end":{"line":18,"column":61}},{"start":{},"end":{}}]},"1":{"loc":{"start":{"line":19,"column":4},"end":{"line":25,"column":5}},"type":"if","locations":[{"start":{"line":19,"column":4},"end":{"line":25,"column":5}},{"start":{"line":21,"column":11},"end":{"line":25,"column":5}}]},"2":{"loc":{"start":{"line":19,"column":8},"end":{"line":19,"column":17}},"type":"cond-expr","locations":[{"start":{"line":19,"column":12},"end":{"line":19,"column":14}},{"start":{"line":19,"column":8},"end":{"line":19,"column":17}}]},"3":{"loc":{"start":{"line":19,"column":8},"end":{"line":19,"column":14}},"type":"binary-expr","locations":[{"start":{"line":19,"column":8},"end":{"line":19,"column":14}},{"start":{"line":19,"column":8},"end":{"line":19,"column":14}}]},"4":{"loc":{"start":{"line":21,"column":11},"end":{"line":25,"column":5}},"type":"if","locations":[{"start":{"line":21,"column":11},"end":{"line":25,"column":5}},{"start":{"line":23,"column":11},"end":{"line":25,"column":5}}]},"5":{"loc":{"start":{"line":21,"column":15},"end":{"line":21,"column":25}},"type":"cond-expr","locations":[{"start":{"line":21,"column":19},"end":{"line":21,"column":21}},{"start":{"line":21,"column":15},"end":{"line":21,"column":25}}]},"6":{"loc":{"start":{"line":21,"column":15},"end":{"line":21,"column":21}},"type":"binary-expr","locations":[{"start":{"line":21,"column":15},"end":{"line":21,"column":21}},{"start":{"line":21,"column":15},"end":{"line":21,"column":21}}]},"7":{"loc":{"start":{"line":30,"column":4},"end":{"line":32,"column":5}},"type":"if","locations":[{"start":{"line":30,"column":4},"end":{"line":32,"column":5}},{"start":{},"end":{}}]},"8":{"loc":{"start":{"line":30,"column":8},"end":{"line":30,"column":39}},"type":"binary-expr","locations":[{"start":{"line":30,"column":8},"end":{"line":30,"column":18}},{"start":{"line":30,"column":22},"end":{"line":30,"column":39}}]},"9":{"loc":{"start":{"line":41,"column":24},"end":{"line":41,"column":51}},"type":"binary-expr","locations":[{"start":{"line":41,"column":24},"end":{"line":41,"column":38}},{"start":{"line":41,"column":42},"end":{"line":41,"column":51}}]},"10":{"loc":{"start":{"line":43,"column":8},"end":{"line":47,"column":9}},"type":"if","locations":[{"start":{"line":43,"column":8},"end":{"line":47,"column":9}},{"start":{"line":45,"column":15},"end":{"line":47,"column":9}}]}},"s":{"0":6,"1":6,"2":2,"3":4,"4":4,"5":1,"6":3,"7":1,"8":2,"9":1,"10":1,"11":3,"12":3,"13":1,"14":2,"15":2,"16":2,"17":4,"18":4,"19":3,"20":1,"21":2,"22":1,"23":1,"24":1,"25":6},"f":{"0":2,"1":4,"2":3,"3":2,"4":4,"5":4,"6":1},"b":{"0":[1,3],"1":[1,2],"2":[0,3],"3":[3,3],"4":[1,1],"5":[0,2],"6":[2,2],"7":[1,2],"8":[3,3],"9":[4,1],"10":[3,1]}}
,"C:\\Users\\usuario\\Documents\\library\\npm\\osodreamer-sri-xml-signer\\src\\sign-xml\\infrastructure\\clock\\clock.implement.ts": {"path":"C:\\Users\\usuario\\Documents\\library\\npm\\osodreamer-sri-xml-signer\\src\\sign-xml\\infrastructure\\clock\\clock.implement.ts","statementMap":{"0":{"start":{"line":5,"column":17},"end":{"line":5,"column":27}},"1":{"start":{"line":6,"column":24},"end":{"line":6,"column":48}},"2":{"start":{"line":7,"column":26},"end":{"line":7,"column":29}},"3":{"start":{"line":11,"column":6},"end":{"line":13,"column":75}},"4":{"start":{"line":15,"column":14},"end":{"line":15,"column":38}},"5":{"start":{"line":16,"column":15},"end":{"line":16,"column":65}},"6":{"start":{"line":17,"column":14},"end":{"line":17,"column":59}},"7":{"start":{"line":18,"column":14},"end":{"line":18,"column":60}},"8":{"start":{"line":19,"column":15},"end":{"line":19,"column":63}},"9":{"start":{"line":20,"column":14},"end":{"line":20,"column":62}},"10":{"start":{"line":22,"column":4},"end":{"line":22,"column":51}},"11":{"start":{"line":3,"column":0},"end":{"line":3,"column":13}}},"fnMap":{"0":{"name":"(anonymous_0)","decl":{"start":{"line":4,"column":2},"end":{"line":4,"column":8}},"loc":{"start":{"line":4,"column":8},"end":{"line":23,"column":3}}}},"branchMap":{"0":{"loc":{"start":{"line":11,"column":6},"end":{"line":13,"column":75}},"type":"cond-expr","locations":[{"start":{"line":12,"column":10},"end":{"line":12,"column":14}},{"start":{"line":13,"column":10},"end":{"line":13,"column":75}}]}},"s":{"0":2,"1":2,"2":2,"3":2,"4":2,"5":2,"6":2,"7":2,"8":2,"9":2,"10":2,"11":3},"f":{"0":2},"b":{"0":[0,2]}}
,"C:\\Users\\usuario\\Documents\\library\\npm\\osodreamer-sri-xml-signer\\src\\sign-xml\\infrastructure\\composition\\buildSignXmlUseCase.ts": {"path":"C:\\Users\\usuario\\Documents\\library\\npm\\osodreamer-sri-xml-signer\\src\\sign-xml\\infrastructure\\composition\\buildSignXmlUseCase.ts","statementMap":{"0":{"start":{"line":14,"column":0},"end":{"line":14,"column":16}},"1":{"start":{"line":3,"column":0},"end":{"line":3,"column":61}},"2":{"start":{"line":4,"column":0},"end":{"line":4,"column":77}},"3":{"start":{"line":5,"column":0},"end":{"line":5,"column":82}},"4":{"start":{"line":6,"column":0},"end":{"line":6,"column":58}},"5":{"start":{"line":7,"column":0},"end":{"line":7,"column":77}},"6":{"start":{"line":8,"column":0},"end":{"line":8,"column":72}},"7":{"start":{"line":9,"column":0},"end":{"line":9,"column":105}},"8":{"start":{"line":11,"column":0},"end":{"line":11,"column":63}},"9":{"start":{"line":18,"column":16},"end":{"line":18,"column":36}},"10":{"start":{"line":19,"column":24},"end":{"line":19,"column":59}},"11":{"start":{"line":20,"column":17},"end":{"line":20,"column":44}},"12":{"start":{"line":21,"column":22},"end":{"line":21,"column":57}},"13":{"start":{"line":22,"column":17},"end":{"line":22,"column":51}},"14":{"start":{"line":23,"column":19},"end":{"line":23,"column":52}},"15":{"start":{"line":25,"column":23},"end":{"line":30,"column":null}},"16":{"start":{"line":33,"column":2},"end":{"line":33,"column":52}}},"fnMap":{"0":{"name":"buildSignXmlUseCase","decl":{"start":{"line":14,"column":16},"end":{"line":14,"column":35}},"loc":{"start":{"line":16,"column":24},"end":{"line":34,"column":1}}}},"branchMap":{},"s":{"0":2,"1":2,"2":2,"3":2,"4":2,"5":2,"6":2,"7":2,"8":2,"9":1,"10":1,"11":1,"12":1,"13":1,"14":1,"15":1,"16":1},"f":{"0":1},"b":{}}
,"C:\\Users\\usuario\\Documents\\library\\npm\\osodreamer-sri-xml-signer\\src\\sign-xml\\infrastructure\\errors\\index.ts": {"path":"C:\\Users\\usuario\\Documents\\library\\npm\\osodreamer-sri-xml-signer\\src\\sign-xml\\infrastructure\\errors\\index.ts","statementMap":{"0":{"start":{"line":1,"column":0},"end":{"line":1,"column":39}}},"fnMap":{},"branchMap":{},"s":{"0":13},"f":{},"b":{}}
,"C:\\Users\\usuario\\Documents\\library\\npm\\osodreamer-sri-xml-signer\\src\\sign-xml\\infrastructure\\errors\\infrastructure.error.ts": {"path":"C:\\Users\\usuario\\Documents\\library\\npm\\osodreamer-sri-xml-signer\\src\\sign-xml\\infrastructure\\errors\\infrastructure.error.ts","statementMap":{"0":{"start":{"line":3,"column":4},"end":{"line":3,"column":19}},"1":{"start":{"line":4,"column":4},"end":{"line":4,"column":38}},"2":{"start":{"line":1,"column":0},"end":{"line":1,"column":13}},"3":{"start":{"line":10,"column":4},"end":{"line":10,"column":71}},"4":{"start":{"line":11,"column":4},"end":{"line":11,"column":43}},"5":{"start":{"line":8,"column":0},"end":{"line":8,"column":13}},"6":{"start":{"line":17,"column":4},"end":{"line":17,"column":19}},"7":{"start":{"line":18,"column":4},"end":{"line":18,"column":36}},"8":{"start":{"line":15,"column":0},"end":{"line":15,"column":13}},"9":{"start":{"line":24,"column":4},"end":{"line":26,"column":6}},"10":{"start":{"line":27,"column":4},"end":{"line":27,"column":42}},"11":{"start":{"line":22,"column":0},"end":{"line":22,"column":13}},"12":{"start":{"line":32,"column":4},"end":{"line":32,"column":71}},"13":{"start":{"line":33,"column":4},"end":{"line":33,"column":44}},"14":{"start":{"line":30,"column":0},"end":{"line":30,"column":13}},"15":{"start":{"line":38,"column":4},"end":{"line":38,"column":58}},"16":{"start":{"line":39,"column":4},"end":{"line":39,"column":51}},"17":{"start":{"line":36,"column":0},"end":{"line":36,"column":13}},"18":{"start":{"line":45,"column":4},"end":{"line":45,"column":63}},"19":{"start":{"line":46,"column":4},"end":{"line":46,"column":43}},"20":{"start":{"line":47,"column":4},"end":{"line":47,"column":54}},"21":{"start":{"line":43,"column":0},"end":{"line":43,"column":13}},"22":{"start":{"line":53,"column":4},"end":{"line":53,"column":73}},"23":{"start":{"line":54,"column":4},"end":{"line":54,"column":42}},"24":{"start":{"line":55,"column":4},"end":{"line":55,"column":54}},"25":{"start":{"line":51,"column":0},"end":{"line":51,"column":13}},"26":{"start":{"line":62,"column":4},"end":{"line":62,"column":19}},"27":{"start":{"line":63,"column":4},"end":{"line":63,"column":43}},"28":{"start":{"line":64,"column":4},"end":{"line":64,"column":54}},"29":{"start":{"line":60,"column":0},"end":{"line":60,"column":13}}},"fnMap":{"0":{"name":"(anonymous_0)","decl":{"start":{"line":2,"column":2},"end":{"line":2,"column":14}},"loc":{"start":{"line":2,"column":29},"end":{"line":5,"column":3}}},"1":{"name":"(anonymous_1)","decl":{"start":{"line":9,"column":2},"end":{"line":9,"column":14}},"loc":{"start":{"line":9,"column":34},"end":{"line":12,"column":3}}},"2":{"name":"(anonymous_2)","decl":{"start":{"line":16,"column":2},"end":{"line":16,"column":14}},"loc":{"start":{"line":16,"column":29},"end":{"line":19,"column":3}}},"3":{"name":"(anonymous_3)","decl":{"start":{"line":23,"column":2},"end":{"line":23,"column":14}},"loc":{"start":{"line":23,"column":34},"end":{"line":28,"column":3}}},"4":{"name":"(anonymous_4)","decl":{"start":{"line":31,"column":2},"end":{"line":31,"column":14}},"loc":{"start":{"line":31,"column":41},"end":{"line":34,"column":3}}},"5":{"name":"(anonymous_5)","decl":{"start":{"line":37,"column":2},"end":{"line":37,"column":null}},"loc":{"start":{"line":37,"column":2},"end":{"line":40,"column":3}}},"6":{"name":"(anonymous_6)","decl":{"start":{"line":44,"column":2},"end":{"line":44,"column":null}},"loc":{"start":{"line":44,"column":2},"end":{"line":48,"column":3}}},"7":{"name":"(anonymous_7)","decl":{"start":{"line":52,"column":2},"end":{"line":52,"column":null}},"loc":{"start":{"line":52,"column":2},"end":{"line":56,"column":3}}},"8":{"name":"(anonymous_8)","decl":{"start":{"line":61,"column":2},"end":{"line":61,"column":14}},"loc":{"start":{"line":61,"column":71},"end":{"line":65,"column":3}}}},"branchMap":{"0":{"loc":{"start":{"line":31,"column":14},"end":{"line":31,"column":41}},"type":"default-arg","locations":[{"start":{"line":31,"column":28},"end":{"line":31,"column":41}}]},"1":{"loc":{"start":{"line":61,"column":14},"end":{"line":61,"column":71}},"type":"default-arg","locations":[{"start":{"line":61,"column":24},"end":{"line":61,"column":71}}]}},"s":{"0":15,"1":15,"2":13,"3":3,"4":3,"5":13,"6":11,"7":11,"8":13,"9":4,"10":4,"11":13,"12":4,"13":4,"14":13,"15":2,"16":2,"17":13,"18":2,"19":2,"20":2,"21":13,"22":2,"23":2,"24":2,"25":13,"26":2,"27":2,"28":2,"29":13},"f":{"0":15,"1":3,"2":11,"3":4,"4":4,"5":2,"6":2,"7":2,"8":2},"b":{"0":[3],"1":[1]}}
,"C:\\Users\\usuario\\Documents\\library\\npm\\osodreamer-sri-xml-signer\\src\\sign-xml\\infrastructure\\handlers\\error.handle.ts": {"path":"C:\\Users\\usuario\\Documents\\library\\npm\\osodreamer-sri-xml-signer\\src\\sign-xml\\infrastructure\\handlers\\error.handle.ts","statementMap":{"0":{"start":{"line":1,"column":0},"end":{"line":1,"column":null}},"1":{"start":{"line":16,"column":4},"end":{"line":22,"column":5}},"2":{"start":{"line":17,"column":6},"end":{"line":21,"column":8}},"3":{"start":{"line":24,"column":4},"end":{"line":30,"column":5}},"4":{"start":{"line":25,"column":6},"end":{"line":29,"column":8}},"5":{"start":{"line":32,"column":4},"end":{"line":38,"column":5}},"6":{"start":{"line":33,"column":6},"end":{"line":37,"column":8}},"7":{"start":{"line":40,"column":4},"end":{"line":46,"column":5}},"8":{"start":{"line":41,"column":6},"end":{"line":45,"column":8}},"9":{"start":{"line":48,"column":4},"end":{"line":54,"column":5}},"10":{"start":{"line":49,"column":6},"end":{"line":53,"column":8}},"11":{"start":{"line":55,"column":4},"end":{"line":61,"column":5}},"12":{"start":{"line":56,"column":6},"end":{"line":60,"column":8}},"13":{"start":{"line":62,"column":4},"end":{"line":68,"column":5}},"14":{"start":{"line":63,"column":6},"end":{"line":67,"column":8}},"15":{"start":{"line":69,"column":4},"end":{"line":75,"column":5}},"16":{"start":{"line":70,"column":6},"end":{"line":74,"column":8}},"17":{"start":{"line":77,"column":4},"end":{"line":83,"column":5}},"18":{"start":{"line":78,"column":6},"end":{"line":82,"column":8}},"19":{"start":{"line":85,"column":4},"end":{"line":91,"column":5}},"20":{"start":{"line":86,"column":6},"end":{"line":90,"column":8}},"21":{"start":{"line":93,"column":4},"end":{"line":97,"column":6}},"22":{"start":{"line":14,"column":0},"end":{"line":14,"column":13}}},"fnMap":{"0":{"name":"(anonymous_0)","decl":{"start":{"line":15,"column":2},"end":{"line":15,"column":8}},"loc":{"start":{"line":15,"column":30},"end":{"line":98,"column":3}}}},"branchMap":{"0":{"loc":{"start":{"line":16,"column":4},"end":{"line":22,"column":5}},"type":"if","locations":[{"start":{"line":16,"column":4},"end":{"line":22,"column":5}},{"start":{},"end":{}}]},"1":{"loc":{"start":{"line":24,"column":4},"end":{"line":30,"column":5}},"type":"if","locations":[{"start":{"line":24,"column":4},"end":{"line":30,"column":5}},{"start":{},"end":{}}]},"2":{"loc":{"start":{"line":32,"column":4},"end":{"line":38,"column":5}},"type":"if","locations":[{"start":{"line":32,"column":4},"end":{"line":38,"column":5}},{"start":{},"end":{}}]},"3":{"loc":{"start":{"line":40,"column":4},"end":{"line":46,"column":5}},"type":"if","locations":[{"start":{"line":40,"column":4},"end":{"line":46,"column":5}},{"start":{},"end":{}}]},"4":{"loc":{"start":{"line":48,"column":4},"end":{"line":54,"column":5}},"type":"if","locations":[{"start":{"line":48,"column":4},"end":{"line":54,"column":5}},{"start":{},"end":{}}]},"5":{"loc":{"start":{"line":55,"column":4},"end":{"line":61,"column":5}},"type":"if","locations":[{"start":{"line":55,"column":4},"end":{"line":61,"column":5}},{"start":{},"end":{}}]},"6":{"loc":{"start":{"line":62,"column":4},"end":{"line":68,"column":5}},"type":"if","locations":[{"start":{"line":62,"column":4},"end":{"line":68,"column":5}},{"start":{},"end":{}}]},"7":{"loc":{"start":{"line":69,"column":4},"end":{"line":75,"column":5}},"type":"if","locations":[{"start":{"line":69,"column":4},"end":{"line":75,"column":5}},{"start":{},"end":{}}]},"8":{"loc":{"start":{"line":77,"column":4},"end":{"line":83,"column":5}},"type":"if","locations":[{"start":{"line":77,"column":4},"end":{"line":83,"column":5}},{"start":{},"end":{}}]},"9":{"loc":{"start":{"line":85,"column":4},"end":{"line":91,"column":5}},"type":"if","locations":[{"start":{"line":85,"column":4},"end":{"line":91,"column":5}},{"start":{},"end":{}}]}},"s":{"0":2,"1":11,"2":1,"3":10,"4":1,"5":9,"6":1,"7":8,"8":1,"9":7,"10":1,"11":6,"12":1,"13":5,"14":1,"15":4,"16":1,"17":3,"18":1,"19":2,"20":1,"21":1,"22":2},"f":{"0":11},"b":{"0":[1,10],"1":[1,9],"2":[1,8],"3":[1,7],"4":[1,6],"5":[1,5],"6":[1,4],"7":[1,3],"8":[1,2],"9":[1,1]}}
,"C:\\Users\\usuario\\Documents\\library\\npm\\osodreamer-sri-xml-signer\\src\\sign-xml\\infrastructure\\handlers\\index.ts": {"path":"C:\\Users\\usuario\\Documents\\library\\npm\\osodreamer-sri-xml-signer\\src\\sign-xml\\infrastructure\\handlers\\index.ts","statementMap":{"0":{"start":{"line":1,"column":0},"end":{"line":1,"column":31}}},"fnMap":{},"branchMap":{},"s":{"0":2},"f":{},"b":{}}
,"C:\\Users\\usuario\\Documents\\library\\npm\\osodreamer-sri-xml-signer\\src\\sign-xml\\infrastructure\\hash\\hash-provider.implement.ts": {"path":"C:\\Users\\usuario\\Documents\\library\\npm\\osodreamer-sri-xml-signer\\src\\sign-xml\\infrastructure\\hash\\hash-provider.implement.ts","statementMap":{"0":{"start":{"line":2,"column":0},"end":{"line":2,"column":36}},"1":{"start":{"line":5,"column":15},"end":{"line":5,"column":37}},"2":{"start":{"line":6,"column":4},"end":{"line":6,"column":21}},"3":{"start":{"line":7,"column":22},"end":{"line":7,"column":41}},"4":{"start":{"line":8,"column":24},"end":{"line":8,"column":56}},"5":{"start":{"line":9,"column":4},"end":{"line":9,"column":44}},"6":{"start":{"line":12,"column":4},"end":{"line":12,"column":47}},"7":{"start":{"line":3,"column":0},"end":{"line":3,"column":13}}},"fnMap":{"0":{"name":"(anonymous_9)","decl":{"start":{"line":4,"column":2},"end":{"line":4,"column":12}},"loc":{"start":{"line":4,"column":26},"end":{"line":10,"column":3}}},"1":{"name":"(anonymous_10)","decl":{"start":{"line":11,"column":2},"end":{"line":11,"column":15}},"loc":{"start":{"line":11,"column":33},"end":{"line":13,"column":3}}}},"branchMap":{},"s":{"0":3,"1":1,"2":1,"3":1,"4":1,"5":1,"6":1,"7":3},"f":{"0":1,"1":1},"b":{}}
,"C:\\Users\\usuario\\Documents\\library\\npm\\osodreamer-sri-xml-signer\\src\\sign-xml\\infrastructure\\signature-generation\\signature-id-generator.implement.ts": {"path":"C:\\Users\\usuario\\Documents\\library\\npm\\osodreamer-sri-xml-signer\\src\\sign-xml\\infrastructure\\signature-generation\\signature-id-generator.implement.ts","statementMap":{"0":{"start":{"line":6,"column":4},"end":{"line":15,"column":6}},"1":{"start":{"line":18,"column":16},"end":{"line":18,"column":34}},"2":{"start":{"line":19,"column":4},"end":{"line":19,"column":32}},"3":{"start":{"line":20,"column":4},"end":{"line":20,"column":52}},"4":{"start":{"line":4,"column":0},"end":{"line":4,"column":13}}},"fnMap":{"0":{"name":"(anonymous_0)","decl":{"start":{"line":5,"column":2},"end":{"line":5,"column":13}},"loc":{"start":{"line":5,"column":13},"end":{"line":16,"column":3}}},"1":{"name":"(anonymous_1)","decl":{"start":{"line":17,"column":2},"end":{"line":17,"column":21}},"loc":{"start":{"line":17,"column":21},"end":{"line":21,"column":3}}}},"branchMap":{},"s":{"0":1,"1":9,"2":9,"3":9,"4":3},"f":{"0":1,"1":9},"b":{}}
,"C:\\Users\\usuario\\Documents\\library\\npm\\osodreamer-sri-xml-signer\\src\\sign-xml\\infrastructure\\validations\\p12.validation.ts": {"path":"C:\\Users\\usuario\\Documents\\library\\npm\\osodreamer-sri-xml-signer\\src\\sign-xml\\infrastructure\\validations\\p12.validation.ts","statementMap":{"0":{"start":{"line":4,"column":0},"end":{"line":4,"column":16}},"1":{"start":{"line":1,"column":0},"end":{"line":1,"column":36}},"2":{"start":{"line":2,"column":0},"end":{"line":2,"column":78}},"3":{"start":{"line":9,"column":20},"end":{"line":11,"column":13}},"4":{"start":{"line":10,"column":16},"end":{"line":10,"column":38}},"5":{"start":{"line":14,"column":2},"end":{"line":18,"column":3}},"6":{"start":{"line":15,"column":4},"end":{"line":15,"column":76}},"7":{"start":{"line":17,"column":4},"end":{"line":17,"column":41}},"8":{"start":{"line":20,"column":2},"end":{"line":24,"column":3}},"9":{"start":{"line":21,"column":4},"end":{"line":21,"column":48}},"10":{"start":{"line":23,"column":4},"end":{"line":23,"column":40}}},"fnMap":{"0":{"name":"assertIsValidP12OrThrow","decl":{"start":{"line":4,"column":16},"end":{"line":4,"column":39}},"loc":{"start":{"line":6,"column":18},"end":{"line":25,"column":1}}},"1":{"name":"(anonymous_10)","decl":{"start":{"line":10,"column":9},"end":{"line":10,"column":10}},"loc":{"start":{"line":10,"column":16},"end":{"line":10,"column":38}}}},"branchMap":{},"s":{"0":2,"1":2,"2":2,"3":3,"4":12,"5":3,"6":3,"7":1,"8":2,"9":2,"10":1},"f":{"0":3,"1":12},"b":{}}
,"C:\\Users\\usuario\\Documents\\library\\npm\\osodreamer-sri-xml-signer\\src\\sign-xml\\infrastructure\\xml-dom-context\\xml-dom.context.ts": {"path":"C:\\Users\\usuario\\Documents\\library\\npm\\osodreamer-sri-xml-signer\\src\\sign-xml\\infrastructure\\xml-dom-context\\xml-dom.context.ts","statementMap":{"0":{"start":{"line":1,"column":0},"end":{"line":1,"column":43}},"1":{"start":{"line":6,"column":0},"end":{"line":6,"column":53}},"2":{"start":{"line":12,"column":4},"end":{"line":20,"column":5}},"3":{"start":{"line":13,"column":18},"end":{"line":15,"column":47}},"4":{"start":{"line":17,"column":6},"end":{"line":17,"column":21}},"5":{"start":{"line":19,"column":6},"end":{"line":19,"column":43}},"6":{"start":{"line":24,"column":4},"end":{"line":24,"column":20}},"7":{"start":{"line":28,"column":4},"end":{"line":28,"column":36}},"8":{"start":{"line":8,"column":0},"end":{"line":8,"column":13}}},"fnMap":{"0":{"name":"(anonymous_0)","decl":{"start":{"line":11,"column":2},"end":{"line":11,"column":14}},"loc":{"start":{"line":11,"column":31},"end":{"line":21,"column":3}}},"1":{"name":"(anonymous_1)","decl":{"start":{"line":14,"column":22},"end":{"line":14,"column":25}},"loc":{"start":{"line":14,"column":27},"end":{"line":14,"column":30}}},"2":{"name":"(anonymous_2)","decl":{"start":{"line":23,"column":2},"end":{"line":23,"column":13}},"loc":{"start":{"line":23,"column":13},"end":{"line":25,"column":3}}},"3":{"name":"(anonymous_3)","decl":{"start":{"line":27,"column":2},"end":{"line":27,"column":13}},"loc":{"start":{"line":27,"column":13},"end":{"line":29,"column":3}}}},"branchMap":{},"s":{"0":4,"1":4,"2":7,"3":7,"4":6,"5":1,"6":4,"7":2,"8":4},"f":{"0":7,"1":8,"2":4,"3":2},"b":{}}
,"C:\\Users\\usuario\\Documents\\library\\npm\\osodreamer-sri-xml-signer\\src\\utils\\date-utils.ts": {"path":"C:\\Users\\usuario\\Documents\\library\\npm\\osodreamer-sri-xml-signer\\src\\utils\\date-utils.ts","statementMap":{"0":{"start":{"line":4,"column":0},"end":{"line":4,"column":16}},"1":{"start":{"line":14,"column":0},"end":{"line":14,"column":16}},"2":{"start":{"line":25,"column":0},"end":{"line":25,"column":16}},"3":{"start":{"line":5,"column":12},"end":{"line":5,"column":51}},"4":{"start":{"line":6,"column":12},"end":{"line":6,"column":56}},"5":{"start":{"line":7,"column":12},"end":{"line":7,"column":30}},"6":{"start":{"line":8,"column":2},"end":{"line":8,"column":24}},"7":{"start":{"line":15,"column":12},"end":{"line":15,"column":51}},"8":{"start":{"line":16,"column":12},"end":{"line":16,"column":56}},"9":{"start":{"line":17,"column":2},"end":{"line":17,"column":20}},"10":{"start":{"line":26,"column":22},"end":{"line":26,"column":46}},"11":{"start":{"line":27,"column":24},"end":{"line":27,"column":27}},"12":{"start":{"line":31,"column":4},"end":{"line":33,"column":73}},"13":{"start":{"line":35,"column":12},"end":{"line":35,"column":36}},"14":{"start":{"line":36,"column":13},"end":{"line":36,"column":63}},"15":{"start":{"line":37,"column":12},"end":{"line":37,"column":57}},"16":{"start":{"line":38,"column":12},"end":{"line":38,"column":58}},"17":{"start":{"line":39,"column":13},"end":{"line":39,"column":61}},"18":{"start":{"line":40,"column":12},"end":{"line":40,"column":60}},"19":{"start":{"line":42,"column":2},"end":{"line":42,"column":49}}},"fnMap":{"0":{"name":"formatDDMMYYYY","decl":{"start":{"line":4,"column":16},"end":{"line":4,"column":30}},"loc":{"start":{"line":4,"column":41},"end":{"line":9,"column":1}}},"1":{"name":"formatDDMM","decl":{"start":{"line":14,"column":16},"end":{"line":14,"column":26}},"loc":{"start":{"line":14,"column":37},"end":{"line":18,"column":1}}},"2":{"name":"formatDateTimeEcuador","decl":{"start":{"line":25,"column":16},"end":{"line":25,"column":37}},"loc":{"start":{"line":25,"column":61},"end":{"line":43,"column":1}}}},"branchMap":{"0":{"loc":{"start":{"line":25,"column":38},"end":{"line":25,"column":61}},"type":"default-arg","locations":[{"start":{"line":25,"column":51},"end":{"line":25,"column":61}}]},"1":{"loc":{"start":{"line":31,"column":4},"end":{"line":33,"column":73}},"type":"cond-expr","locations":[{"start":{"line":32,"column":8},"end":{"line":32,"column":12}},{"start":{"line":33,"column":8},"end":{"line":33,"column":73}}]}},"s":{"0":4,"1":4,"2":4,"3":1,"4":1,"5":1,"6":1,"7":1,"8":1,"9":1,"10":3,"11":3,"12":3,"13":3,"14":3,"15":3,"16":3,"17":3,"18":3,"19":3},"f":{"0":1,"1":1,"2":3},"b":{"0":[1],"1":[2,1]}}
,"C:\\Users\\usuario\\Documents\\library\\npm\\osodreamer-sri-xml-signer\\src\\utils\\index.ts": {"path":"C:\\Users\\usuario\\Documents\\library\\npm\\osodreamer-sri-xml-signer\\src\\utils\\index.ts","statementMap":{"0":{"start":{"line":1,"column":0},"end":{"line":1,"column":29}},"1":{"start":{"line":2,"column":0},"end":{"line":2,"column":28}},"2":{"start":{"line":3,"column":0},"end":{"line":3,"column":27}}},"fnMap":{},"branchMap":{},"s":{"0":3,"1":3,"2":3},"f":{},"b":{}}
,"C:\\Users\\usuario\\Documents\\library\\npm\\osodreamer-sri-xml-signer\\src\\utils\\utf8.util.ts": {"path":"C:\\Users\\usuario\\Documents\\library\\npm\\osodreamer-sri-xml-signer\\src\\utils\\utf8.util.ts","statementMap":{"0":{"start":{"line":1,"column":0},"end":{"line":1,"column":16}},"1":{"start":{"line":11,"column":0},"end":{"line":11,"column":16}},"2":{"start":{"line":2,"column":2},"end":{"line":2,"column":56}},"3":{"start":{"line":2,"column":19},"end":{"line":2,"column":56}},"4":{"start":{"line":4,"column":18},"end":{"line":4,"column":35}},"5":{"start":{"line":5,"column":16},"end":{"line":5,"column":35}},"6":{"start":{"line":8,"column":2},"end":{"line":8,"column":39}},"7":{"start":{"line":12,"column":2},"end":{"line":12,"column":56}},"8":{"start":{"line":12,"column":19},"end":{"line":12,"column":56}},"9":{"start":{"line":15,"column":16},"end":{"line":15,"column":42}},"10":{"start":{"line":16,"column":2},"end":{"line":18,"column":3}},"11":{"start":{"line":16,"column":15},"end":{"line":16,"column":16}},"12":{"start":{"line":17,"column":4},"end":{"line":17,"column":33}},"13":{"start":{"line":20,"column":18},"end":{"line":20,"column":35}},"14":{"start":{"line":21,"column":2},"end":{"line":21,"column":31}}},"fnMap":{"0":{"name":"utf8Encode","decl":{"start":{"line":1,"column":16},"end":{"line":1,"column":26}},"loc":{"start":{"line":1,"column":38},"end":{"line":9,"column":1}}},"1":{"name":"utf8Decode","decl":{"start":{"line":11,"column":16},"end":{"line":11,"column":26}},"loc":{"start":{"line":11,"column":38},"end":{"line":22,"column":1}}}},"branchMap":{"0":{"loc":{"start":{"line":2,"column":2},"end":{"line":2,"column":56}},"type":"if","locations":[{"start":{"line":2,"column":2},"end":{"line":2,"column":56}},{"start":{},"end":{}}]},"1":{"loc":{"start":{"line":12,"column":2},"end":{"line":12,"column":56}},"type":"if","locations":[{"start":{"line":12,"column":2},"end":{"line":12,"column":56}},{"start":{},"end":{}}]}},"s":{"0":4,"1":4,"2":6,"3":2,"4":4,"5":4,"6":4,"7":4,"8":2,"9":2,"10":2,"11":2,"12":38,"13":2,"14":2},"f":{"0":6,"1":4},"b":{"0":[2,4],"1":[2,2]}}
,"C:\\Users\\usuario\\Documents\\library\\npm\\osodreamer-sri-xml-signer\\src\\utils\\xml.util.ts": {"path":"C:\\Users\\usuario\\Documents\\library\\npm\\osodreamer-sri-xml-signer\\src\\utils\\xml.util.ts","statementMap":{"0":{"start":{"line":10,"column":0},"end":{"line":10,"column":16}},"1":{"start":{"line":19,"column":0},"end":{"line":19,"column":16}},"2":{"start":{"line":31,"column":0},"end":{"line":31,"column":16}},"3":{"start":{"line":1,"column":0},"end":{"line":1,"column":47}},"4":{"start":{"line":11,"column":18},"end":{"line":11,"column":57}},"5":{"start":{"line":12,"column":21},"end":{"line":12,"column":51}},"6":{"start":{"line":14,"column":2},"end":{"line":16,"column":3}},"7":{"start":{"line":15,"column":4},"end":{"line":15,"column":66}},"8":{"start":{"line":20,"column":15},"end":{"line":20,"column":17}},"9":{"start":{"line":21,"column":14},"end":{"line":21,"column":30}},"10":{"start":{"line":22,"column":2},"end":{"line":24,"column":3}},"11":{"start":{"line":22,"column":15},"end":{"line":22,"column":16}},"12":{"start":{"line":23,"column":4},"end":{"line":23,"column":44}},"13":{"start":{"line":25,"column":2},"end":{"line":25,"column":22}},"14":{"start":{"line":32,"column":2},"end":{"line":34,"column":5}},"15":{"start":{"line":33,"column":4},"end":{"line":33,"column":39}}},"fnMap":{"0":{"name":"assertValidXml","decl":{"start":{"line":10,"column":16},"end":{"line":10,"column":30}},"loc":{"start":{"line":10,"column":49},"end":{"line":17,"column":1}}},"1":{"name":"uint8ArrayToBase64","decl":{"start":{"line":19,"column":16},"end":{"line":19,"column":34}},"loc":{"start":{"line":19,"column":52},"end":{"line":26,"column":1}}},"2":{"name":"normalizeSelfClosingTags","decl":{"start":{"line":31,"column":16},"end":{"line":31,"column":40}},"loc":{"start":{"line":31,"column":52},"end":{"line":35,"column":1}}},"3":{"name":"(anonymous_3)","decl":{"start":{"line":32,"column":46},"end":{"line":32,"column":47}},"loc":{"start":{"line":32,"column":69},"end":{"line":34,"column":3}}}},"branchMap":{"0":{"loc":{"start":{"line":14,"column":2},"end":{"line":16,"column":3}},"type":"if","locations":[{"start":{"line":14,"column":2},"end":{"line":16,"column":3}},{"start":{},"end":{}}]}},"s":{"0":4,"1":4,"2":4,"3":4,"4":2,"5":2,"6":2,"7":1,"8":1,"9":1,"10":1,"11":1,"12":5,"13":1,"14":3,"15":3},"f":{"0":2,"1":1,"2":3,"3":3},"b":{"0":[1,1]}}
}
