{"C:\\Users\\usuario\\Documents\\library\\npm\\osodreamer-sri-xml-signer\\src\\generator\\const\\document-types.const.ts": {"path":"C:\\Users\\usuario\\Documents\\library\\npm\\osodreamer-sri-xml-signer\\src\\generator\\const\\document-types.const.ts","statementMap":{"0":{"start":{"line":1,"column":13},"end":{"line":8,"column":2}},"1":{"start":{"line":10,"column":13},"end":{"line":17,"column":2}}},"fnMap":{},"branchMap":{},"s":{"0":2,"1":2},"f":{},"b":{}}
,"C:\\Users\\usuario\\Documents\\library\\npm\\osodreamer-sri-xml-signer\\src\\generator\\const\\index.ts": {"path":"C:\\Users\\usuario\\Documents\\library\\npm\\osodreamer-sri-xml-signer\\src\\generator\\const\\index.ts","statementMap":{"0":{"start":{"line":1,"column":0},"end":{"line":1,"column":39}},"1":{"start":{"line":2,"column":0},"end":{"line":2,"column":42}}},"fnMap":{},"branchMap":{},"s":{"0":2,"1":2},"f":{},"b":{}}
,"C:\\Users\\usuario\\Documents\\library\\npm\\osodreamer-sri-xml-signer\\src\\generator\\const\\iva-percent-label-const.ts": {"path":"C:\\Users\\usuario\\Documents\\library\\npm\\osodreamer-sri-xml-signer\\src\\generator\\const\\iva-percent-label-const.ts","statementMap":{"0":{"start":{"line":1,"column":0},"end":{"line":1,"column":74}},"1":{"start":{"line":3,"column":13},"end":{"line":13,"column":2}}},"fnMap":{},"branchMap":{},"s":{"0":2,"1":2},"f":{},"b":{}}
,"C:\\Users\\usuario\\Documents\\library\\npm\\osodreamer-sri-xml-signer\\src\\generator\\enums\\codigo-pais.enum.ts": {"path":"C:\\Users\\usuario\\Documents\\library\\npm\\osodreamer-sri-xml-signer\\src\\generator\\enums\\codigo-pais.enum.ts","statementMap":{"0":{"start":{"line":1,"column":0},"end":{"line":1,"column":null}},"1":{"start":{"line":2,"column":2},"end":{"line":2,"column":null}},"2":{"start":{"line":3,"column":2},"end":{"line":3,"column":null}},"3":{"start":{"line":4,"column":2},"end":{"line":4,"column":null}},"4":{"start":{"line":5,"column":2},"end":{"line":5,"column":null}},"5":{"start":{"line":6,"column":2},"end":{"line":6,"column":null}},"6":{"start":{"line":7,"column":2},"end":{"line":7,"column":null}},"7":{"start":{"line":8,"column":2},"end":{"line":8,"column":null}},"8":{"start":{"line":9,"column":2},"end":{"line":9,"column":null}},"9":{"start":{"line":10,"column":2},"end":{"line":10,"column":null}},"10":{"start":{"line":11,"column":2},"end":{"line":11,"column":null}},"11":{"start":{"line":12,"column":2},"end":{"line":12,"column":null}},"12":{"start":{"line":13,"column":2},"end":{"line":13,"column":null}},"13":{"start":{"line":14,"column":2},"end":{"line":14,"column":null}},"14":{"start":{"line":15,"column":2},"end":{"line":15,"column":null}},"15":{"start":{"line":16,"column":2},"end":{"line":16,"column":null}},"16":{"start":{"line":17,"column":2},"end":{"line":17,"column":null}},"17":{"start":{"line":18,"column":2},"end":{"line":18,"column":null}},"18":{"start":{"line":19,"column":2},"end":{"line":19,"column":null}},"19":{"start":{"line":20,"column":2},"end":{"line":20,"column":null}},"20":{"start":{"line":21,"column":2},"end":{"line":21,"column":null}},"21":{"start":{"line":22,"column":2},"end":{"line":22,"column":null}},"22":{"start":{"line":23,"column":2},"end":{"line":23,"column":null}},"23":{"start":{"line":24,"column":2},"end":{"line":24,"column":null}},"24":{"start":{"line":25,"column":2},"end":{"line":25,"column":null}},"25":{"start":{"line":26,"column":2},"end":{"line":26,"column":null}},"26":{"start":{"line":27,"column":2},"end":{"line":27,"column":null}},"27":{"start":{"line":28,"column":2},"end":{"line":28,"column":null}},"28":{"start":{"line":29,"column":2},"end":{"line":29,"column":null}},"29":{"start":{"line":30,"column":2},"end":{"line":30,"column":null}},"30":{"start":{"line":31,"column":2},"end":{"line":31,"column":null}},"31":{"start":{"line":32,"column":2},"end":{"line":32,"column":null}},"32":{"start":{"line":33,"column":2},"end":{"line":33,"column":null}},"33":{"start":{"line":34,"column":2},"end":{"line":34,"column":null}},"34":{"start":{"line":35,"column":2},"end":{"line":35,"column":null}},"35":{"start":{"line":36,"column":2},"end":{"line":36,"column":null}},"36":{"start":{"line":37,"column":2},"end":{"line":37,"column":null}},"37":{"start":{"line":38,"column":2},"end":{"line":38,"column":null}},"38":{"start":{"line":39,"column":2},"end":{"line":39,"column":null}},"39":{"start":{"line":40,"column":2},"end":{"line":40,"column":null}},"40":{"start":{"line":41,"column":2},"end":{"line":41,"column":null}},"41":{"start":{"line":42,"column":2},"end":{"line":42,"column":null}},"42":{"start":{"line":43,"column":2},"end":{"line":43,"column":null}},"43":{"start":{"line":44,"column":2},"end":{"line":44,"column":null}},"44":{"start":{"line":45,"column":2},"end":{"line":45,"column":null}},"45":{"start":{"line":46,"column":2},"end":{"line":46,"column":null}},"46":{"start":{"line":47,"column":2},"end":{"line":47,"column":null}},"47":{"start":{"line":48,"column":2},"end":{"line":48,"column":null}},"48":{"start":{"line":49,"column":2},"end":{"line":49,"column":null}},"49":{"start":{"line":50,"column":2},"end":{"line":50,"column":null}},"50":{"start":{"line":51,"column":2},"end":{"line":51,"column":null}},"51":{"start":{"line":52,"column":2},"end":{"line":52,"column":null}},"52":{"start":{"line":53,"column":2},"end":{"line":53,"column":null}},"53":{"start":{"line":54,"column":2},"end":{"line":54,"column":null}},"54":{"start":{"line":55,"column":2},"end":{"line":55,"column":null}},"55":{"start":{"line":56,"column":2},"end":{"line":56,"column":null}},"56":{"start":{"line":57,"column":2},"end":{"line":57,"column":null}},"57":{"start":{"line":58,"column":2},"end":{"line":58,"column":null}},"58":{"start":{"line":59,"column":2},"end":{"line":59,"column":null}},"59":{"start":{"line":60,"column":2},"end":{"line":60,"column":null}},"60":{"start":{"line":61,"column":2},"end":{"line":61,"column":null}},"61":{"start":{"line":62,"column":2},"end":{"line":62,"column":null}},"62":{"start":{"line":63,"column":2},"end":{"line":63,"column":null}},"63":{"start":{"line":64,"column":2},"end":{"line":64,"column":null}},"64":{"start":{"line":65,"column":2},"end":{"line":65,"column":null}},"65":{"start":{"line":66,"column":2},"end":{"line":66,"column":null}},"66":{"start":{"line":67,"column":2},"end":{"line":67,"column":null}},"67":{"start":{"line":68,"column":2},"end":{"line":68,"column":null}},"68":{"start":{"line":69,"column":2},"end":{"line":69,"column":null}},"69":{"start":{"line":70,"column":2},"end":{"line":70,"column":null}},"70":{"start":{"line":71,"column":2},"end":{"line":71,"column":null}},"71":{"start":{"line":72,"column":2},"end":{"line":72,"column":null}},"72":{"start":{"line":73,"column":2},"end":{"line":73,"column":null}},"73":{"start":{"line":74,"column":2},"end":{"line":74,"column":null}},"74":{"start":{"line":75,"column":2},"end":{"line":75,"column":null}},"75":{"start":{"line":76,"column":2},"end":{"line":76,"column":null}},"76":{"start":{"line":77,"column":2},"end":{"line":77,"column":null}},"77":{"start":{"line":78,"column":2},"end":{"line":78,"column":null}},"78":{"start":{"line":79,"column":2},"end":{"line":79,"column":null}},"79":{"start":{"line":80,"column":2},"end":{"line":80,"column":null}},"80":{"start":{"line":81,"column":2},"end":{"line":81,"column":null}},"81":{"start":{"line":82,"column":2},"end":{"line":82,"column":null}},"82":{"start":{"line":83,"column":2},"end":{"line":83,"column":null}},"83":{"start":{"line":84,"column":2},"end":{"line":84,"column":null}},"84":{"start":{"line":85,"column":2},"end":{"line":85,"column":null}},"85":{"start":{"line":86,"column":2},"end":{"line":86,"column":null}},"86":{"start":{"line":87,"column":2},"end":{"line":87,"column":null}},"87":{"start":{"line":88,"column":2},"end":{"line":88,"column":null}},"88":{"start":{"line":89,"column":2},"end":{"line":89,"column":null}},"89":{"start":{"line":90,"column":2},"end":{"line":90,"column":null}},"90":{"start":{"line":91,"column":2},"end":{"line":91,"column":null}},"91":{"start":{"line":92,"column":2},"end":{"line":92,"column":null}},"92":{"start":{"line":93,"column":2},"end":{"line":93,"column":null}},"93":{"start":{"line":94,"column":2},"end":{"line":94,"column":null}},"94":{"start":{"line":95,"column":2},"end":{"line":95,"column":null}},"95":{"start":{"line":96,"column":2},"end":{"line":96,"column":null}},"96":{"start":{"line":97,"column":2},"end":{"line":97,"column":null}},"97":{"start":{"line":98,"column":2},"end":{"line":98,"column":null}},"98":{"start":{"line":99,"column":2},"end":{"line":99,"column":null}},"99":{"start":{"line":100,"column":2},"end":{"line":100,"column":null}},"100":{"start":{"line":101,"column":2},"end":{"line":101,"column":null}},"101":{"start":{"line":102,"column":2},"end":{"line":102,"column":null}},"102":{"start":{"line":103,"column":2},"end":{"line":103,"column":null}},"103":{"start":{"line":104,"column":2},"end":{"line":104,"column":null}},"104":{"start":{"line":105,"column":2},"end":{"line":105,"column":null}},"105":{"start":{"line":106,"column":2},"end":{"line":106,"column":null}},"106":{"start":{"line":107,"column":2},"end":{"line":107,"column":null}},"107":{"start":{"line":108,"column":2},"end":{"line":108,"column":null}},"108":{"start":{"line":109,"column":2},"end":{"line":109,"column":null}},"109":{"start":{"line":110,"column":2},"end":{"line":110,"column":null}},"110":{"start":{"line":111,"column":2},"end":{"line":111,"column":null}},"111":{"start":{"line":112,"column":2},"end":{"line":112,"column":null}},"112":{"start":{"line":113,"column":2},"end":{"line":113,"column":null}},"113":{"start":{"line":114,"column":2},"end":{"line":114,"column":null}},"114":{"start":{"line":115,"column":2},"end":{"line":115,"column":null}},"115":{"start":{"line":116,"column":2},"end":{"line":116,"column":null}},"116":{"start":{"line":117,"column":2},"end":{"line":117,"column":null}},"117":{"start":{"line":118,"column":2},"end":{"line":118,"column":null}},"118":{"start":{"line":119,"column":2},"end":{"line":119,"column":null}},"119":{"start":{"line":120,"column":2},"end":{"line":120,"column":null}},"120":{"start":{"line":121,"column":2},"end":{"line":121,"column":null}},"121":{"start":{"line":122,"column":2},"end":{"line":122,"column":null}},"122":{"start":{"line":123,"column":2},"end":{"line":123,"column":null}},"123":{"start":{"line":124,"column":2},"end":{"line":124,"column":null}},"124":{"start":{"line":125,"column":2},"end":{"line":125,"column":null}},"125":{"start":{"line":126,"column":2},"end":{"line":126,"column":null}},"126":{"start":{"line":127,"column":2},"end":{"line":127,"column":null}},"127":{"start":{"line":128,"column":2},"end":{"line":128,"column":null}},"128":{"start":{"line":129,"column":2},"end":{"line":129,"column":null}},"129":{"start":{"line":130,"column":2},"end":{"line":130,"column":null}},"130":{"start":{"line":131,"column":2},"end":{"line":131,"column":null}}},"fnMap":{"0":{"name":"(anonymous_0)","decl":{"start":{"line":1,"column":0},"end":{"line":1,"column":12}},"loc":{"start":{"line":1,"column":22},"end":{"line":132,"column":1}}}},"branchMap":{"0":{"loc":{"start":{"line":1,"column":12},"end":{"line":1,"column":null}},"type":"binary-expr","locations":[{"start":{"line":1,"column":12},"end":{"line":1,"column":22}},{"start":{"line":1,"column":22},"end":{"line":1,"column":null}}]}},"s":{"0":5,"1":5,"2":5,"3":5,"4":5,"5":5,"6":5,"7":5,"8":5,"9":5,"10":5,"11":5,"12":5,"13":5,"14":5,"15":5,"16":5,"17":5,"18":5,"19":5,"20":5,"21":5,"22":5,"23":5,"24":5,"25":5,"26":5,"27":5,"28":5,"29":5,"30":5,"31":5,"32":5,"33":5,"34":5,"35":5,"36":5,"37":5,"38":5,"39":5,"40":5,"41":5,"42":5,"43":5,"44":5,"45":5,"46":5,"47":5,"48":5,"49":5,"50":5,"51":5,"52":5,"53":5,"54":5,"55":5,"56":5,"57":5,"58":5,"59":5,"60":5,"61":5,"62":5,"63":5,"64":5,"65":5,"66":5,"67":5,"68":5,"69":5,"70":5,"71":5,"72":5,"73":5,"74":5,"75":5,"76":5,"77":5,"78":5,"79":5,"80":5,"81":5,"82":5,"83":5,"84":5,"85":5,"86":5,"87":5,"88":5,"89":5,"90":5,"91":5,"92":5,"93":5,"94":5,"95":5,"96":5,"97":5,"98":5,"99":5,"100":5,"101":5,"102":5,"103":5,"104":5,"105":5,"106":5,"107":5,"108":5,"109":5,"110":5,"111":5,"112":5,"113":5,"114":5,"115":5,"116":5,"117":5,"118":5,"119":5,"120":5,"121":5,"122":5,"123":5,"124":5,"125":5,"126":5,"127":5,"128":5,"129":5,"130":5},"f":{"0":5},"b":{"0":[5,5]}}
,"C:\\Users\\usuario\\Documents\\library\\npm\\osodreamer-sri-xml-signer\\src\\generator\\enums\\codigo-retencion.enum.ts": {"path":"C:\\Users\\usuario\\Documents\\library\\npm\\osodreamer-sri-xml-signer\\src\\generator\\enums\\codigo-retencion.enum.ts","statementMap":{"0":{"start":{"line":4,"column":0},"end":{"line":4,"column":null}},"1":{"start":{"line":10,"column":2},"end":{"line":10,"column":null}},"2":{"start":{"line":16,"column":2},"end":{"line":16,"column":null}},"3":{"start":{"line":22,"column":2},"end":{"line":22,"column":null}},"4":{"start":{"line":28,"column":2},"end":{"line":28,"column":null}},"5":{"start":{"line":35,"column":2},"end":{"line":35,"column":null}},"6":{"start":{"line":41,"column":2},"end":{"line":41,"column":null}}},"fnMap":{"0":{"name":"(anonymous_0)","decl":{"start":{"line":4,"column":0},"end":{"line":4,"column":12}},"loc":{"start":{"line":4,"column":28},"end":{"line":42,"column":1}}}},"branchMap":{"0":{"loc":{"start":{"line":4,"column":12},"end":{"line":4,"column":null}},"type":"binary-expr","locations":[{"start":{"line":4,"column":12},"end":{"line":4,"column":28}},{"start":{"line":4,"column":28},"end":{"line":4,"column":null}}]}},"s":{"0":2,"1":2,"2":2,"3":2,"4":2,"5":2,"6":2},"f":{"0":2},"b":{"0":[2,2]}}
,"C:\\Users\\usuario\\Documents\\library\\npm\\osodreamer-sri-xml-signer\\src\\generator\\enums\\contribuyente-rimpe.enum.ts": {"path":"C:\\Users\\usuario\\Documents\\library\\npm\\osodreamer-sri-xml-signer\\src\\generator\\enums\\contribuyente-rimpe.enum.ts","statementMap":{"0":{"start":{"line":1,"column":0},"end":{"line":1,"column":null}},"1":{"start":{"line":2,"column":2},"end":{"line":2,"column":null}},"2":{"start":{"line":3,"column":2},"end":{"line":3,"column":null}}},"fnMap":{"0":{"name":"(anonymous_0)","decl":{"start":{"line":1,"column":0},"end":{"line":1,"column":12}},"loc":{"start":{"line":1,"column":36},"end":{"line":4,"column":1}}}},"branchMap":{"0":{"loc":{"start":{"line":1,"column":12},"end":{"line":1,"column":null}},"type":"binary-expr","locations":[{"start":{"line":1,"column":12},"end":{"line":1,"column":36}},{"start":{"line":1,"column":36},"end":{"line":1,"column":null}}]}},"s":{"0":5,"1":5,"2":5},"f":{"0":5},"b":{"0":[5,5]}}
,"C:\\Users\\usuario\\Documents\\library\\npm\\osodreamer-sri-xml-signer\\src\\generator\\enums\\env.enum.ts": {"path":"C:\\Users\\usuario\\Documents\\library\\npm\\osodreamer-sri-xml-signer\\src\\generator\\enums\\env.enum.ts","statementMap":{"0":{"start":{"line":1,"column":0},"end":{"line":1,"column":null}},"1":{"start":{"line":2,"column":2},"end":{"line":2,"column":null}},"2":{"start":{"line":3,"column":2},"end":{"line":3,"column":null}}},"fnMap":{"0":{"name":"(anonymous_0)","decl":{"start":{"line":1,"column":0},"end":{"line":1,"column":12}},"loc":{"start":{"line":1,"column":20},"end":{"line":4,"column":1}}}},"branchMap":{"0":{"loc":{"start":{"line":1,"column":12},"end":{"line":1,"column":null}},"type":"binary-expr","locations":[{"start":{"line":1,"column":12},"end":{"line":1,"column":20}},{"start":{"line":1,"column":20},"end":{"line":1,"column":null}}]}},"s":{"0":5,"1":5,"2":5},"f":{"0":5},"b":{"0":[5,5]}}
,"C:\\Users\\usuario\\Documents\\library\\npm\\osodreamer-sri-xml-signer\\src\\generator\\enums\\identification-code.enum.ts": {"path":"C:\\Users\\usuario\\Documents\\library\\npm\\osodreamer-sri-xml-signer\\src\\generator\\enums\\identification-code.enum.ts","statementMap":{"0":{"start":{"line":1,"column":0},"end":{"line":1,"column":null}},"1":{"start":{"line":2,"column":2},"end":{"line":2,"column":null}},"2":{"start":{"line":3,"column":2},"end":{"line":3,"column":null}},"3":{"start":{"line":4,"column":2},"end":{"line":4,"column":null}},"4":{"start":{"line":5,"column":2},"end":{"line":5,"column":null}},"5":{"start":{"line":6,"column":2},"end":{"line":6,"column":null}}},"fnMap":{"0":{"name":"(anonymous_0)","decl":{"start":{"line":1,"column":0},"end":{"line":1,"column":12}},"loc":{"start":{"line":1,"column":36},"end":{"line":7,"column":1}}}},"branchMap":{"0":{"loc":{"start":{"line":1,"column":12},"end":{"line":1,"column":null}},"type":"binary-expr","locations":[{"start":{"line":1,"column":12},"end":{"line":1,"column":36}},{"start":{"line":1,"column":36},"end":{"line":1,"column":null}}]}},"s":{"0":5,"1":5,"2":5,"3":5,"4":5,"5":5},"f":{"0":5},"b":{"0":[5,5]}}
,"C:\\Users\\usuario\\Documents\\library\\npm\\osodreamer-sri-xml-signer\\src\\generator\\enums\\impuesto-retener.enum.ts": {"path":"C:\\Users\\usuario\\Documents\\library\\npm\\osodreamer-sri-xml-signer\\src\\generator\\enums\\impuesto-retener.enum.ts","statementMap":{"0":{"start":{"line":1,"column":0},"end":{"line":1,"column":null}},"1":{"start":{"line":2,"column":2},"end":{"line":2,"column":null}}},"fnMap":{"0":{"name":"(anonymous_0)","decl":{"start":{"line":1,"column":0},"end":{"line":1,"column":12}},"loc":{"start":{"line":1,"column":30},"end":{"line":3,"column":1}}}},"branchMap":{"0":{"loc":{"start":{"line":1,"column":12},"end":{"line":1,"column":null}},"type":"binary-expr","locations":[{"start":{"line":1,"column":12},"end":{"line":1,"column":30}},{"start":{"line":1,"column":30},"end":{"line":1,"column":null}}]}},"s":{"0":2,"1":2},"f":{"0":2},"b":{"0":[2,2]}}
,"C:\\Users\\usuario\\Documents\\library\\npm\\osodreamer-sri-xml-signer\\src\\generator\\enums\\index.ts": {"path":"C:\\Users\\usuario\\Documents\\library\\npm\\osodreamer-sri-xml-signer\\src\\generator\\enums\\index.ts","statementMap":{"0":{"start":{"line":1,"column":0},"end":{"line":1,"column":35}},"1":{"start":{"line":2,"column":0},"end":{"line":2,"column":43}},"2":{"start":{"line":3,"column":0},"end":{"line":3,"column":27}},"3":{"start":{"line":4,"column":0},"end":{"line":4,"column":43}},"4":{"start":{"line":5,"column":0},"end":{"line":5,"column":40}},"5":{"start":{"line":6,"column":0},"end":{"line":6,"column":45}},"6":{"start":{"line":7,"column":0},"end":{"line":7,"column":43}},"7":{"start":{"line":8,"column":0},"end":{"line":8,"column":32}}},"fnMap":{},"branchMap":{},"s":{"0":5,"1":5,"2":5,"3":5,"4":5,"5":5,"6":5,"7":5},"f":{},"b":{}}
,"C:\\Users\\usuario\\Documents\\library\\npm\\osodreamer-sri-xml-signer\\src\\generator\\enums\\iva-percent-code.enum.ts": {"path":"C:\\Users\\usuario\\Documents\\library\\npm\\osodreamer-sri-xml-signer\\src\\generator\\enums\\iva-percent-code.enum.ts","statementMap":{"0":{"start":{"line":1,"column":0},"end":{"line":1,"column":null}},"1":{"start":{"line":2,"column":2},"end":{"line":2,"column":null}},"2":{"start":{"line":3,"column":2},"end":{"line":3,"column":null}},"3":{"start":{"line":4,"column":2},"end":{"line":4,"column":null}},"4":{"start":{"line":5,"column":2},"end":{"line":5,"column":null}},"5":{"start":{"line":6,"column":2},"end":{"line":6,"column":null}},"6":{"start":{"line":7,"column":2},"end":{"line":7,"column":null}},"7":{"start":{"line":8,"column":2},"end":{"line":8,"column":null}},"8":{"start":{"line":9,"column":2},"end":{"line":9,"column":null}},"9":{"start":{"line":10,"column":2},"end":{"line":10,"column":null}}},"fnMap":{"0":{"name":"(anonymous_0)","decl":{"start":{"line":1,"column":0},"end":{"line":1,"column":12}},"loc":{"start":{"line":1,"column":36},"end":{"line":11,"column":1}}}},"branchMap":{"0":{"loc":{"start":{"line":1,"column":12},"end":{"line":1,"column":null}},"type":"binary-expr","locations":[{"start":{"line":1,"column":12},"end":{"line":1,"column":36}},{"start":{"line":1,"column":36},"end":{"line":1,"column":null}}]}},"s":{"0":5,"1":5,"2":5,"3":5,"4":5,"5":5,"6":5,"7":5,"8":5,"9":5},"f":{"0":5},"b":{"0":[5,5]}}
,"C:\\Users\\usuario\\Documents\\library\\npm\\osodreamer-sri-xml-signer\\src\\generator\\enums\\obligado-contabilidad.enum.ts": {"path":"C:\\Users\\usuario\\Documents\\library\\npm\\osodreamer-sri-xml-signer\\src\\generator\\enums\\obligado-contabilidad.enum.ts","statementMap":{"0":{"start":{"line":1,"column":0},"end":{"line":1,"column":null}},"1":{"start":{"line":2,"column":2},"end":{"line":2,"column":null}},"2":{"start":{"line":3,"column":2},"end":{"line":3,"column":null}}},"fnMap":{"0":{"name":"(anonymous_0)","decl":{"start":{"line":1,"column":0},"end":{"line":1,"column":12}},"loc":{"start":{"line":1,"column":38},"end":{"line":4,"column":1}}}},"branchMap":{"0":{"loc":{"start":{"line":1,"column":12},"end":{"line":1,"column":null}},"type":"binary-expr","locations":[{"start":{"line":1,"column":12},"end":{"line":1,"column":38}},{"start":{"line":1,"column":38},"end":{"line":1,"column":null}}]}},"s":{"0":5,"1":5,"2":5},"f":{"0":5},"b":{"0":[5,5]}}
,"C:\\Users\\usuario\\Documents\\library\\npm\\osodreamer-sri-xml-signer\\src\\generator\\enums\\payment-method-code.enu,.ts": {"path":"C:\\Users\\usuario\\Documents\\library\\npm\\osodreamer-sri-xml-signer\\src\\generator\\enums\\payment-method-code.enu,.ts","statementMap":{"0":{"start":{"line":1,"column":0},"end":{"line":1,"column":null}},"1":{"start":{"line":2,"column":2},"end":{"line":2,"column":null}},"2":{"start":{"line":3,"column":2},"end":{"line":3,"column":null}},"3":{"start":{"line":4,"column":2},"end":{"line":4,"column":null}},"4":{"start":{"line":5,"column":2},"end":{"line":5,"column":null}},"5":{"start":{"line":6,"column":2},"end":{"line":6,"column":null}},"6":{"start":{"line":7,"column":2},"end":{"line":7,"column":null}},"7":{"start":{"line":8,"column":2},"end":{"line":8,"column":null}},"8":{"start":{"line":9,"column":2},"end":{"line":9,"column":null}}},"fnMap":{"0":{"name":"(anonymous_0)","decl":{"start":{"line":1,"column":0},"end":{"line":1,"column":12}},"loc":{"start":{"line":1,"column":36},"end":{"line":10,"column":1}}}},"branchMap":{"0":{"loc":{"start":{"line":1,"column":12},"end":{"line":1,"column":null}},"type":"binary-expr","locations":[{"start":{"line":1,"column":12},"end":{"line":1,"column":36}},{"start":{"line":1,"column":36},"end":{"line":1,"column":null}}]}},"s":{"0":5,"1":5,"2":5,"3":5,"4":5,"5":5,"6":5,"7":5,"8":5},"f":{"0":5},"b":{"0":[5,5]}}
,"C:\\Users\\usuario\\Documents\\library\\npm\\osodreamer-sri-xml-signer\\src\\generator\\enums\\tax-code.enum.ts": {"path":"C:\\Users\\usuario\\Documents\\library\\npm\\osodreamer-sri-xml-signer\\src\\generator\\enums\\tax-code.enum.ts","statementMap":{"0":{"start":{"line":1,"column":0},"end":{"line":1,"column":null}},"1":{"start":{"line":2,"column":2},"end":{"line":2,"column":null}},"2":{"start":{"line":3,"column":2},"end":{"line":3,"column":null}},"3":{"start":{"line":4,"column":2},"end":{"line":4,"column":null}}},"fnMap":{"0":{"name":"(anonymous_0)","decl":{"start":{"line":1,"column":0},"end":{"line":1,"column":12}},"loc":{"start":{"line":1,"column":25},"end":{"line":5,"column":1}}}},"branchMap":{"0":{"loc":{"start":{"line":1,"column":12},"end":{"line":1,"column":null}},"type":"binary-expr","locations":[{"start":{"line":1,"column":12},"end":{"line":1,"column":25}},{"start":{"line":1,"column":25},"end":{"line":1,"column":null}}]}},"s":{"0":5,"1":5,"2":5,"3":5},"f":{"0":5},"b":{"0":[5,5]}}
,"C:\\Users\\usuario\\Documents\\library\\npm\\osodreamer-sri-xml-signer\\src\\generator\\exceptions\\index.ts": {"path":"C:\\Users\\usuario\\Documents\\library\\npm\\osodreamer-sri-xml-signer\\src\\generator\\exceptions\\index.ts","statementMap":{"0":{"start":{"line":1,"column":0},"end":{"line":1,"column":39}}},"fnMap":{},"branchMap":{},"s":{"0":1},"f":{},"b":{}}
,"C:\\Users\\usuario\\Documents\\library\\npm\\osodreamer-sri-xml-signer\\src\\generator\\exceptions\\validation.exception.ts": {"path":"C:\\Users\\usuario\\Documents\\library\\npm\\osodreamer-sri-xml-signer\\src\\generator\\exceptions\\validation.exception.ts","statementMap":{"0":{"start":{"line":3,"column":4},"end":{"line":3,"column":33}},"1":{"start":{"line":2,"column":30},"end":{"line":2,"column":46}},"2":{"start":{"line":1,"column":0},"end":{"line":1,"column":13}}},"fnMap":{"0":{"name":"(anonymous_0)","decl":{"start":{"line":2,"column":2},"end":{"line":2,"column":30}},"loc":{"start":{"line":2,"column":46},"end":{"line":4,"column":3}}}},"branchMap":{},"s":{"0":1,"1":1,"2":1},"f":{"0":1},"b":{}}
,"C:\\Users\\usuario\\Documents\\library\\npm\\osodreamer-sri-xml-signer\\src\\generator\\invoice\\invoice.generator.ts": {"path":"C:\\Users\\usuario\\Documents\\library\\npm\\osodreamer-sri-xml-signer\\src\\generator\\invoice\\invoice.generator.ts","statementMap":{"0":{"start":{"line":16,"column":0},"end":{"line":16,"column":7}},"1":{"start":{"line":1,"column":0},"end":{"line":1,"column":46}},"2":{"start":{"line":3,"column":0},"end":{"line":3,"column":33}},"3":{"start":{"line":4,"column":0},"end":{"line":4,"column":43}},"4":{"start":{"line":5,"column":0},"end":{"line":5,"column":65}},"5":{"start":{"line":7,"column":0},"end":{"line":7,"column":null}},"6":{"start":{"line":11,"column":0},"end":{"line":11,"column":73}},"7":{"start":{"line":14,"column":0},"end":{"line":14,"column":62}},"8":{"start":{"line":19,"column":15},"end":{"line":19,"column":53}},"9":{"start":{"line":20,"column":23},"end":{"line":20,"column":43}},"10":{"start":{"line":21,"column":25},"end":{"line":21,"column":49}},"11":{"start":{"line":22,"column":17},"end":{"line":22,"column":53}},"12":{"start":{"line":23,"column":2},"end":{"line":25,"column":3}},"13":{"start":{"line":24,"column":4},"end":{"line":24,"column":42}},"14":{"start":{"line":26,"column":18},"end":{"line":26,"column":57}},"15":{"start":{"line":27,"column":18},"end":{"line":27,"column":43}},"16":{"start":{"line":28,"column":14},"end":{"line":29,"column":null}},"17":{"start":{"line":31,"column":2},"end":{"line":34,"column":4}}},"fnMap":{"0":{"name":"GenerateInvoiceXml","decl":{"start":{"line":16,"column":22},"end":{"line":16,"column":40}},"loc":{"start":{"line":17,"column":26},"end":{"line":35,"column":1}}}},"branchMap":{"0":{"loc":{"start":{"line":23,"column":2},"end":{"line":25,"column":3}},"type":"if","locations":[{"start":{"line":23,"column":2},"end":{"line":25,"column":3}},{"start":{},"end":{}}]}},"s":{"0":1,"1":1,"2":1,"3":1,"4":1,"5":1,"6":1,"7":1,"8":2,"9":2,"10":2,"11":2,"12":2,"13":1,"14":1,"15":1,"16":1,"17":1},"f":{"0":2},"b":{"0":[1,1]}}
,"C:\\Users\\usuario\\Documents\\library\\npm\\osodreamer-sri-xml-signer\\src\\generator\\invoice\\factory\\index.ts": {"path":"C:\\Users\\usuario\\Documents\\library\\npm\\osodreamer-sri-xml-signer\\src\\generator\\invoice\\factory\\index.ts","statementMap":{"0":{"start":{"line":1,"column":0},"end":{"line":1,"column":38}}},"fnMap":{},"branchMap":{},"s":{"0":1},"f":{},"b":{}}
,"C:\\Users\\usuario\\Documents\\library\\npm\\osodreamer-sri-xml-signer\\src\\generator\\invoice\\factory\\invoice-xml.factory.ts": {"path":"C:\\Users\\usuario\\Documents\\library\\npm\\osodreamer-sri-xml-signer\\src\\generator\\invoice\\factory\\invoice-xml.factory.ts","statementMap":{"0":{"start":{"line":1,"column":0},"end":{"line":1,"column":66}},"1":{"start":{"line":2,"column":0},"end":{"line":2,"column":55}},"2":{"start":{"line":7,"column":0},"end":{"line":7,"column":62}},"3":{"start":{"line":17,"column":8},"end":{"line":17,"column":15}},"4":{"start":{"line":29,"column":8},"end":{"line":29,"column":22}},"5":{"start":{"line":50,"column":8},"end":{"line":50,"column":19}},"6":{"start":{"line":51,"column":21},"end":{"line":51,"column":43}},"7":{"start":{"line":52,"column":33},"end":{"line":56,"column":15}},"8":{"start":{"line":58,"column":24},"end":{"line":58,"column":27}},"9":{"start":{"line":59,"column":19},"end":{"line":59,"column":52}},"10":{"start":{"line":61,"column":18},"end":{"line":70,"column":null}},"11":{"start":{"line":72,"column":22},"end":{"line":72,"column":27}},"12":{"start":{"line":73,"column":43},"end":{"line":129,"column":6}},"13":{"start":{"line":132,"column":22},"end":{"line":132,"column":44}},"14":{"start":{"line":134,"column":4},"end":{"line":145,"column":5}},"15":{"start":{"line":135,"column":6},"end":{"line":142,"column":7}},"16":{"start":{"line":136,"column":8},"end":{"line":141,"column":11}},"17":{"start":{"line":144,"column":6},"end":{"line":144,"column":45}},"18":{"start":{"line":148,"column":27},"end":{"line":148,"column":56}},"19":{"start":{"line":150,"column":4},"end":{"line":159,"column":5}},"20":{"start":{"line":151,"column":6},"end":{"line":156,"column":7}},"21":{"start":{"line":152,"column":8},"end":{"line":155,"column":11}},"22":{"start":{"line":158,"column":6},"end":{"line":158,"column":47}},"23":{"start":{"line":160,"column":4},"end":{"line":170,"column":5}},"24":{"start":{"line":161,"column":6},"end":{"line":169,"column":9}},"25":{"start":{"line":172,"column":4},"end":{"line":179,"column":5}},"26":{"start":{"line":173,"column":6},"end":{"line":178,"column":9}},"27":{"start":{"line":180,"column":4},"end":{"line":216,"column":5}},"28":{"start":{"line":181,"column":38},"end":{"line":193,"column":8}},"29":{"start":{"line":195,"column":29},"end":{"line":195,"column":70}},"30":{"start":{"line":196,"column":6},"end":{"line":204,"column":7}},"31":{"start":{"line":197,"column":8},"end":{"line":201,"column":9}},"32":{"start":{"line":198,"column":10},"end":{"line":200,"column":13}},"33":{"start":{"line":203,"column":8},"end":{"line":203,"column":50}},"34":{"start":{"line":206,"column":6},"end":{"line":214,"column":7}},"35":{"start":{"line":207,"column":8},"end":{"line":213,"column":11}},"36":{"start":{"line":215,"column":6},"end":{"line":215,"column":64}},"37":{"start":{"line":218,"column":4},"end":{"line":218,"column":44}},"38":{"start":{"line":9,"column":0},"end":{"line":9,"column":13}}},"fnMap":{"0":{"name":"(anonymous_0)","decl":{"start":{"line":10,"column":2},"end":{"line":10,"column":8}},"loc":{"start":{"line":10,"column":33},"end":{"line":219,"column":3}}}},"branchMap":{"0":{"loc":{"start":{"line":100,"column":12},"end":{"line":103,"column":39}},"type":"cond-expr","locations":[{"start":{"line":102,"column":16},"end":{"line":102,"column":31}},{"start":{"line":103,"column":16},"end":{"line":103,"column":39}}]},"1":{"loc":{"start":{"line":112,"column":18},"end":{"line":112,"column":35}},"type":"binary-expr","locations":[{"start":{"line":112,"column":18},"end":{"line":112,"column":24}},{"start":{"line":112,"column":28},"end":{"line":112,"column":35}}]},"2":{"loc":{"start":{"line":132,"column":22},"end":{"line":132,"column":44}},"type":"cond-expr","locations":[{"start":{"line":132,"column":33},"end":{"line":132,"column":35}},{"start":{"line":132,"column":22},"end":{"line":132,"column":44}}]},"3":{"loc":{"start":{"line":132,"column":22},"end":{"line":132,"column":35}},"type":"binary-expr","locations":[{"start":{"line":132,"column":22},"end":{"line":132,"column":35}},{"start":{"line":132,"column":22},"end":{"line":132,"column":35}}]},"4":{"loc":{"start":{"line":134,"column":4},"end":{"line":145,"column":5}},"type":"if","locations":[{"start":{"line":134,"column":4},"end":{"line":145,"column":5}},{"start":{"line":143,"column":11},"end":{"line":145,"column":5}}]},"5":{"loc":{"start":{"line":148,"column":27},"end":{"line":148,"column":56}},"type":"cond-expr","locations":[{"start":{"line":148,"column":40},"end":{"line":148,"column":42}},{"start":{"line":148,"column":27},"end":{"line":148,"column":56}}]},"6":{"loc":{"start":{"line":148,"column":27},"end":{"line":148,"column":42}},"type":"binary-expr","locations":[{"start":{"line":148,"column":27},"end":{"line":148,"column":42}},{"start":{"line":148,"column":27},"end":{"line":148,"column":42}}]},"7":{"loc":{"start":{"line":150,"column":4},"end":{"line":159,"column":5}},"type":"if","locations":[{"start":{"line":150,"column":4},"end":{"line":159,"column":5}},{"start":{"line":157,"column":11},"end":{"line":159,"column":5}}]},"8":{"loc":{"start":{"line":164,"column":28},"end":{"line":166,"column":16}},"type":"cond-expr","locations":[{"start":{"line":165,"column":12},"end":{"line":165,"column":50}},{"start":{"line":166,"column":12},"end":{"line":166,"column":16}}]},"9":{"loc":{"start":{"line":195,"column":29},"end":{"line":195,"column":70}},"type":"cond-expr","locations":[{"start":{"line":195,"column":56},"end":{"line":195,"column":58}},{"start":{"line":195,"column":56},"end":{"line":195,"column":70}}]},"10":{"loc":{"start":{"line":195,"column":29},"end":{"line":195,"column":58}},"type":"binary-expr","locations":[{"start":{"line":195,"column":29},"end":{"line":195,"column":58}},{"start":{"line":195,"column":56},"end":{"line":195,"column":58}}]},"11":{"loc":{"start":{"line":196,"column":6},"end":{"line":204,"column":7}},"type":"if","locations":[{"start":{"line":196,"column":6},"end":{"line":204,"column":7}},{"start":{"line":202,"column":13},"end":{"line":204,"column":7}}]}},"s":{"0":1,"1":1,"2":1,"3":7,"4":7,"5":7,"6":7,"7":7,"8":7,"9":7,"10":7,"11":7,"12":7,"13":7,"14":7,"15":1,"16":1,"17":6,"18":7,"19":7,"20":1,"21":1,"22":6,"23":7,"24":7,"25":7,"26":7,"27":7,"28":7,"29":7,"30":7,"31":6,"32":1,"33":1,"34":7,"35":7,"36":7,"37":7,"38":1},"f":{"0":7},"b":{"0":[1,6],"1":[7,0],"2":[6,1],"3":[7,1],"4":[1,6],"5":[6,1],"6":[7,1],"7":[1,6],"8":[1,6],"9":[1,6],"10":[7,7],"11":[6,1]}}
,"C:\\Users\\usuario\\Documents\\library\\npm\\osodreamer-sri-xml-signer\\src\\generator\\invoice\\models\\comprobante.model.ts": {"path":"C:\\Users\\usuario\\Documents\\library\\npm\\osodreamer-sri-xml-signer\\src\\generator\\invoice\\models\\comprobante.model.ts","statementMap":{"0":{"start":{"line":3,"column":0},"end":{"line":3,"column":null}},"1":{"start":{"line":19,"column":0},"end":{"line":19,"column":null}},"2":{"start":{"line":27,"column":0},"end":{"line":27,"column":69}},"3":{"start":{"line":28,"column":0},"end":{"line":28,"column":71}},"4":{"start":{"line":33,"column":2},"end":{"line":33,"column":21}},"5":{"start":{"line":38,"column":2},"end":{"line":38,"column":22}},"6":{"start":{"line":43,"column":2},"end":{"line":43,"column":27}},"7":{"start":{"line":49,"column":2},"end":{"line":49,"column":14}},"8":{"start":{"line":55,"column":2},"end":{"line":55,"column":16}},"9":{"start":{"line":61,"column":2},"end":{"line":61,"column":17}},"10":{"start":{"line":67,"column":2},"end":{"line":67,"column":21}},"11":{"start":{"line":72,"column":2},"end":{"line":72,"column":20}},"12":{"start":{"line":78,"column":2},"end":{"line":78,"column":27}},"13":{"start":{"line":82,"column":2},"end":{"line":82,"column":48}},"14":{"start":{"line":31,"column":3},"end":{"line":32,"column":null}},"15":{"start":{"line":35,"column":3},"end":{"line":37,"column":null}},"16":{"start":{"line":40,"column":3},"end":{"line":42,"column":null}},"17":{"start":{"line":45,"column":3},"end":{"line":48,"column":null}},"18":{"start":{"line":51,"column":3},"end":{"line":54,"column":null}},"19":{"start":{"line":57,"column":3},"end":{"line":60,"column":null}},"20":{"start":{"line":63,"column":3},"end":{"line":66,"column":null}},"21":{"start":{"line":69,"column":3},"end":{"line":71,"column":null}},"22":{"start":{"line":74,"column":3},"end":{"line":77,"column":null}},"23":{"start":{"line":80,"column":3},"end":{"line":81,"column":null}},"24":{"start":{"line":33,"column":2},"end":{"line":33,"column":10}},"25":{"start":{"line":33,"column":10},"end":{"line":33,"column":21}},"26":{"start":{"line":38,"column":2},"end":{"line":38,"column":13}},"27":{"start":{"line":38,"column":13},"end":{"line":38,"column":22}},"28":{"start":{"line":43,"column":2},"end":{"line":43,"column":17}},"29":{"start":{"line":43,"column":17},"end":{"line":43,"column":27}},"30":{"start":{"line":49,"column":2},"end":{"line":49,"column":5}},"31":{"start":{"line":49,"column":5},"end":{"line":49,"column":14}},"32":{"start":{"line":55,"column":2},"end":{"line":55,"column":7}},"33":{"start":{"line":55,"column":7},"end":{"line":55,"column":16}},"34":{"start":{"line":61,"column":2},"end":{"line":61,"column":8}},"35":{"start":{"line":61,"column":8},"end":{"line":61,"column":17}},"36":{"start":{"line":67,"column":2},"end":{"line":67,"column":12}},"37":{"start":{"line":67,"column":12},"end":{"line":67,"column":21}},"38":{"start":{"line":72,"column":2},"end":{"line":72,"column":11}},"39":{"start":{"line":72,"column":11},"end":{"line":72,"column":20}},"40":{"start":{"line":78,"column":2},"end":{"line":78,"column":17}},"41":{"start":{"line":78,"column":17},"end":{"line":78,"column":27}},"42":{"start":{"line":82,"column":2},"end":{"line":82,"column":20}},"43":{"start":{"line":82,"column":20},"end":{"line":82,"column":48}},"44":{"start":{"line":30,"column":13},"end":{"line":30,"column":32}},"45":{"start":{"line":88,"column":2},"end":{"line":88,"column":24}},"46":{"start":{"line":93,"column":2},"end":{"line":93,"column":27}},"47":{"start":{"line":98,"column":2},"end":{"line":98,"column":24}},"48":{"start":{"line":103,"column":2},"end":{"line":103,"column":16}},"49":{"start":{"line":108,"column":2},"end":{"line":108,"column":30}},"50":{"start":{"line":86,"column":3},"end":{"line":87,"column":null}},"51":{"start":{"line":90,"column":3},"end":{"line":92,"column":null}},"52":{"start":{"line":95,"column":3},"end":{"line":97,"column":null}},"53":{"start":{"line":100,"column":3},"end":{"line":102,"column":null}},"54":{"start":{"line":105,"column":3},"end":{"line":107,"column":null}},"55":{"start":{"line":88,"column":2},"end":{"line":88,"column":8}},"56":{"start":{"line":88,"column":8},"end":{"line":88,"column":24}},"57":{"start":{"line":93,"column":2},"end":{"line":93,"column":18}},"58":{"start":{"line":93,"column":18},"end":{"line":93,"column":27}},"59":{"start":{"line":98,"column":2},"end":{"line":98,"column":15}},"60":{"start":{"line":98,"column":15},"end":{"line":98,"column":24}},"61":{"start":{"line":103,"column":2},"end":{"line":103,"column":7}},"62":{"start":{"line":103,"column":7},"end":{"line":103,"column":16}},"63":{"start":{"line":108,"column":2},"end":{"line":108,"column":20}},"64":{"start":{"line":108,"column":20},"end":{"line":108,"column":30}},"65":{"start":{"line":85,"column":13},"end":{"line":85,"column":31}},"66":{"start":{"line":114,"column":2},"end":{"line":114,"column":38}},"67":{"start":{"line":112,"column":3},"end":{"line":113,"column":null}},"68":{"start":{"line":112,"column":17},"end":{"line":112,"column":35}},"69":{"start":{"line":114,"column":2},"end":{"line":114,"column":15}},"70":{"start":{"line":114,"column":15},"end":{"line":114,"column":38}},"71":{"start":{"line":111,"column":13},"end":{"line":111,"column":35}},"72":{"start":{"line":120,"column":2},"end":{"line":120,"column":38}},"73":{"start":{"line":125,"column":2},"end":{"line":125,"column":16}},"74":{"start":{"line":130,"column":2},"end":{"line":130,"column":17}},"75":{"start":{"line":135,"column":2},"end":{"line":135,"column":24}},"76":{"start":{"line":118,"column":3},"end":{"line":119,"column":null}},"77":{"start":{"line":122,"column":3},"end":{"line":124,"column":null}},"78":{"start":{"line":127,"column":3},"end":{"line":129,"column":null}},"79":{"start":{"line":132,"column":3},"end":{"line":134,"column":null}},"80":{"start":{"line":120,"column":2},"end":{"line":120,"column":11}},"81":{"start":{"line":120,"column":11},"end":{"line":120,"column":38}},"82":{"start":{"line":125,"column":2},"end":{"line":125,"column":7}},"83":{"start":{"line":125,"column":7},"end":{"line":125,"column":16}},"84":{"start":{"line":130,"column":2},"end":{"line":130,"column":7}},"85":{"start":{"line":130,"column":7},"end":{"line":130,"column":17}},"86":{"start":{"line":135,"column":2},"end":{"line":135,"column":14}},"87":{"start":{"line":135,"column":14},"end":{"line":135,"column":24}},"88":{"start":{"line":117,"column":13},"end":{"line":117,"column":22}},"89":{"start":{"line":141,"column":2},"end":{"line":141,"column":20}},"90":{"start":{"line":139,"column":3},"end":{"line":140,"column":null}},"91":{"start":{"line":139,"column":17},"end":{"line":139,"column":26}},"92":{"start":{"line":141,"column":2},"end":{"line":141,"column":6}},"93":{"start":{"line":141,"column":6},"end":{"line":141,"column":20}},"94":{"start":{"line":138,"column":13},"end":{"line":138,"column":23}},"95":{"start":{"line":147,"column":2},"end":{"line":147,"column":21}},"96":{"start":{"line":152,"column":2},"end":{"line":152,"column":29}},"97":{"start":{"line":157,"column":2},"end":{"line":157,"column":33}},"98":{"start":{"line":161,"column":2},"end":{"line":161,"column":52}},"99":{"start":{"line":221,"column":2},"end":{"line":221,"column":56}},"100":{"start":{"line":226,"column":2},"end":{"line":226,"column":24}},"101":{"start":{"line":231,"column":2},"end":{"line":231,"column":31}},"102":{"start":{"line":236,"column":2},"end":{"line":236,"column":34}},"103":{"start":{"line":241,"column":2},"end":{"line":241,"column":30}},"104":{"start":{"line":246,"column":2},"end":{"line":246,"column":28}},"105":{"start":{"line":251,"column":2},"end":{"line":251,"column":25}},"106":{"start":{"line":255,"column":2},"end":{"line":255,"column":44}},"107":{"start":{"line":260,"column":2},"end":{"line":260,"column":18}},"108":{"start":{"line":265,"column":2},"end":{"line":265,"column":23}},"109":{"start":{"line":270,"column":2},"end":{"line":270,"column":18}},"110":{"start":{"line":274,"column":2},"end":{"line":274,"column":20}},"111":{"start":{"line":279,"column":2},"end":{"line":279,"column":23}},"112":{"start":{"line":284,"column":2},"end":{"line":284,"column":25}},"113":{"start":{"line":145,"column":3},"end":{"line":146,"column":null}},"114":{"start":{"line":149,"column":3},"end":{"line":151,"column":null}},"115":{"start":{"line":154,"column":3},"end":{"line":156,"column":null}},"116":{"start":{"line":159,"column":3},"end":{"line":160,"column":null}},"117":{"start":{"line":219,"column":3},"end":{"line":220,"column":null}},"118":{"start":{"line":223,"column":3},"end":{"line":225,"column":null}},"119":{"start":{"line":228,"column":3},"end":{"line":230,"column":null}},"120":{"start":{"line":233,"column":3},"end":{"line":235,"column":null}},"121":{"start":{"line":238,"column":3},"end":{"line":240,"column":null}},"122":{"start":{"line":243,"column":3},"end":{"line":245,"column":null}},"123":{"start":{"line":248,"column":3},"end":{"line":250,"column":null}},"124":{"start":{"line":253,"column":3},"end":{"line":254,"column":null}},"125":{"start":{"line":253,"column":24},"end":{"line":253,"column":46}},"126":{"start":{"line":257,"column":3},"end":{"line":259,"column":null}},"127":{"start":{"line":262,"column":3},"end":{"line":264,"column":null}},"128":{"start":{"line":267,"column":3},"end":{"line":269,"column":null}},"129":{"start":{"line":272,"column":3},"end":{"line":273,"column":null}},"130":{"start":{"line":272,"column":24},"end":{"line":272,"column":34}},"131":{"start":{"line":276,"column":3},"end":{"line":278,"column":null}},"132":{"start":{"line":281,"column":3},"end":{"line":283,"column":null}},"133":{"start":{"line":147,"column":2},"end":{"line":147,"column":14}},"134":{"start":{"line":147,"column":14},"end":{"line":147,"column":21}},"135":{"start":{"line":152,"column":2},"end":{"line":152,"column":20}},"136":{"start":{"line":152,"column":20},"end":{"line":152,"column":29}},"137":{"start":{"line":157,"column":2},"end":{"line":157,"column":23}},"138":{"start":{"line":157,"column":23},"end":{"line":157,"column":33}},"139":{"start":{"line":161,"column":2},"end":{"line":161,"column":22}},"140":{"start":{"line":161,"column":22},"end":{"line":161,"column":52}},"141":{"start":{"line":221,"column":2},"end":{"line":221,"column":29}},"142":{"start":{"line":221,"column":29},"end":{"line":221,"column":56}},"143":{"start":{"line":226,"column":2},"end":{"line":226,"column":14}},"144":{"start":{"line":226,"column":14},"end":{"line":226,"column":24}},"145":{"start":{"line":231,"column":2},"end":{"line":231,"column":22}},"146":{"start":{"line":231,"column":22},"end":{"line":231,"column":31}},"147":{"start":{"line":236,"column":2},"end":{"line":236,"column":25}},"148":{"start":{"line":236,"column":25},"end":{"line":236,"column":34}},"149":{"start":{"line":241,"column":2},"end":{"line":241,"column":20}},"150":{"start":{"line":241,"column":20},"end":{"line":241,"column":30}},"151":{"start":{"line":246,"column":2},"end":{"line":246,"column":19}},"152":{"start":{"line":246,"column":19},"end":{"line":246,"column":28}},"153":{"start":{"line":251,"column":2},"end":{"line":251,"column":16}},"154":{"start":{"line":251,"column":16},"end":{"line":251,"column":25}},"155":{"start":{"line":255,"column":2},"end":{"line":255,"column":19}},"156":{"start":{"line":255,"column":19},"end":{"line":255,"column":44}},"157":{"start":{"line":260,"column":2},"end":{"line":260,"column":9}},"158":{"start":{"line":260,"column":9},"end":{"line":260,"column":18}},"159":{"start":{"line":265,"column":2},"end":{"line":265,"column":14}},"160":{"start":{"line":265,"column":14},"end":{"line":265,"column":23}},"161":{"start":{"line":270,"column":2},"end":{"line":270,"column":8}},"162":{"start":{"line":270,"column":8},"end":{"line":270,"column":18}},"163":{"start":{"line":274,"column":2},"end":{"line":274,"column":7}},"164":{"start":{"line":274,"column":7},"end":{"line":274,"column":20}},"165":{"start":{"line":279,"column":2},"end":{"line":279,"column":13}},"166":{"start":{"line":279,"column":13},"end":{"line":279,"column":23}},"167":{"start":{"line":284,"column":2},"end":{"line":284,"column":15}},"168":{"start":{"line":284,"column":15},"end":{"line":284,"column":25}},"169":{"start":{"line":144,"column":13},"end":{"line":144,"column":29}},"170":{"start":{"line":291,"column":2},"end":{"line":291,"column":17}},"171":{"start":{"line":296,"column":2},"end":{"line":296,"column":16}},"172":{"start":{"line":288,"column":3},"end":{"line":290,"column":null}},"173":{"start":{"line":293,"column":3},"end":{"line":295,"column":null}},"174":{"start":{"line":291,"column":2},"end":{"line":291,"column":8}},"175":{"start":{"line":291,"column":8},"end":{"line":291,"column":17}},"176":{"start":{"line":296,"column":2},"end":{"line":296,"column":7}},"177":{"start":{"line":296,"column":7},"end":{"line":296,"column":16}},"178":{"start":{"line":287,"column":13},"end":{"line":287,"column":30}},"179":{"start":{"line":302,"column":2},"end":{"line":302,"column":24}},"180":{"start":{"line":307,"column":2},"end":{"line":307,"column":27}},"181":{"start":{"line":312,"column":2},"end":{"line":312,"column":17}},"182":{"start":{"line":317,"column":2},"end":{"line":317,"column":24}},"183":{"start":{"line":322,"column":2},"end":{"line":322,"column":16}},"184":{"start":{"line":300,"column":3},"end":{"line":301,"column":null}},"185":{"start":{"line":304,"column":3},"end":{"line":306,"column":null}},"186":{"start":{"line":309,"column":3},"end":{"line":311,"column":null}},"187":{"start":{"line":314,"column":3},"end":{"line":316,"column":null}},"188":{"start":{"line":319,"column":3},"end":{"line":321,"column":null}},"189":{"start":{"line":302,"column":2},"end":{"line":302,"column":8}},"190":{"start":{"line":302,"column":8},"end":{"line":302,"column":24}},"191":{"start":{"line":307,"column":2},"end":{"line":307,"column":18}},"192":{"start":{"line":307,"column":18},"end":{"line":307,"column":27}},"193":{"start":{"line":312,"column":2},"end":{"line":312,"column":8}},"194":{"start":{"line":312,"column":8},"end":{"line":312,"column":17}},"195":{"start":{"line":317,"column":2},"end":{"line":317,"column":15}},"196":{"start":{"line":317,"column":15},"end":{"line":317,"column":24}},"197":{"start":{"line":322,"column":2},"end":{"line":322,"column":7}},"198":{"start":{"line":322,"column":7},"end":{"line":322,"column":16}},"199":{"start":{"line":299,"column":13},"end":{"line":299,"column":33}},"200":{"start":{"line":328,"column":2},"end":{"line":328,"column":36}},"201":{"start":{"line":326,"column":3},"end":{"line":327,"column":null}},"202":{"start":{"line":326,"column":17},"end":{"line":326,"column":34}},"203":{"start":{"line":328,"column":2},"end":{"line":328,"column":14}},"204":{"start":{"line":328,"column":14},"end":{"line":328,"column":36}},"205":{"start":{"line":325,"column":13},"end":{"line":325,"column":37}},"206":{"start":{"line":334,"column":2},"end":{"line":334,"column":35}},"207":{"start":{"line":332,"column":3},"end":{"line":333,"column":null}},"208":{"start":{"line":332,"column":17},"end":{"line":332,"column":37}},"209":{"start":{"line":334,"column":2},"end":{"line":334,"column":10}},"210":{"start":{"line":334,"column":10},"end":{"line":334,"column":35}},"211":{"start":{"line":331,"column":13},"end":{"line":331,"column":27}},"212":{"start":{"line":341,"column":2},"end":{"line":341,"column":26}},"213":{"start":{"line":346,"column":2},"end":{"line":346,"column":26}},"214":{"start":{"line":351,"column":2},"end":{"line":351,"column":22}},"215":{"start":{"line":356,"column":2},"end":{"line":356,"column":19}},"216":{"start":{"line":361,"column":2},"end":{"line":361,"column":25}},"217":{"start":{"line":366,"column":2},"end":{"line":366,"column":20}},"218":{"start":{"line":371,"column":2},"end":{"line":371,"column":33}},"219":{"start":{"line":375,"column":2},"end":{"line":375,"column":49}},"220":{"start":{"line":379,"column":2},"end":{"line":379,"column":28}},"221":{"start":{"line":338,"column":3},"end":{"line":340,"column":null}},"222":{"start":{"line":343,"column":3},"end":{"line":345,"column":null}},"223":{"start":{"line":348,"column":3},"end":{"line":350,"column":null}},"224":{"start":{"line":353,"column":3},"end":{"line":355,"column":null}},"225":{"start":{"line":358,"column":3},"end":{"line":360,"column":null}},"226":{"start":{"line":363,"column":3},"end":{"line":365,"column":null}},"227":{"start":{"line":368,"column":3},"end":{"line":370,"column":null}},"228":{"start":{"line":373,"column":3},"end":{"line":374,"column":null}},"229":{"start":{"line":373,"column":24},"end":{"line":373,"column":48}},"230":{"start":{"line":377,"column":3},"end":{"line":378,"column":null}},"231":{"start":{"line":377,"column":24},"end":{"line":377,"column":38}},"232":{"start":{"line":341,"column":2},"end":{"line":341,"column":17}},"233":{"start":{"line":341,"column":17},"end":{"line":341,"column":26}},"234":{"start":{"line":346,"column":2},"end":{"line":346,"column":16}},"235":{"start":{"line":346,"column":16},"end":{"line":346,"column":26}},"236":{"start":{"line":351,"column":2},"end":{"line":351,"column":13}},"237":{"start":{"line":351,"column":13},"end":{"line":351,"column":22}},"238":{"start":{"line":356,"column":2},"end":{"line":356,"column":10}},"239":{"start":{"line":356,"column":10},"end":{"line":356,"column":19}},"240":{"start":{"line":361,"column":2},"end":{"line":361,"column":16}},"241":{"start":{"line":361,"column":16},"end":{"line":361,"column":25}},"242":{"start":{"line":366,"column":2},"end":{"line":366,"column":11}},"243":{"start":{"line":366,"column":11},"end":{"line":366,"column":20}},"244":{"start":{"line":371,"column":2},"end":{"line":371,"column":24}},"245":{"start":{"line":371,"column":24},"end":{"line":371,"column":33}},"246":{"start":{"line":375,"column":2},"end":{"line":375,"column":21}},"247":{"start":{"line":375,"column":21},"end":{"line":375,"column":49}},"248":{"start":{"line":379,"column":2},"end":{"line":379,"column":11}},"249":{"start":{"line":379,"column":11},"end":{"line":379,"column":28}},"250":{"start":{"line":337,"column":13},"end":{"line":337,"column":25}},"251":{"start":{"line":386,"column":2},"end":{"line":386,"column":17}},"252":{"start":{"line":391,"column":2},"end":{"line":391,"column":16}},"253":{"start":{"line":383,"column":3},"end":{"line":385,"column":null}},"254":{"start":{"line":388,"column":3},"end":{"line":390,"column":null}},"255":{"start":{"line":386,"column":2},"end":{"line":386,"column":8}},"256":{"start":{"line":386,"column":8},"end":{"line":386,"column":17}},"257":{"start":{"line":391,"column":2},"end":{"line":391,"column":7}},"258":{"start":{"line":391,"column":7},"end":{"line":391,"column":16}},"259":{"start":{"line":382,"column":13},"end":{"line":382,"column":32}},"260":{"start":{"line":397,"column":2},"end":{"line":397,"column":40}},"261":{"start":{"line":395,"column":3},"end":{"line":396,"column":null}},"262":{"start":{"line":395,"column":17},"end":{"line":395,"column":36}},"263":{"start":{"line":397,"column":2},"end":{"line":397,"column":16}},"264":{"start":{"line":397,"column":16},"end":{"line":397,"column":40}},"265":{"start":{"line":394,"column":13},"end":{"line":394,"column":31}},"266":{"start":{"line":403,"column":2},"end":{"line":403,"column":26}},"267":{"start":{"line":401,"column":3},"end":{"line":402,"column":null}},"268":{"start":{"line":401,"column":17},"end":{"line":401,"column":29}},"269":{"start":{"line":403,"column":2},"end":{"line":403,"column":9}},"270":{"start":{"line":403,"column":9},"end":{"line":403,"column":26}},"271":{"start":{"line":400,"column":13},"end":{"line":400,"column":26}},"272":{"start":{"line":409,"column":2},"end":{"line":409,"column":30}},"273":{"start":{"line":407,"column":3},"end":{"line":408,"column":null}},"274":{"start":{"line":407,"column":17},"end":{"line":407,"column":31}},"275":{"start":{"line":409,"column":2},"end":{"line":409,"column":11}},"276":{"start":{"line":409,"column":11},"end":{"line":409,"column":30}},"277":{"start":{"line":406,"column":13},"end":{"line":406,"column":29}},"278":{"start":{"line":414,"column":2},"end":{"line":414,"column":29}},"279":{"start":{"line":418,"column":2},"end":{"line":418,"column":37}},"280":{"start":{"line":423,"column":2},"end":{"line":423,"column":17}},"281":{"start":{"line":428,"column":2},"end":{"line":428,"column":16}},"282":{"start":{"line":412,"column":3},"end":{"line":413,"column":null}},"283":{"start":{"line":416,"column":3},"end":{"line":417,"column":null}},"284":{"start":{"line":420,"column":3},"end":{"line":422,"column":null}},"285":{"start":{"line":425,"column":3},"end":{"line":427,"column":null}},"286":{"start":{"line":414,"column":2},"end":{"line":414,"column":8}},"287":{"start":{"line":414,"column":8},"end":{"line":414,"column":29}},"288":{"start":{"line":418,"column":2},"end":{"line":418,"column":18}},"289":{"start":{"line":418,"column":18},"end":{"line":418,"column":37}},"290":{"start":{"line":423,"column":2},"end":{"line":423,"column":8}},"291":{"start":{"line":423,"column":8},"end":{"line":423,"column":17}},"292":{"start":{"line":428,"column":2},"end":{"line":428,"column":7}},"293":{"start":{"line":428,"column":7},"end":{"line":428,"column":16}},"294":{"start":{"line":411,"column":13},"end":{"line":411,"column":27}},"295":{"start":{"line":434,"column":2},"end":{"line":434,"column":38}},"296":{"start":{"line":438,"column":2},"end":{"line":438,"column":32}},"297":{"start":{"line":442,"column":2},"end":{"line":442,"column":26}},"298":{"start":{"line":446,"column":2},"end":{"line":446,"column":33}},"299":{"start":{"line":450,"column":2},"end":{"line":450,"column":37}},"300":{"start":{"line":432,"column":3},"end":{"line":433,"column":null}},"301":{"start":{"line":432,"column":24},"end":{"line":432,"column":43}},"302":{"start":{"line":436,"column":3},"end":{"line":437,"column":null}},"303":{"start":{"line":436,"column":24},"end":{"line":436,"column":40}},"304":{"start":{"line":440,"column":3},"end":{"line":441,"column":null}},"305":{"start":{"line":440,"column":24},"end":{"line":440,"column":37}},"306":{"start":{"line":444,"column":3},"end":{"line":445,"column":null}},"307":{"start":{"line":444,"column":24},"end":{"line":444,"column":40}},"308":{"start":{"line":448,"column":3},"end":{"line":449,"column":null}},"309":{"start":{"line":448,"column":24},"end":{"line":448,"column":42}},"310":{"start":{"line":434,"column":2},"end":{"line":434,"column":16}},"311":{"start":{"line":434,"column":16},"end":{"line":434,"column":38}},"312":{"start":{"line":438,"column":2},"end":{"line":438,"column":13}},"313":{"start":{"line":438,"column":13},"end":{"line":438,"column":32}},"314":{"start":{"line":442,"column":2},"end":{"line":442,"column":10}},"315":{"start":{"line":442,"column":10},"end":{"line":442,"column":26}},"316":{"start":{"line":446,"column":2},"end":{"line":446,"column":13}},"317":{"start":{"line":446,"column":13},"end":{"line":446,"column":33}},"318":{"start":{"line":450,"column":2},"end":{"line":450,"column":15}},"319":{"start":{"line":450,"column":15},"end":{"line":450,"column":37}},"320":{"start":{"line":431,"column":13},"end":{"line":431,"column":29}}},"fnMap":{"0":{"name":"(anonymous_7)","decl":{"start":{"line":33,"column":2},"end":{"line":33,"column":10}},"loc":{"start":{"line":33,"column":2},"end":{"line":33,"column":10}}},"1":{"name":"(anonymous_9)","decl":{"start":{"line":33,"column":10},"end":{"line":33,"column":21}},"loc":{"start":{"line":33,"column":10},"end":{"line":33,"column":21}}},"2":{"name":"(anonymous_10)","decl":{"start":{"line":38,"column":2},"end":{"line":38,"column":13}},"loc":{"start":{"line":38,"column":2},"end":{"line":38,"column":13}}},"3":{"name":"(anonymous_12)","decl":{"start":{"line":38,"column":13},"end":{"line":38,"column":22}},"loc":{"start":{"line":38,"column":13},"end":{"line":38,"column":22}}},"4":{"name":"(anonymous_13)","decl":{"start":{"line":43,"column":2},"end":{"line":43,"column":17}},"loc":{"start":{"line":43,"column":2},"end":{"line":43,"column":17}}},"5":{"name":"(anonymous_15)","decl":{"start":{"line":43,"column":17},"end":{"line":43,"column":27}},"loc":{"start":{"line":43,"column":17},"end":{"line":43,"column":27}}},"6":{"name":"(anonymous_16)","decl":{"start":{"line":49,"column":2},"end":{"line":49,"column":5}},"loc":{"start":{"line":49,"column":2},"end":{"line":49,"column":5}}},"7":{"name":"(anonymous_18)","decl":{"start":{"line":49,"column":5},"end":{"line":49,"column":14}},"loc":{"start":{"line":49,"column":5},"end":{"line":49,"column":14}}},"8":{"name":"(anonymous_19)","decl":{"start":{"line":55,"column":2},"end":{"line":55,"column":7}},"loc":{"start":{"line":55,"column":2},"end":{"line":55,"column":7}}},"9":{"name":"(anonymous_21)","decl":{"start":{"line":55,"column":7},"end":{"line":55,"column":16}},"loc":{"start":{"line":55,"column":7},"end":{"line":55,"column":16}}},"10":{"name":"(anonymous_22)","decl":{"start":{"line":61,"column":2},"end":{"line":61,"column":8}},"loc":{"start":{"line":61,"column":2},"end":{"line":61,"column":8}}},"11":{"name":"(anonymous_24)","decl":{"start":{"line":61,"column":8},"end":{"line":61,"column":17}},"loc":{"start":{"line":61,"column":8},"end":{"line":61,"column":17}}},"12":{"name":"(anonymous_25)","decl":{"start":{"line":67,"column":2},"end":{"line":67,"column":12}},"loc":{"start":{"line":67,"column":2},"end":{"line":67,"column":12}}},"13":{"name":"(anonymous_27)","decl":{"start":{"line":67,"column":12},"end":{"line":67,"column":21}},"loc":{"start":{"line":67,"column":12},"end":{"line":67,"column":21}}},"14":{"name":"(anonymous_28)","decl":{"start":{"line":72,"column":2},"end":{"line":72,"column":11}},"loc":{"start":{"line":72,"column":2},"end":{"line":72,"column":11}}},"15":{"name":"(anonymous_30)","decl":{"start":{"line":72,"column":11},"end":{"line":72,"column":20}},"loc":{"start":{"line":72,"column":11},"end":{"line":72,"column":20}}},"16":{"name":"(anonymous_31)","decl":{"start":{"line":78,"column":2},"end":{"line":78,"column":17}},"loc":{"start":{"line":78,"column":2},"end":{"line":78,"column":17}}},"17":{"name":"(anonymous_33)","decl":{"start":{"line":78,"column":17},"end":{"line":78,"column":27}},"loc":{"start":{"line":78,"column":17},"end":{"line":78,"column":27}}},"18":{"name":"(anonymous_34)","decl":{"start":{"line":82,"column":2},"end":{"line":82,"column":20}},"loc":{"start":{"line":82,"column":2},"end":{"line":82,"column":20}}},"19":{"name":"(anonymous_36)","decl":{"start":{"line":82,"column":20},"end":{"line":82,"column":48}},"loc":{"start":{"line":82,"column":20},"end":{"line":82,"column":48}}},"20":{"name":"(anonymous_40)","decl":{"start":{"line":88,"column":2},"end":{"line":88,"column":8}},"loc":{"start":{"line":88,"column":2},"end":{"line":88,"column":8}}},"21":{"name":"(anonymous_42)","decl":{"start":{"line":88,"column":8},"end":{"line":88,"column":24}},"loc":{"start":{"line":88,"column":8},"end":{"line":88,"column":24}}},"22":{"name":"(anonymous_43)","decl":{"start":{"line":93,"column":2},"end":{"line":93,"column":18}},"loc":{"start":{"line":93,"column":2},"end":{"line":93,"column":18}}},"23":{"name":"(anonymous_45)","decl":{"start":{"line":93,"column":18},"end":{"line":93,"column":27}},"loc":{"start":{"line":93,"column":18},"end":{"line":93,"column":27}}},"24":{"name":"(anonymous_46)","decl":{"start":{"line":98,"column":2},"end":{"line":98,"column":15}},"loc":{"start":{"line":98,"column":2},"end":{"line":98,"column":15}}},"25":{"name":"(anonymous_48)","decl":{"start":{"line":98,"column":15},"end":{"line":98,"column":24}},"loc":{"start":{"line":98,"column":15},"end":{"line":98,"column":24}}},"26":{"name":"(anonymous_49)","decl":{"start":{"line":103,"column":2},"end":{"line":103,"column":7}},"loc":{"start":{"line":103,"column":2},"end":{"line":103,"column":7}}},"27":{"name":"(anonymous_51)","decl":{"start":{"line":103,"column":7},"end":{"line":103,"column":16}},"loc":{"start":{"line":103,"column":7},"end":{"line":103,"column":16}}},"28":{"name":"(anonymous_52)","decl":{"start":{"line":108,"column":2},"end":{"line":108,"column":20}},"loc":{"start":{"line":108,"column":2},"end":{"line":108,"column":20}}},"29":{"name":"(anonymous_54)","decl":{"start":{"line":108,"column":20},"end":{"line":108,"column":30}},"loc":{"start":{"line":108,"column":20},"end":{"line":108,"column":30}}},"30":{"name":"(anonymous_58)","decl":{"start":{"line":112,"column":11},"end":{"line":112,"column":14}},"loc":{"start":{"line":112,"column":17},"end":{"line":112,"column":35}}},"31":{"name":"(anonymous_59)","decl":{"start":{"line":114,"column":2},"end":{"line":114,"column":15}},"loc":{"start":{"line":114,"column":2},"end":{"line":114,"column":15}}},"32":{"name":"(anonymous_61)","decl":{"start":{"line":114,"column":15},"end":{"line":114,"column":38}},"loc":{"start":{"line":114,"column":15},"end":{"line":114,"column":38}}},"33":{"name":"(anonymous_65)","decl":{"start":{"line":120,"column":2},"end":{"line":120,"column":11}},"loc":{"start":{"line":120,"column":2},"end":{"line":120,"column":11}}},"34":{"name":"(anonymous_67)","decl":{"start":{"line":120,"column":11},"end":{"line":120,"column":38}},"loc":{"start":{"line":120,"column":11},"end":{"line":120,"column":38}}},"35":{"name":"(anonymous_68)","decl":{"start":{"line":125,"column":2},"end":{"line":125,"column":7}},"loc":{"start":{"line":125,"column":2},"end":{"line":125,"column":7}}},"36":{"name":"(anonymous_70)","decl":{"start":{"line":125,"column":7},"end":{"line":125,"column":16}},"loc":{"start":{"line":125,"column":7},"end":{"line":125,"column":16}}},"37":{"name":"(anonymous_71)","decl":{"start":{"line":130,"column":2},"end":{"line":130,"column":7}},"loc":{"start":{"line":130,"column":2},"end":{"line":130,"column":7}}},"38":{"name":"(anonymous_73)","decl":{"start":{"line":130,"column":7},"end":{"line":130,"column":17}},"loc":{"start":{"line":130,"column":7},"end":{"line":130,"column":17}}},"39":{"name":"(anonymous_74)","decl":{"start":{"line":135,"column":2},"end":{"line":135,"column":14}},"loc":{"start":{"line":135,"column":2},"end":{"line":135,"column":14}}},"40":{"name":"(anonymous_76)","decl":{"start":{"line":135,"column":14},"end":{"line":135,"column":24}},"loc":{"start":{"line":135,"column":14},"end":{"line":135,"column":24}}},"41":{"name":"(anonymous_80)","decl":{"start":{"line":139,"column":11},"end":{"line":139,"column":14}},"loc":{"start":{"line":139,"column":17},"end":{"line":139,"column":26}}},"42":{"name":"(anonymous_81)","decl":{"start":{"line":141,"column":2},"end":{"line":141,"column":6}},"loc":{"start":{"line":141,"column":2},"end":{"line":141,"column":6}}},"43":{"name":"(anonymous_83)","decl":{"start":{"line":141,"column":6},"end":{"line":141,"column":20}},"loc":{"start":{"line":141,"column":6},"end":{"line":141,"column":20}}},"44":{"name":"(anonymous_87)","decl":{"start":{"line":253,"column":18},"end":{"line":253,"column":21}},"loc":{"start":{"line":253,"column":24},"end":{"line":253,"column":46}}},"45":{"name":"(anonymous_88)","decl":{"start":{"line":272,"column":18},"end":{"line":272,"column":21}},"loc":{"start":{"line":272,"column":24},"end":{"line":272,"column":34}}},"46":{"name":"(anonymous_89)","decl":{"start":{"line":147,"column":2},"end":{"line":147,"column":14}},"loc":{"start":{"line":147,"column":2},"end":{"line":147,"column":14}}},"47":{"name":"(anonymous_91)","decl":{"start":{"line":147,"column":14},"end":{"line":147,"column":21}},"loc":{"start":{"line":147,"column":14},"end":{"line":147,"column":21}}},"48":{"name":"(anonymous_92)","decl":{"start":{"line":152,"column":2},"end":{"line":152,"column":20}},"loc":{"start":{"line":152,"column":2},"end":{"line":152,"column":20}}},"49":{"name":"(anonymous_94)","decl":{"start":{"line":152,"column":20},"end":{"line":152,"column":29}},"loc":{"start":{"line":152,"column":20},"end":{"line":152,"column":29}}},"50":{"name":"(anonymous_95)","decl":{"start":{"line":157,"column":2},"end":{"line":157,"column":23}},"loc":{"start":{"line":157,"column":2},"end":{"line":157,"column":23}}},"51":{"name":"(anonymous_97)","decl":{"start":{"line":157,"column":23},"end":{"line":157,"column":33}},"loc":{"start":{"line":157,"column":23},"end":{"line":157,"column":33}}},"52":{"name":"(anonymous_98)","decl":{"start":{"line":161,"column":2},"end":{"line":161,"column":22}},"loc":{"start":{"line":161,"column":2},"end":{"line":161,"column":22}}},"53":{"name":"(anonymous_100)","decl":{"start":{"line":161,"column":22},"end":{"line":161,"column":52}},"loc":{"start":{"line":161,"column":22},"end":{"line":161,"column":52}}},"54":{"name":"(anonymous_101)","decl":{"start":{"line":221,"column":2},"end":{"line":221,"column":29}},"loc":{"start":{"line":221,"column":2},"end":{"line":221,"column":29}}},"55":{"name":"(anonymous_103)","decl":{"start":{"line":221,"column":29},"end":{"line":221,"column":56}},"loc":{"start":{"line":221,"column":29},"end":{"line":221,"column":56}}},"56":{"name":"(anonymous_104)","decl":{"start":{"line":226,"column":2},"end":{"line":226,"column":14}},"loc":{"start":{"line":226,"column":2},"end":{"line":226,"column":14}}},"57":{"name":"(anonymous_106)","decl":{"start":{"line":226,"column":14},"end":{"line":226,"column":24}},"loc":{"start":{"line":226,"column":14},"end":{"line":226,"column":24}}},"58":{"name":"(anonymous_107)","decl":{"start":{"line":231,"column":2},"end":{"line":231,"column":22}},"loc":{"start":{"line":231,"column":2},"end":{"line":231,"column":22}}},"59":{"name":"(anonymous_109)","decl":{"start":{"line":231,"column":22},"end":{"line":231,"column":31}},"loc":{"start":{"line":231,"column":22},"end":{"line":231,"column":31}}},"60":{"name":"(anonymous_110)","decl":{"start":{"line":236,"column":2},"end":{"line":236,"column":25}},"loc":{"start":{"line":236,"column":2},"end":{"line":236,"column":25}}},"61":{"name":"(anonymous_112)","decl":{"start":{"line":236,"column":25},"end":{"line":236,"column":34}},"loc":{"start":{"line":236,"column":25},"end":{"line":236,"column":34}}},"62":{"name":"(anonymous_113)","decl":{"start":{"line":241,"column":2},"end":{"line":241,"column":20}},"loc":{"start":{"line":241,"column":2},"end":{"line":241,"column":20}}},"63":{"name":"(anonymous_115)","decl":{"start":{"line":241,"column":20},"end":{"line":241,"column":30}},"loc":{"start":{"line":241,"column":20},"end":{"line":241,"column":30}}},"64":{"name":"(anonymous_116)","decl":{"start":{"line":246,"column":2},"end":{"line":246,"column":19}},"loc":{"start":{"line":246,"column":2},"end":{"line":246,"column":19}}},"65":{"name":"(anonymous_118)","decl":{"start":{"line":246,"column":19},"end":{"line":246,"column":28}},"loc":{"start":{"line":246,"column":19},"end":{"line":246,"column":28}}},"66":{"name":"(anonymous_119)","decl":{"start":{"line":251,"column":2},"end":{"line":251,"column":16}},"loc":{"start":{"line":251,"column":2},"end":{"line":251,"column":16}}},"67":{"name":"(anonymous_121)","decl":{"start":{"line":251,"column":16},"end":{"line":251,"column":25}},"loc":{"start":{"line":251,"column":16},"end":{"line":251,"column":25}}},"68":{"name":"(anonymous_122)","decl":{"start":{"line":255,"column":2},"end":{"line":255,"column":19}},"loc":{"start":{"line":255,"column":2},"end":{"line":255,"column":19}}},"69":{"name":"(anonymous_124)","decl":{"start":{"line":255,"column":19},"end":{"line":255,"column":44}},"loc":{"start":{"line":255,"column":19},"end":{"line":255,"column":44}}},"70":{"name":"(anonymous_125)","decl":{"start":{"line":260,"column":2},"end":{"line":260,"column":9}},"loc":{"start":{"line":260,"column":2},"end":{"line":260,"column":9}}},"71":{"name":"(anonymous_127)","decl":{"start":{"line":260,"column":9},"end":{"line":260,"column":18}},"loc":{"start":{"line":260,"column":9},"end":{"line":260,"column":18}}},"72":{"name":"(anonymous_128)","decl":{"start":{"line":265,"column":2},"end":{"line":265,"column":14}},"loc":{"start":{"line":265,"column":2},"end":{"line":265,"column":14}}},"73":{"name":"(anonymous_130)","decl":{"start":{"line":265,"column":14},"end":{"line":265,"column":23}},"loc":{"start":{"line":265,"column":14},"end":{"line":265,"column":23}}},"74":{"name":"(anonymous_131)","decl":{"start":{"line":270,"column":2},"end":{"line":270,"column":8}},"loc":{"start":{"line":270,"column":2},"end":{"line":270,"column":8}}},"75":{"name":"(anonymous_133)","decl":{"start":{"line":270,"column":8},"end":{"line":270,"column":18}},"loc":{"start":{"line":270,"column":8},"end":{"line":270,"column":18}}},"76":{"name":"(anonymous_134)","decl":{"start":{"line":274,"column":2},"end":{"line":274,"column":7}},"loc":{"start":{"line":274,"column":2},"end":{"line":274,"column":7}}},"77":{"name":"(anonymous_136)","decl":{"start":{"line":274,"column":7},"end":{"line":274,"column":20}},"loc":{"start":{"line":274,"column":7},"end":{"line":274,"column":20}}},"78":{"name":"(anonymous_137)","decl":{"start":{"line":279,"column":2},"end":{"line":279,"column":13}},"loc":{"start":{"line":279,"column":2},"end":{"line":279,"column":13}}},"79":{"name":"(anonymous_139)","decl":{"start":{"line":279,"column":13},"end":{"line":279,"column":23}},"loc":{"start":{"line":279,"column":13},"end":{"line":279,"column":23}}},"80":{"name":"(anonymous_140)","decl":{"start":{"line":284,"column":2},"end":{"line":284,"column":15}},"loc":{"start":{"line":284,"column":2},"end":{"line":284,"column":15}}},"81":{"name":"(anonymous_142)","decl":{"start":{"line":284,"column":15},"end":{"line":284,"column":25}},"loc":{"start":{"line":284,"column":15},"end":{"line":284,"column":25}}},"82":{"name":"(anonymous_146)","decl":{"start":{"line":291,"column":2},"end":{"line":291,"column":8}},"loc":{"start":{"line":291,"column":2},"end":{"line":291,"column":8}}},"83":{"name":"(anonymous_148)","decl":{"start":{"line":291,"column":8},"end":{"line":291,"column":17}},"loc":{"start":{"line":291,"column":8},"end":{"line":291,"column":17}}},"84":{"name":"(anonymous_149)","decl":{"start":{"line":296,"column":2},"end":{"line":296,"column":7}},"loc":{"start":{"line":296,"column":2},"end":{"line":296,"column":7}}},"85":{"name":"(anonymous_151)","decl":{"start":{"line":296,"column":7},"end":{"line":296,"column":16}},"loc":{"start":{"line":296,"column":7},"end":{"line":296,"column":16}}},"86":{"name":"(anonymous_155)","decl":{"start":{"line":302,"column":2},"end":{"line":302,"column":8}},"loc":{"start":{"line":302,"column":2},"end":{"line":302,"column":8}}},"87":{"name":"(anonymous_157)","decl":{"start":{"line":302,"column":8},"end":{"line":302,"column":24}},"loc":{"start":{"line":302,"column":8},"end":{"line":302,"column":24}}},"88":{"name":"(anonymous_158)","decl":{"start":{"line":307,"column":2},"end":{"line":307,"column":18}},"loc":{"start":{"line":307,"column":2},"end":{"line":307,"column":18}}},"89":{"name":"(anonymous_160)","decl":{"start":{"line":307,"column":18},"end":{"line":307,"column":27}},"loc":{"start":{"line":307,"column":18},"end":{"line":307,"column":27}}},"90":{"name":"(anonymous_161)","decl":{"start":{"line":312,"column":2},"end":{"line":312,"column":8}},"loc":{"start":{"line":312,"column":2},"end":{"line":312,"column":8}}},"91":{"name":"(anonymous_163)","decl":{"start":{"line":312,"column":8},"end":{"line":312,"column":17}},"loc":{"start":{"line":312,"column":8},"end":{"line":312,"column":17}}},"92":{"name":"(anonymous_164)","decl":{"start":{"line":317,"column":2},"end":{"line":317,"column":15}},"loc":{"start":{"line":317,"column":2},"end":{"line":317,"column":15}}},"93":{"name":"(anonymous_166)","decl":{"start":{"line":317,"column":15},"end":{"line":317,"column":24}},"loc":{"start":{"line":317,"column":15},"end":{"line":317,"column":24}}},"94":{"name":"(anonymous_167)","decl":{"start":{"line":322,"column":2},"end":{"line":322,"column":7}},"loc":{"start":{"line":322,"column":2},"end":{"line":322,"column":7}}},"95":{"name":"(anonymous_169)","decl":{"start":{"line":322,"column":7},"end":{"line":322,"column":16}},"loc":{"start":{"line":322,"column":7},"end":{"line":322,"column":16}}},"96":{"name":"(anonymous_173)","decl":{"start":{"line":326,"column":11},"end":{"line":326,"column":14}},"loc":{"start":{"line":326,"column":17},"end":{"line":326,"column":34}}},"97":{"name":"(anonymous_174)","decl":{"start":{"line":328,"column":2},"end":{"line":328,"column":14}},"loc":{"start":{"line":328,"column":2},"end":{"line":328,"column":14}}},"98":{"name":"(anonymous_176)","decl":{"start":{"line":328,"column":14},"end":{"line":328,"column":36}},"loc":{"start":{"line":328,"column":14},"end":{"line":328,"column":36}}},"99":{"name":"(anonymous_180)","decl":{"start":{"line":332,"column":11},"end":{"line":332,"column":14}},"loc":{"start":{"line":332,"column":17},"end":{"line":332,"column":37}}},"100":{"name":"(anonymous_181)","decl":{"start":{"line":334,"column":2},"end":{"line":334,"column":10}},"loc":{"start":{"line":334,"column":2},"end":{"line":334,"column":10}}},"101":{"name":"(anonymous_183)","decl":{"start":{"line":334,"column":10},"end":{"line":334,"column":35}},"loc":{"start":{"line":334,"column":10},"end":{"line":334,"column":35}}},"102":{"name":"(anonymous_187)","decl":{"start":{"line":373,"column":18},"end":{"line":373,"column":21}},"loc":{"start":{"line":373,"column":24},"end":{"line":373,"column":48}}},"103":{"name":"(anonymous_188)","decl":{"start":{"line":377,"column":18},"end":{"line":377,"column":21}},"loc":{"start":{"line":377,"column":24},"end":{"line":377,"column":38}}},"104":{"name":"(anonymous_189)","decl":{"start":{"line":341,"column":2},"end":{"line":341,"column":17}},"loc":{"start":{"line":341,"column":2},"end":{"line":341,"column":17}}},"105":{"name":"(anonymous_191)","decl":{"start":{"line":341,"column":17},"end":{"line":341,"column":26}},"loc":{"start":{"line":341,"column":17},"end":{"line":341,"column":26}}},"106":{"name":"(anonymous_192)","decl":{"start":{"line":346,"column":2},"end":{"line":346,"column":16}},"loc":{"start":{"line":346,"column":2},"end":{"line":346,"column":16}}},"107":{"name":"(anonymous_194)","decl":{"start":{"line":346,"column":16},"end":{"line":346,"column":26}},"loc":{"start":{"line":346,"column":16},"end":{"line":346,"column":26}}},"108":{"name":"(anonymous_195)","decl":{"start":{"line":351,"column":2},"end":{"line":351,"column":13}},"loc":{"start":{"line":351,"column":2},"end":{"line":351,"column":13}}},"109":{"name":"(anonymous_197)","decl":{"start":{"line":351,"column":13},"end":{"line":351,"column":22}},"loc":{"start":{"line":351,"column":13},"end":{"line":351,"column":22}}},"110":{"name":"(anonymous_198)","decl":{"start":{"line":356,"column":2},"end":{"line":356,"column":10}},"loc":{"start":{"line":356,"column":2},"end":{"line":356,"column":10}}},"111":{"name":"(anonymous_200)","decl":{"start":{"line":356,"column":10},"end":{"line":356,"column":19}},"loc":{"start":{"line":356,"column":10},"end":{"line":356,"column":19}}},"112":{"name":"(anonymous_201)","decl":{"start":{"line":361,"column":2},"end":{"line":361,"column":16}},"loc":{"start":{"line":361,"column":2},"end":{"line":361,"column":16}}},"113":{"name":"(anonymous_203)","decl":{"start":{"line":361,"column":16},"end":{"line":361,"column":25}},"loc":{"start":{"line":361,"column":16},"end":{"line":361,"column":25}}},"114":{"name":"(anonymous_204)","decl":{"start":{"line":366,"column":2},"end":{"line":366,"column":11}},"loc":{"start":{"line":366,"column":2},"end":{"line":366,"column":11}}},"115":{"name":"(anonymous_206)","decl":{"start":{"line":366,"column":11},"end":{"line":366,"column":20}},"loc":{"start":{"line":366,"column":11},"end":{"line":366,"column":20}}},"116":{"name":"(anonymous_207)","decl":{"start":{"line":371,"column":2},"end":{"line":371,"column":24}},"loc":{"start":{"line":371,"column":2},"end":{"line":371,"column":24}}},"117":{"name":"(anonymous_209)","decl":{"start":{"line":371,"column":24},"end":{"line":371,"column":33}},"loc":{"start":{"line":371,"column":24},"end":{"line":371,"column":33}}},"118":{"name":"(anonymous_210)","decl":{"start":{"line":375,"column":2},"end":{"line":375,"column":21}},"loc":{"start":{"line":375,"column":2},"end":{"line":375,"column":21}}},"119":{"name":"(anonymous_212)","decl":{"start":{"line":375,"column":21},"end":{"line":375,"column":49}},"loc":{"start":{"line":375,"column":21},"end":{"line":375,"column":49}}},"120":{"name":"(anonymous_213)","decl":{"start":{"line":379,"column":2},"end":{"line":379,"column":11}},"loc":{"start":{"line":379,"column":2},"end":{"line":379,"column":11}}},"121":{"name":"(anonymous_215)","decl":{"start":{"line":379,"column":11},"end":{"line":379,"column":28}},"loc":{"start":{"line":379,"column":11},"end":{"line":379,"column":28}}},"122":{"name":"(anonymous_219)","decl":{"start":{"line":386,"column":2},"end":{"line":386,"column":8}},"loc":{"start":{"line":386,"column":2},"end":{"line":386,"column":8}}},"123":{"name":"(anonymous_221)","decl":{"start":{"line":386,"column":8},"end":{"line":386,"column":17}},"loc":{"start":{"line":386,"column":8},"end":{"line":386,"column":17}}},"124":{"name":"(anonymous_222)","decl":{"start":{"line":391,"column":2},"end":{"line":391,"column":7}},"loc":{"start":{"line":391,"column":2},"end":{"line":391,"column":7}}},"125":{"name":"(anonymous_224)","decl":{"start":{"line":391,"column":7},"end":{"line":391,"column":16}},"loc":{"start":{"line":391,"column":7},"end":{"line":391,"column":16}}},"126":{"name":"(anonymous_228)","decl":{"start":{"line":395,"column":11},"end":{"line":395,"column":14}},"loc":{"start":{"line":395,"column":17},"end":{"line":395,"column":36}}},"127":{"name":"(anonymous_229)","decl":{"start":{"line":397,"column":2},"end":{"line":397,"column":16}},"loc":{"start":{"line":397,"column":2},"end":{"line":397,"column":16}}},"128":{"name":"(anonymous_231)","decl":{"start":{"line":397,"column":16},"end":{"line":397,"column":40}},"loc":{"start":{"line":397,"column":16},"end":{"line":397,"column":40}}},"129":{"name":"(anonymous_235)","decl":{"start":{"line":401,"column":11},"end":{"line":401,"column":14}},"loc":{"start":{"line":401,"column":17},"end":{"line":401,"column":29}}},"130":{"name":"(anonymous_236)","decl":{"start":{"line":403,"column":2},"end":{"line":403,"column":9}},"loc":{"start":{"line":403,"column":2},"end":{"line":403,"column":9}}},"131":{"name":"(anonymous_238)","decl":{"start":{"line":403,"column":9},"end":{"line":403,"column":26}},"loc":{"start":{"line":403,"column":9},"end":{"line":403,"column":26}}},"132":{"name":"(anonymous_242)","decl":{"start":{"line":407,"column":11},"end":{"line":407,"column":14}},"loc":{"start":{"line":407,"column":17},"end":{"line":407,"column":31}}},"133":{"name":"(anonymous_243)","decl":{"start":{"line":409,"column":2},"end":{"line":409,"column":11}},"loc":{"start":{"line":409,"column":2},"end":{"line":409,"column":11}}},"134":{"name":"(anonymous_245)","decl":{"start":{"line":409,"column":11},"end":{"line":409,"column":30}},"loc":{"start":{"line":409,"column":11},"end":{"line":409,"column":30}}},"135":{"name":"(anonymous_249)","decl":{"start":{"line":414,"column":2},"end":{"line":414,"column":8}},"loc":{"start":{"line":414,"column":2},"end":{"line":414,"column":8}}},"136":{"name":"(anonymous_251)","decl":{"start":{"line":414,"column":8},"end":{"line":414,"column":29}},"loc":{"start":{"line":414,"column":8},"end":{"lin
[...]
29":{"start":{"line":60,"column":0},"end":{"line":60,"column":13}}},"fnMap":{"0":{"name":"(anonymous_0)","decl":{"start":{"line":2,"column":2},"end":{"line":2,"column":14}},"loc":{"start":{"line":2,"column":29},"end":{"line":5,"column":3}}},"1":{"name":"(anonymous_1)","decl":{"start":{"line":9,"column":2},"end":{"line":9,"column":14}},"loc":{"start":{"line":9,"column":34},"end":{"line":12,"column":3}}},"2":{"name":"(anonymous_2)","decl":{"start":{"line":16,"column":2},"end":{"line":16,"column":14}},"loc":{"start":{"line":16,"column":29},"end":{"line":19,"column":3}}},"3":{"name":"(anonymous_3)","decl":{"start":{"line":23,"column":2},"end":{"line":23,"column":14}},"loc":{"start":{"line":23,"column":34},"end":{"line":28,"column":3}}},"4":{"name":"(anonymous_4)","decl":{"start":{"line":31,"column":2},"end":{"line":31,"column":14}},"loc":{"start":{"line":31,"column":41},"end":{"line":34,"column":3}}},"5":{"name":"(anonymous_5)","decl":{"start":{"line":37,"column":2},"end":{"line":37,"column":null}},"loc":{"start":{"line":37,"column":2},"end":{"line":40,"column":3}}},"6":{"name":"(anonymous_6)","decl":{"start":{"line":44,"column":2},"end":{"line":44,"column":null}},"loc":{"start":{"line":44,"column":2},"end":{"line":48,"column":3}}},"7":{"name":"(anonymous_7)","decl":{"start":{"line":52,"column":2},"end":{"line":52,"column":null}},"loc":{"start":{"line":52,"column":2},"end":{"line":56,"column":3}}},"8":{"name":"(anonymous_8)","decl":{"start":{"line":61,"column":2},"end":{"line":61,"column":14}},"loc":{"start":{"line":61,"column":71},"end":{"line":65,"column":3}}}},"branchMap":{"0":{"loc":{"start":{"line":31,"column":14},"end":{"line":31,"column":41}},"type":"default-arg","locations":[{"start":{"line":31,"column":28},"end":{"line":31,"column":41}}]},"1":{"loc":{"start":{"line":61,"column":14},"end":{"line":61,"column":71}},"type":"default-arg","locations":[{"start":{"line":61,"column":24},"end":{"line":61,"column":71}}]}},"s":{"0":15,"1":15,"2":13,"3":3,"4":3,"5":13,"6":11,"7":11,"8":13,"9":4,"10":4,"11":13,"12":4,"13":4,"14":13,"15":2,"16":2,"17":13,"18":2,"19":2,"20":2,"21":13,"22":2,"23":2,"24":2,"25":13,"26":2,"27":2,"28":2,"29":13},"f":{"0":15,"1":3,"2":11,"3":4,"4":4,"5":2,"6":2,"7":2,"8":2},"b":{"0":[3],"1":[1]}}
,"C:\\Users\\usuario\\Documents\\library\\npm\\osodreamer-sri-xml-signer\\src\\sign-xml\\infrastructure\\handlers\\error.handle.ts": {"path":"C:\\Users\\usuario\\Documents\\library\\npm\\osodreamer-sri-xml-signer\\src\\sign-xml\\infrastructure\\handlers\\error.handle.ts","statementMap":{"0":{"start":{"line":1,"column":0},"end":{"line":1,"column":null}},"1":{"start":{"line":16,"column":4},"end":{"line":22,"column":5}},"2":{"start":{"line":17,"column":6},"end":{"line":21,"column":8}},"3":{"start":{"line":24,"column":4},"end":{"line":30,"column":5}},"4":{"start":{"line":25,"column":6},"end":{"line":29,"column":8}},"5":{"start":{"line":32,"column":4},"end":{"line":38,"column":5}},"6":{"start":{"line":33,"column":6},"end":{"line":37,"column":8}},"7":{"start":{"line":40,"column":4},"end":{"line":46,"column":5}},"8":{"start":{"line":41,"column":6},"end":{"line":45,"column":8}},"9":{"start":{"line":48,"column":4},"end":{"line":54,"column":5}},"10":{"start":{"line":49,"column":6},"end":{"line":53,"column":8}},"11":{"start":{"line":55,"column":4},"end":{"line":61,"column":5}},"12":{"start":{"line":56,"column":6},"end":{"line":60,"column":8}},"13":{"start":{"line":62,"column":4},"end":{"line":68,"column":5}},"14":{"start":{"line":63,"column":6},"end":{"line":67,"column":8}},"15":{"start":{"line":69,"column":4},"end":{"line":75,"column":5}},"16":{"start":{"line":70,"column":6},"end":{"line":74,"column":8}},"17":{"start":{"line":77,"column":4},"end":{"line":83,"column":5}},"18":{"start":{"line":78,"column":6},"end":{"line":82,"column":8}},"19":{"start":{"line":85,"column":4},"end":{"line":91,"column":5}},"20":{"start":{"line":86,"column":6},"end":{"line":90,"column":8}},"21":{"start":{"line":93,"column":4},"end":{"line":97,"column":6}},"22":{"start":{"line":14,"column":0},"end":{"line":14,"column":13}}},"fnMap":{"0":{"name":"(anonymous_0)","decl":{"start":{"line":15,"column":2},"end":{"line":15,"column":8}},"loc":{"start":{"line":15,"column":30},"end":{"line":98,"column":3}}}},"branchMap":{"0":{"loc":{"start":{"line":16,"column":4},"end":{"line":22,"column":5}},"type":"if","locations":[{"start":{"line":16,"column":4},"end":{"line":22,"column":5}},{"start":{},"end":{}}]},"1":{"loc":{"start":{"line":24,"column":4},"end":{"line":30,"column":5}},"type":"if","locations":[{"start":{"line":24,"column":4},"end":{"line":30,"column":5}},{"start":{},"end":{}}]},"2":{"loc":{"start":{"line":32,"column":4},"end":{"line":38,"column":5}},"type":"if","locations":[{"start":{"line":32,"column":4},"end":{"line":38,"column":5}},{"start":{},"end":{}}]},"3":{"loc":{"start":{"line":40,"column":4},"end":{"line":46,"column":5}},"type":"if","locations":[{"start":{"line":40,"column":4},"end":{"line":46,"column":5}},{"start":{},"end":{}}]},"4":{"loc":{"start":{"line":48,"column":4},"end":{"line":54,"column":5}},"type":"if","locations":[{"start":{"line":48,"column":4},"end":{"line":54,"column":5}},{"start":{},"end":{}}]},"5":{"loc":{"start":{"line":55,"column":4},"end":{"line":61,"column":5}},"type":"if","locations":[{"start":{"line":55,"column":4},"end":{"line":61,"column":5}},{"start":{},"end":{}}]},"6":{"loc":{"start":{"line":62,"column":4},"end":{"line":68,"column":5}},"type":"if","locations":[{"start":{"line":62,"column":4},"end":{"line":68,"column":5}},{"start":{},"end":{}}]},"7":{"loc":{"start":{"line":69,"column":4},"end":{"line":75,"column":5}},"type":"if","locations":[{"start":{"line":69,"column":4},"end":{"line":75,"column":5}},{"start":{},"end":{}}]},"8":{"loc":{"start":{"line":77,"column":4},"end":{"line":83,"column":5}},"type":"if","locations":[{"start":{"line":77,"column":4},"end":{"line":83,"column":5}},{"start":{},"end":{}}]},"9":{"loc":{"start":{"line":85,"column":4},"end":{"line":91,"column":5}},"type":"if","locations":[{"start":{"line":85,"column":4},"end":{"line":91,"column":5}},{"start":{},"end":{}}]}},"s":{"0":2,"1":11,"2":1,"3":10,"4":1,"5":9,"6":1,"7":8,"8":1,"9":7,"10":1,"11":6,"12":1,"13":5,"14":1,"15":4,"16":1,"17":3,"18":1,"19":2,"20":1,"21":1,"22":2},"f":{"0":11},"b":{"0":[1,10],"1":[1,9],"2":[1,8],"3":[1,7],"4":[1,6],"5":[1,5],"6":[1,4],"7":[1,3],"8":[1,2],"9":[1,1]}}
,"C:\\Users\\usuario\\Documents\\library\\npm\\osodreamer-sri-xml-signer\\src\\sign-xml\\infrastructure\\handlers\\index.ts": {"path":"C:\\Users\\usuario\\Documents\\library\\npm\\osodreamer-sri-xml-signer\\src\\sign-xml\\infrastructure\\handlers\\index.ts","statementMap":{"0":{"start":{"line":1,"column":0},"end":{"line":1,"column":31}}},"fnMap":{},"branchMap":{},"s":{"0":2},"f":{},"b":{}}
,"C:\\Users\\usuario\\Documents\\library\\npm\\osodreamer-sri-xml-signer\\src\\sign-xml\\infrastructure\\hash\\hash-provider.implement.ts": {"path":"C:\\Users\\usuario\\Documents\\library\\npm\\osodreamer-sri-xml-signer\\src\\sign-xml\\infrastructure\\hash\\hash-provider.implement.ts","statementMap":{"0":{"start":{"line":2,"column":0},"end":{"line":2,"column":36}},"1":{"start":{"line":5,"column":15},"end":{"line":5,"column":37}},"2":{"start":{"line":6,"column":4},"end":{"line":6,"column":21}},"3":{"start":{"line":7,"column":22},"end":{"line":7,"column":41}},"4":{"start":{"line":8,"column":24},"end":{"line":8,"column":56}},"5":{"start":{"line":9,"column":4},"end":{"line":9,"column":44}},"6":{"start":{"line":12,"column":4},"end":{"line":12,"column":47}},"7":{"start":{"line":3,"column":0},"end":{"line":3,"column":13}}},"fnMap":{"0":{"name":"(anonymous_9)","decl":{"start":{"line":4,"column":2},"end":{"line":4,"column":12}},"loc":{"start":{"line":4,"column":26},"end":{"line":10,"column":3}}},"1":{"name":"(anonymous_10)","decl":{"start":{"line":11,"column":2},"end":{"line":11,"column":15}},"loc":{"start":{"line":11,"column":33},"end":{"line":13,"column":3}}}},"branchMap":{},"s":{"0":3,"1":1,"2":1,"3":1,"4":1,"5":1,"6":1,"7":3},"f":{"0":1,"1":1},"b":{}}
,"C:\\Users\\usuario\\Documents\\library\\npm\\osodreamer-sri-xml-signer\\src\\sign-xml\\infrastructure\\signature-generation\\signature-id-generator.implement.ts": {"path":"C:\\Users\\usuario\\Documents\\library\\npm\\osodreamer-sri-xml-signer\\src\\sign-xml\\infrastructure\\signature-generation\\signature-id-generator.implement.ts","statementMap":{"0":{"start":{"line":6,"column":4},"end":{"line":15,"column":6}},"1":{"start":{"line":18,"column":16},"end":{"line":18,"column":34}},"2":{"start":{"line":19,"column":4},"end":{"line":19,"column":32}},"3":{"start":{"line":20,"column":4},"end":{"line":20,"column":52}},"4":{"start":{"line":4,"column":0},"end":{"line":4,"column":13}}},"fnMap":{"0":{"name":"(anonymous_0)","decl":{"start":{"line":5,"column":2},"end":{"line":5,"column":13}},"loc":{"start":{"line":5,"column":13},"end":{"line":16,"column":3}}},"1":{"name":"(anonymous_1)","decl":{"start":{"line":17,"column":2},"end":{"line":17,"column":21}},"loc":{"start":{"line":17,"column":21},"end":{"line":21,"column":3}}}},"branchMap":{},"s":{"0":1,"1":9,"2":9,"3":9,"4":3},"f":{"0":1,"1":9},"b":{}}
,"C:\\Users\\usuario\\Documents\\library\\npm\\osodreamer-sri-xml-signer\\src\\sign-xml\\infrastructure\\validations\\p12.validation.ts": {"path":"C:\\Users\\usuario\\Documents\\library\\npm\\osodreamer-sri-xml-signer\\src\\sign-xml\\infrastructure\\validations\\p12.validation.ts","statementMap":{"0":{"start":{"line":4,"column":0},"end":{"line":4,"column":16}},"1":{"start":{"line":1,"column":0},"end":{"line":1,"column":36}},"2":{"start":{"line":2,"column":0},"end":{"line":2,"column":78}},"3":{"start":{"line":9,"column":20},"end":{"line":11,"column":13}},"4":{"start":{"line":10,"column":16},"end":{"line":10,"column":38}},"5":{"start":{"line":14,"column":2},"end":{"line":18,"column":3}},"6":{"start":{"line":15,"column":4},"end":{"line":15,"column":76}},"7":{"start":{"line":17,"column":4},"end":{"line":17,"column":41}},"8":{"start":{"line":20,"column":2},"end":{"line":24,"column":3}},"9":{"start":{"line":21,"column":4},"end":{"line":21,"column":48}},"10":{"start":{"line":23,"column":4},"end":{"line":23,"column":40}}},"fnMap":{"0":{"name":"assertIsValidP12OrThrow","decl":{"start":{"line":4,"column":16},"end":{"line":4,"column":39}},"loc":{"start":{"line":6,"column":18},"end":{"line":25,"column":1}}},"1":{"name":"(anonymous_10)","decl":{"start":{"line":10,"column":9},"end":{"line":10,"column":10}},"loc":{"start":{"line":10,"column":16},"end":{"line":10,"column":38}}}},"branchMap":{},"s":{"0":2,"1":2,"2":2,"3":3,"4":12,"5":3,"6":3,"7":1,"8":2,"9":2,"10":1},"f":{"0":3,"1":12},"b":{}}
,"C:\\Users\\usuario\\Documents\\library\\npm\\osodreamer-sri-xml-signer\\src\\sign-xml\\infrastructure\\xml-dom-context\\xml-dom.context.ts": {"path":"C:\\Users\\usuario\\Documents\\library\\npm\\osodreamer-sri-xml-signer\\src\\sign-xml\\infrastructure\\xml-dom-context\\xml-dom.context.ts","statementMap":{"0":{"start":{"line":1,"column":0},"end":{"line":1,"column":43}},"1":{"start":{"line":6,"column":0},"end":{"line":6,"column":53}},"2":{"start":{"line":12,"column":4},"end":{"line":20,"column":5}},"3":{"start":{"line":13,"column":18},"end":{"line":15,"column":47}},"4":{"start":{"line":17,"column":6},"end":{"line":17,"column":21}},"5":{"start":{"line":19,"column":6},"end":{"line":19,"column":43}},"6":{"start":{"line":24,"column":4},"end":{"line":24,"column":20}},"7":{"start":{"line":28,"column":4},"end":{"line":28,"column":36}},"8":{"start":{"line":8,"column":0},"end":{"line":8,"column":13}}},"fnMap":{"0":{"name":"(anonymous_0)","decl":{"start":{"line":11,"column":2},"end":{"line":11,"column":14}},"loc":{"start":{"line":11,"column":31},"end":{"line":21,"column":3}}},"1":{"name":"(anonymous_1)","decl":{"start":{"line":14,"column":22},"end":{"line":14,"column":25}},"loc":{"start":{"line":14,"column":27},"end":{"line":14,"column":30}}},"2":{"name":"(anonymous_2)","decl":{"start":{"line":23,"column":2},"end":{"line":23,"column":13}},"loc":{"start":{"line":23,"column":13},"end":{"line":25,"column":3}}},"3":{"name":"(anonymous_3)","decl":{"start":{"line":27,"column":2},"end":{"line":27,"column":13}},"loc":{"start":{"line":27,"column":13},"end":{"line":29,"column":3}}}},"branchMap":{},"s":{"0":4,"1":4,"2":7,"3":7,"4":6,"5":1,"6":4,"7":2,"8":4},"f":{"0":7,"1":8,"2":4,"3":2},"b":{}}
,"C:\\Users\\usuario\\Documents\\library\\npm\\osodreamer-sri-xml-signer\\src\\utils\\date-utils.ts": {"path":"C:\\Users\\usuario\\Documents\\library\\npm\\osodreamer-sri-xml-signer\\src\\utils\\date-utils.ts","statementMap":{"0":{"start":{"line":4,"column":0},"end":{"line":4,"column":16}},"1":{"start":{"line":14,"column":0},"end":{"line":14,"column":16}},"2":{"start":{"line":25,"column":0},"end":{"line":25,"column":16}},"3":{"start":{"line":5,"column":12},"end":{"line":5,"column":51}},"4":{"start":{"line":6,"column":12},"end":{"line":6,"column":56}},"5":{"start":{"line":7,"column":12},"end":{"line":7,"column":30}},"6":{"start":{"line":8,"column":2},"end":{"line":8,"column":24}},"7":{"start":{"line":15,"column":12},"end":{"line":15,"column":51}},"8":{"start":{"line":16,"column":12},"end":{"line":16,"column":56}},"9":{"start":{"line":17,"column":2},"end":{"line":17,"column":20}},"10":{"start":{"line":26,"column":22},"end":{"line":26,"column":46}},"11":{"start":{"line":27,"column":24},"end":{"line":27,"column":27}},"12":{"start":{"line":31,"column":4},"end":{"line":33,"column":73}},"13":{"start":{"line":35,"column":12},"end":{"line":35,"column":36}},"14":{"start":{"line":36,"column":13},"end":{"line":36,"column":63}},"15":{"start":{"line":37,"column":12},"end":{"line":37,"column":57}},"16":{"start":{"line":38,"column":12},"end":{"line":38,"column":58}},"17":{"start":{"line":39,"column":13},"end":{"line":39,"column":61}},"18":{"start":{"line":40,"column":12},"end":{"line":40,"column":60}},"19":{"start":{"line":42,"column":2},"end":{"line":42,"column":49}}},"fnMap":{"0":{"name":"formatDDMMYYYY","decl":{"start":{"line":4,"column":16},"end":{"line":4,"column":30}},"loc":{"start":{"line":4,"column":41},"end":{"line":9,"column":1}}},"1":{"name":"formatDDMM","decl":{"start":{"line":14,"column":16},"end":{"line":14,"column":26}},"loc":{"start":{"line":14,"column":37},"end":{"line":18,"column":1}}},"2":{"name":"formatDateTimeEcuador","decl":{"start":{"line":25,"column":16},"end":{"line":25,"column":37}},"loc":{"start":{"line":25,"column":61},"end":{"line":43,"column":1}}}},"branchMap":{"0":{"loc":{"start":{"line":25,"column":38},"end":{"line":25,"column":61}},"type":"default-arg","locations":[{"start":{"line":25,"column":51},"end":{"line":25,"column":61}}]},"1":{"loc":{"start":{"line":31,"column":4},"end":{"line":33,"column":73}},"type":"cond-expr","locations":[{"start":{"line":32,"column":8},"end":{"line":32,"column":12}},{"start":{"line":33,"column":8},"end":{"line":33,"column":73}}]}},"s":{"0":6,"1":6,"2":6,"3":8,"4":8,"5":8,"6":8,"7":15,"8":15,"9":15,"10":3,"11":3,"12":3,"13":3,"14":3,"15":3,"16":3,"17":3,"18":3,"19":3},"f":{"0":8,"1":15,"2":3},"b":{"0":[1],"1":[2,1]}}
,"C:\\Users\\usuario\\Documents\\library\\npm\\osodreamer-sri-xml-signer\\src\\utils\\index.ts": {"path":"C:\\Users\\usuario\\Documents\\library\\npm\\osodreamer-sri-xml-signer\\src\\utils\\index.ts","statementMap":{"0":{"start":{"line":1,"column":0},"end":{"line":1,"column":29}},"1":{"start":{"line":2,"column":0},"end":{"line":2,"column":28}},"2":{"start":{"line":3,"column":0},"end":{"line":3,"column":27}}},"fnMap":{},"branchMap":{},"s":{"0":5,"1":5,"2":5},"f":{},"b":{}}
,"C:\\Users\\usuario\\Documents\\library\\npm\\osodreamer-sri-xml-signer\\src\\utils\\utf8.util.ts": {"path":"C:\\Users\\usuario\\Documents\\library\\npm\\osodreamer-sri-xml-signer\\src\\utils\\utf8.util.ts","statementMap":{"0":{"start":{"line":1,"column":0},"end":{"line":1,"column":16}},"1":{"start":{"line":11,"column":0},"end":{"line":11,"column":16}},"2":{"start":{"line":2,"column":2},"end":{"line":2,"column":56}},"3":{"start":{"line":2,"column":19},"end":{"line":2,"column":56}},"4":{"start":{"line":4,"column":18},"end":{"line":4,"column":35}},"5":{"start":{"line":5,"column":16},"end":{"line":5,"column":35}},"6":{"start":{"line":8,"column":2},"end":{"line":8,"column":39}},"7":{"start":{"line":12,"column":2},"end":{"line":12,"column":56}},"8":{"start":{"line":12,"column":19},"end":{"line":12,"column":56}},"9":{"start":{"line":15,"column":16},"end":{"line":15,"column":42}},"10":{"start":{"line":16,"column":2},"end":{"line":18,"column":3}},"11":{"start":{"line":16,"column":15},"end":{"line":16,"column":16}},"12":{"start":{"line":17,"column":4},"end":{"line":17,"column":33}},"13":{"start":{"line":20,"column":18},"end":{"line":20,"column":35}},"14":{"start":{"line":21,"column":2},"end":{"line":21,"column":31}}},"fnMap":{"0":{"name":"utf8Encode","decl":{"start":{"line":1,"column":16},"end":{"line":1,"column":26}},"loc":{"start":{"line":1,"column":38},"end":{"line":9,"column":1}}},"1":{"name":"utf8Decode","decl":{"start":{"line":11,"column":16},"end":{"line":11,"column":26}},"loc":{"start":{"line":11,"column":38},"end":{"line":22,"column":1}}}},"branchMap":{"0":{"loc":{"start":{"line":2,"column":2},"end":{"line":2,"column":56}},"type":"if","locations":[{"start":{"line":2,"column":2},"end":{"line":2,"column":56}},{"start":{},"end":{}}]},"1":{"loc":{"start":{"line":12,"column":2},"end":{"line":12,"column":56}},"type":"if","locations":[{"start":{"line":12,"column":2},"end":{"line":12,"column":56}},{"start":{},"end":{}}]}},"s":{"0":6,"1":6,"2":6,"3":2,"4":4,"5":4,"6":4,"7":4,"8":2,"9":2,"10":2,"11":2,"12":38,"13":2,"14":2},"f":{"0":6,"1":4},"b":{"0":[2,4],"1":[2,2]}}
,"C:\\Users\\usuario\\Documents\\library\\npm\\osodreamer-sri-xml-signer\\src\\utils\\xml.util.ts": {"path":"C:\\Users\\usuario\\Documents\\library\\npm\\osodreamer-sri-xml-signer\\src\\utils\\xml.util.ts","statementMap":{"0":{"start":{"line":10,"column":0},"end":{"line":10,"column":16}},"1":{"start":{"line":19,"column":0},"end":{"line":19,"column":16}},"2":{"start":{"line":31,"column":0},"end":{"line":31,"column":16}},"3":{"start":{"line":1,"column":0},"end":{"line":1,"column":47}},"4":{"start":{"line":11,"column":18},"end":{"line":11,"column":57}},"5":{"start":{"line":12,"column":21},"end":{"line":12,"column":51}},"6":{"start":{"line":14,"column":2},"end":{"line":16,"column":3}},"7":{"start":{"line":15,"column":4},"end":{"line":15,"column":66}},"8":{"start":{"line":20,"column":15},"end":{"line":20,"column":17}},"9":{"start":{"line":21,"column":14},"end":{"line":21,"column":30}},"10":{"start":{"line":22,"column":2},"end":{"line":24,"column":3}},"11":{"start":{"line":22,"column":15},"end":{"line":22,"column":16}},"12":{"start":{"line":23,"column":4},"end":{"line":23,"column":44}},"13":{"start":{"line":25,"column":2},"end":{"line":25,"column":22}},"14":{"start":{"line":32,"column":2},"end":{"line":34,"column":5}},"15":{"start":{"line":33,"column":4},"end":{"line":33,"column":39}}},"fnMap":{"0":{"name":"assertValidXml","decl":{"start":{"line":10,"column":16},"end":{"line":10,"column":30}},"loc":{"start":{"line":10,"column":49},"end":{"line":17,"column":1}}},"1":{"name":"uint8ArrayToBase64","decl":{"start":{"line":19,"column":16},"end":{"line":19,"column":34}},"loc":{"start":{"line":19,"column":52},"end":{"line":26,"column":1}}},"2":{"name":"normalizeSelfClosingTags","decl":{"start":{"line":31,"column":16},"end":{"line":31,"column":40}},"loc":{"start":{"line":31,"column":52},"end":{"line":35,"column":1}}},"3":{"name":"(anonymous_3)","decl":{"start":{"line":32,"column":46},"end":{"line":32,"column":47}},"loc":{"start":{"line":32,"column":69},"end":{"line":34,"column":3}}}},"branchMap":{"0":{"loc":{"start":{"line":14,"column":2},"end":{"line":16,"column":3}},"type":"if","locations":[{"start":{"line":14,"column":2},"end":{"line":16,"column":3}},{"start":{},"end":{}}]}},"s":{"0":6,"1":6,"2":6,"3":6,"4":2,"5":2,"6":2,"7":1,"8":1,"9":1,"10":1,"11":1,"12":5,"13":1,"14":3,"15":3},"f":{"0":2,"1":1,"2":3,"3":3},"b":{"0":[1,1]}}
}
