TN:
SF:src\sign-xml\sign-xml.ts
FN:11,signXml
FNF:1
FNH:1
FNDA:2,signXml
DA:1,1
DA:3,1
DA:4,1
DA:5,1
DA:7,1
DA:8,1
DA:9,1
DA:11,1
DA:12,2
DA:13,2
DA:14,2
DA:20,2
DA:21,1
DA:22,1
DA:24,1
DA:25,1
DA:30,1
DA:32,1
DA:34,1
DA:36,1
LF:20
LH:20
BRF:0
BRH:0
end_of_record
TN:
SF:src\sign-xml\application\use-cases.ts
FN:6,(anonymous_0)
FN:11,(anonymous_1)
FNF:2
FNH:2
FNDA:2,(anonymous_0)
FNDA:1,(anonymous_1)
DA:5,3
DA:7,2
DA:8,2
DA:15,1
DA:17,1
DA:21,1
DA:22,1
LF:7
LH:7
BRF:0
BRH:0
end_of_record
TN:
SF:src\sign-xml\common\utils\crypto.util.ts
FN:4,(anonymous_9)
FN:8,(anonymous_10)
FN:14,(anonymous_11)
FN:18,(anonymous_12)
FN:24,(anonymous_13)
FNF:5
FNH:5
FNDA:1,(anonymous_9)
FNDA:5,(anonymous_10)
FNDA:1,(anonymous_11)
FNDA:8,(anonymous_12)
FNDA:2,(anonymous_13)
DA:1,2
DA:3,2
DA:5,1
DA:6,1
DA:9,5
DA:11,1
DA:15,1
DA:16,1
DA:18,8
DA:20,1
DA:21,1
DA:25,2
DA:26,2
DA:27,2
LF:14
LH:14
BRF:0
BRH:0
end_of_record
TN:
SF:src\sign-xml\common\utils\index.ts
FNF:0
FNH:0
DA:1,2
LF:1
LH:1
BRF:0
BRH:0
end_of_record
TN:
SF:src\sign-xml\domain\xades-signature.service.ts
FN:21,(anonymous_0)
FN:29,(anonymous_1)
FNF:2
FNH:2
FNDA:2,(anonymous_0)
FNDA:1,(anonymous_1)
DA:10,3
DA:15,3
DA:17,3
DA:20,3
DA:22,2
DA:23,2
DA:24,2
DA:25,2
DA:26,2
DA:30,1
DA:31,1
DA:32,1
DA:34,1
DA:35,1
DA:37,1
DA:39,1
DA:40,1
DA:41,1
DA:42,1
DA:44,1
DA:45,1
DA:54,1
DA:58,1
DA:65,1
DA:67,1
DA:74,1
DA:76,1
DA:84,1
LF:28
LH:28
BRF:0
BRH:0
end_of_record
TN:
SF:src\sign-xml\domain\assemblers\index.ts
FNF:0
FNH:0
DA:1,3
LF:1
LH:1
BRF:0
BRH:0
end_of_record
TN:
SF:src\sign-xml\domain\assemblers\xades-document.assembler.ts
FN:4,(anonymous_0)
FNF:1
FNH:1
FNDA:1,(anonymous_0)
DA:3,3
DA:11,1
DA:13,1
LF:3
LH:3
BRF:0
BRH:0
end_of_record
TN:
SF:src\sign-xml\domain\builders\index.ts
FNF:0
FNH:0
DA:1,3
DA:2,3
DA:3,3
LF:3
LH:3
BRF:0
BRH:0
end_of_record
TN:
SF:src\sign-xml\domain\builders\keyInfo.builder.ts
FN:4,(anonymous_0)
FNF:1
FNH:1
FNDA:1,(anonymous_0)
DA:1,3
DA:3,3
DA:10,1
DA:12,1
LF:4
LH:4
BRF:0
BRH:0
end_of_record
TN:
SF:src\sign-xml\domain\builders\signed-info.builder.ts
FN:12,(anonymous_0)
FNF:1
FNH:1
FNDA:1,(anonymous_0)
DA:1,3
DA:11,3
DA:19,1
DA:21,1
LF:4
LH:4
BRF:0
BRH:0
end_of_record
TN:
SF:src\sign-xml\domain\builders\signed-properties.builder.ts
FN:5,(anonymous_0)
FN:7,(anonymous_1)
FNF:2
FNH:2
FNDA:1,(anonymous_0)
FNDA:1,(anonymous_1)
DA:1,3
DA:4,3
DA:5,1
DA:22,1
DA:24,1
DA:26,1
LF:6
LH:6
BRF:0
BRH:0
end_of_record
TN:
SF:src\sign-xml\domain\enums\index.ts
FNF:0
FNH:0
DA:1,3
LF:1
LH:1
BRF:0
BRH:0
end_of_record
TN:
SF:src\sign-xml\domain\enums\xml-namespaces.enum.ts
FN:2,(anonymous_0)
FN:9,(anonymous_1)
FN:14,(anonymous_2)
FN:19,(anonymous_3)
FN:24,(anonymous_4)
FN:29,(anonymous_5)
FNF:6
FNH:6
FNDA:3,(anonymous_0)
FNDA:3,(anonymous_1)
FNDA:3,(anonymous_2)
FNDA:3,(anonymous_3)
FNDA:3,(anonymous_4)
FNDA:3,(anonymous_5)
DA:2,3
DA:3,3
DA:4,3
DA:7,3
DA:9,3
DA:10,3
DA:14,3
DA:15,3
DA:19,3
DA:20,3
DA:24,3
DA:25,3
DA:29,3
DA:30,3
LF:14
LH:14
BRDA:2,0,0,3
BRDA:2,0,1,3
BRDA:9,1,0,3
BRDA:9,1,1,3
BRDA:14,2,0,3
BRDA:14,2,1,3
BRDA:19,3,0,3
BRDA:19,3,1,3
BRDA:24,4,0,3
BRDA:24,4,1,3
BRDA:29,5,0,3
BRDA:29,5,1,3
BRF:12
BRH:12
end_of_record
TN:
SF:src\sign-xml\infrastructure\XmlSignatureInjector.ts
FN:5,(anonymous_0)
FN:6,(anonymous_1)
FNF:2
FNH:2
FNDA:3,(anonymous_0)
FNDA:2,(anonymous_1)
DA:1,3
DA:4,3
DA:5,3
DA:7,2
DA:8,2
DA:10,2
DA:11,2
DA:15,2
DA:17,2
DA:19,2
LF:10
LH:10
BRF:0
BRH:0
end_of_record
TN:
SF:src\sign-xml\infrastructure\forge-rsa-sha1-signer.implementation.ts
FN:5,(anonymous_9)
FN:7,(anonymous_10)
FNF:2
FNH:2
FNDA:4,(anonymous_9)
FNDA:4,(anonymous_10)
DA:1,3
DA:4,3
DA:5,4
DA:8,4
DA:9,4
DA:11,4
DA:12,4
DA:15,4
LF:8
LH:8
BRDA:15,0,0,4
BRDA:15,0,1,0
BRDA:15,1,0,4
BRDA:15,1,1,4
BRDA:15,2,0,0
BRDA:15,2,1,4
BRDA:15,3,0,4
BRDA:15,3,1,4
BRF:8
BRH:6
end_of_record
TN:
SF:src\sign-xml\infrastructure\canonicalizer\canonicalizer.implement.ts
FN:6,(anonymous_0)
FN:7,(anonymous_1)
FNF:2
FNH:2
FNDA:3,(anonymous_0)
FNDA:2,(anonymous_1)
DA:2,3
DA:5,3
DA:6,3
DA:8,2
DA:10,2
DA:15,2
LF:6
LH:6
BRF:0
BRH:0
end_of_record
TN:
SF:src\sign-xml\infrastructure\canonicalizer\exclusive-canonicalization-ts\Algorithm.ts
FN:8,(anonymous_0)
FN:12,(anonymous_1)
FN:21,(anonymous_2)
FNF:3
FNH:3
FNDA:22,(anonymous_0)
FNDA:1,(anonymous_1)
FNDA:1,(anonymous_2)
DA:7,4
DA:8,22
DA:13,1
DA:23,1
LF:4
LH:4
BRF:0
BRH:0
end_of_record
TN:
SF:src\sign-xml\infrastructure\canonicalizer\exclusive-canonicalization-ts\ExclusiveCanonicalization.ts
FN:17,(anonymous_0)
FN:23,(anonymous_1)
FN:30,(anonymous_2)
FN:34,(anonymous_3)
FN:38,(anonymous_4)
FN:42,(anonymous_5)
FN:47,(anonymous_6)
FN:52,(anonymous_7)
FN:56,(anonymous_8)
FN:62,(anonymous_9)
FN:68,(anonymous_10)
FN:70,(anonymous_11)
FN:72,(anonymous_12)
FN:76,(anonymous_13)
FN:93,(anonymous_14)
FN:95,(anonymous_15)
FN:113,(anonymous_16)
FN:116,(anonymous_17)
FN:145,(anonymous_18)
FN:149,(anonymous_19)
FN:153,(anonymous_20)
FN:170,(anonymous_21)
FNF:22
FNH:18
FNDA:20,(anonymous_0)
FNDA:1,(anonymous_1)
FNDA:2,(anonymous_2)
FNDA:2,(anonymous_3)
FNDA:3,(anonymous_4)
FNDA:1,(anonymous_5)
FNDA:1,(anonymous_6)
FNDA:12,(anonymous_7)
FNDA:7,(anonymous_8)
FNDA:5,(anonymous_9)
FNDA:13,(anonymous_10)
FNDA:11,(anonymous_11)
FNDA:4,(anonymous_12)
FNDA:13,(anonymous_13)
FNDA:0,(anonymous_14)
FNDA:0,(anonymous_15)
FNDA:0,(anonymous_16)
FNDA:0,(anonymous_17)
FNDA:1,(anonymous_18)
FNDA:1,(anonymous_19)
FNDA:19,(anonymous_20)
FNDA:6,(anonymous_21)
DA:2,3
DA:3,3
DA:4,3
DA:5,3
DA:6,3
DA:7,3
DA:13,3
DA:18,20
DA:19,20
DA:20,20
DA:24,1
DA:31,2
DA:35,2
DA:39,3
DA:43,1
DA:44,1
DA:48,1
DA:49,1
DA:53,12
DA:57,7
DA:58,5
DA:59,3
DA:63,5
DA:64,5
DA:65,5
DA:69,13
DA:70,11
DA:72,4
DA:85,13
DA:86,13
DA:87,13
DA:88,13
DA:90,13
DA:92,13
DA:93,2
DA:94,2
DA:95,2
DA:96,2
DA:100,2
DA:105,11
DA:106,3
DA:107,3
DA:110,13
DA:111,11
DA:112,2
DA:113,0
DA:115,2
DA:116,2
DA:117,2
DA:121,2
DA:126,9
DA:130,2
DA:137,13
DA:138,13
DA:139,6
DA:142,13
DA:146,1
DA:150,1
DA:158,19
DA:160,1
DA:162,2
DA:164,1
DA:166,13
DA:167,13
DA:168,13
DA:169,13
DA:171,6
DA:178,13
DA:181,2
LF:69
LH:68
BRDA:17,0,0,7
BRDA:20,1,0,20
BRDA:20,1,1,7
BRDA:26,2,0,1
BRDA:26,2,1,0
BRDA:57,3,0,2
BRDA:57,3,1,5
BRDA:57,4,0,7
BRDA:57,4,1,4
BRDA:58,5,0,2
BRDA:58,5,1,3
BRDA:58,6,0,5
BRDA:58,6,1,4
BRDA:69,7,0,13
BRDA:69,7,1,0
BRDA:90,8,0,13
BRDA:90,8,1,6
BRDA:92,9,0,2
BRDA:92,9,1,11
BRDA:94,10,0,2
BRDA:94,10,1,0
BRDA:94,11,0,2
BRDA:94,11,1,0
BRDA:105,12,0,3
BRDA:105,12,1,8
BRDA:110,13,0,13
BRDA:110,13,1,0
BRDA:111,14,0,2
BRDA:111,14,1,9
BRDA:111,15,0,11
BRDA:111,15,1,6
BRDA:115,16,0,2
BRDA:115,16,1,0
BRDA:115,17,0,2
BRDA:115,17,1,0
BRDA:126,18,0,2
BRDA:126,18,1,7
BRDA:127,19,0,9
BRDA:127,19,1,4
BRDA:150,20,0,1
BRDA:150,20,1,0
BRDA:155,21,0,13
BRDA:156,22,0,13
BRDA:158,23,0,1
BRDA:158,23,1,2
BRDA:158,23,2,1
BRDA:158,23,3,13
BRDA:158,23,4,2
BRDA:162,24,0,1
BRDA:162,24,1,1
BRF:50
BRH:42
end_of_record
TN:
SF:src\sign-xml\infrastructure\canonicalizer\exclusive-canonicalization-ts\escape.ts
FN:19,escapeAttributeEntities
FN:20,(anonymous_1)
FN:28,escapeTextEntities
FN:29,(anonymous_3)
FNF:4
FNH:4
FNDA:15,escapeAttributeEntities
FNDA:6,(anonymous_1)
FNDA:5,escapeTextEntities
FNDA:6,(anonymous_3)
DA:4,4
DA:19,4
DA:20,15
DA:28,4
DA:29,6
LF:5
LH:5
BRF:0
BRH:0
end_of_record
TN:
SF:src\sign-xml\infrastructure\certificate\certificate-provider.implement.ts
FN:8,(anonymous_9)
FN:15,(anonymous_10)
FN:38,(anonymous_11)
FNF:3
FNH:3
FNDA:5,(anonymous_9)
FNDA:5,(anonymous_10)
FNDA:2,(anonymous_11)
DA:1,2
DA:7,2
DA:9,5
DA:10,5
DA:11,5
DA:12,5
DA:16,5
DA:17,5
DA:18,5
DA:19,5
DA:20,5
DA:22,5
DA:25,5
DA:26,5
DA:29,5
DA:32,5
DA:33,5
DA:36,5
DA:38,5
DA:39,2
DA:43,5
DA:44,5
DA:45,5
DA:46,5
DA:50,5
DA:54,5
DA:55,5
DA:56,5
DA:58,5
LF:29
LH:29
BRDA:29,0,0,2
BRDA:29,0,1,3
BRDA:29,1,0,5
BRDA:29,1,1,5
BRDA:29,2,0,3
BRDA:29,2,1,2
BRDA:29,3,0,5
BRDA:29,3,1,5
BRDA:29,4,0,3
BRDA:29,4,1,2
BRDA:29,5,0,5
BRDA:29,5,1,5
BRDA:29,6,0,3
BRDA:29,6,1,2
BRDA:29,7,0,5
BRDA:29,7,1,5
BRDA:29,8,0,0
BRDA:29,8,1,5
BRDA:29,9,0,5
BRDA:29,9,1,5
BRDA:30,10,0,0
BRDA:30,10,1,3
BRDA:30,11,0,3
BRDA:30,11,1,3
BRDA:30,12,0,0
BRDA:30,12,1,3
BRDA:30,13,0,3
BRDA:30,13,1,3
BRDA:30,14,0,0
BRDA:30,14,1,3
BRDA:30,15,0,3
BRDA:30,15,1,3
BRDA:30,16,0,0
BRDA:30,16,1,3
BRDA:30,17,0,3
BRDA:30,17,1,3
BRDA:30,18,0,0
BRDA:30,18,1,3
BRDA:30,19,0,3
BRDA:30,19,1,3
BRDA:30,20,0,0
BRDA:30,20,1,3
BRDA:30,21,0,3
BRDA:30,21,1,3
BRDA:39,22,0,0
BRDA:39,22,1,2
BRF:46
BRH:38
end_of_record
TN:
SF:src\sign-xml\infrastructure\certificate\factories\index.ts
FNF:0
FNH:0
DA:1,3
LF:1
LH:1
BRF:0
BRH:0
end_of_record
TN:
SF:src\sign-xml\infrastructure\certificate\factories\sign-strategy.factory.ts
FN:9,(anonymous_0)
FN:16,(anonymous_1)
FN:17,(anonymous_2)
FNF:3
FNH:3
FNDA:9,(anonymous_0)
FNDA:3,(anonymous_1)
FNDA:9,(anonymous_2)
DA:1,3
DA:3,3
DA:9,3
DA:10,9
DA:17,9
DA:18,3
DA:19,2
DA:21,1
LF:8
LH:8
BRDA:18,0,0,2
BRDA:18,0,1,1
BRF:2
BRH:2
end_of_record
TN:
SF:src\sign-xml\infrastructure\certificate\strategies\banco-central.strategy.ts
FN:9,(anonymous_9)
FN:13,(anonymous_10)
FN:16,(anonymous_11)
FN:31,(anonymous_12)
FN:35,(anonymous_13)
FNF:5
FNH:5
FNDA:3,(anonymous_9)
FNDA:4,(anonymous_10)
FNDA:4,(anonymous_11)
FNDA:1,(anonymous_12)
FNDA:3,(anonymous_13)
DA:1,6
DA:3,6
DA:8,6
DA:10,3
DA:16,4
DA:17,4
DA:20,4
DA:22,3
DA:23,1
DA:24,2
DA:25,1
DA:27,1
DA:32,1
DA:33,1
DA:35,3
LF:15
LH:15
BRDA:17,0,0,0
BRDA:17,0,1,4
BRDA:17,1,0,4
BRDA:17,1,1,4
BRDA:17,2,0,0
BRDA:17,2,1,4
BRDA:17,3,0,4
BRDA:17,3,1,4
BRDA:20,4,0,1
BRDA:20,4,1,3
BRDA:22,5,0,1
BRDA:22,5,1,2
BRDA:22,6,0,0
BRDA:22,6,1,3
BRDA:22,7,0,3
BRDA:22,7,1,3
BRDA:24,8,0,1
BRDA:24,8,1,1
BRDA:24,9,0,0
BRDA:24,9,1,2
BRDA:24,10,0,2
BRDA:24,10,1,2
BRF:22
BRH:18
end_of_record
TN:
SF:src\sign-xml\infrastructure\certificate\strategies\index.ts
FNF:0
FNH:0
DA:1,6
DA:2,6
DA:3,6
LF:3
LH:3
BRF:0
BRH:0
end_of_record
TN:
SF:src\sign-xml\infrastructure\certificate\strategies\security-data.strategy.ts
FN:9,(anonymous_9)
FN:13,(anonymous_10)
FN:27,(anonymous_11)
FN:31,(anonymous_12)
FNF:4
FNH:4
FNDA:3,(anonymous_9)
FNDA:4,(anonymous_10)
FNDA:1,(anonymous_11)
FNDA:3,(anonymous_12)
DA:1,6
DA:3,6
DA:8,6
DA:10,3
DA:16,4
DA:17,4
DA:18,3
DA:19,1
DA:20,2
DA:21,1
DA:23,1
DA:28,1
DA:29,1
DA:31,3
LF:14
LH:14
BRDA:17,0,0,1
BRDA:17,0,1,3
BRDA:18,1,0,1
BRDA:18,1,1,2
BRDA:18,2,0,0
BRDA:18,2,1,3
BRDA:18,3,0,3
BRDA:18,3,1,3
BRDA:20,4,0,1
BRDA:20,4,1,1
BRDA:20,5,0,0
BRDA:20,5,1,2
BRDA:20,6,0,2
BRDA:20,6,1,2
BRF:14
BRH:12
end_of_record
TN:
SF:src\sign-xml\infrastructure\certificate\strategies\uanataca.strategy.ts
FN:10,(anonymous_9)
FN:14,(anonymous_10)
FN:28,(anonymous_11)
FN:38,(anonymous_12)
FN:41,(anonymous_13)
FN:42,(anonymous_14)
FN:53,(anonymous_15)
FNF:7
FNH:7
FNDA:2,(anonymous_9)
FNDA:4,(anonymous_10)
FNDA:3,(anonymous_11)
FNDA:2,(anonymous_12)
FNDA:4,(anonymous_13)
FNDA:4,(anonymous_14)
FNDA:1,(anonymous_15)
DA:1,6
DA:3,6
DA:9,6
DA:11,2
DA:17,4
DA:18,4
DA:19,3
DA:20,1
DA:21,2
DA:22,1
DA:24,1
DA:29,3
DA:30,3
DA:31,1
DA:33,2
DA:35,2
DA:39,2
DA:41,4
DA:43,4
DA:44,3
DA:46,1
DA:51,2
DA:54,1
DA:55,1
DA:56,1
LF:25
LH:25
BRDA:18,0,0,1
BRDA:18,0,1,3
BRDA:19,1,0,1
BRDA:19,1,1,2
BRDA:19,2,0,0
BRDA:19,2,1,3
BRDA:19,3,0,3
BRDA:19,3,1,3
BRDA:21,4,0,1
BRDA:21,4,1,1
BRDA:21,5,0,0
BRDA:21,5,1,2
BRDA:21,6,0,2
BRDA:21,6,1,2
BRDA:30,7,0,1
BRDA:30,7,1,2
BRDA:30,8,0,3
BRDA:30,8,1,3
BRDA:41,9,0,4
BRDA:41,9,1,1
BRDA:43,10,0,3
BRDA:43,10,1,1
BRF:22
BRH:20
end_of_record
TN:
SF:src\sign-xml\infrastructure\clock\clock.implement.ts
FN:4,(anonymous_0)
FNF:1
FNH:1
FNDA:2,(anonymous_0)
DA:3,3
DA:5,2
DA:6,2
DA:7,2
DA:11,2
DA:15,2
DA:16,2
DA:17,2
DA:18,2
DA:19,2
DA:20,2
DA:22,2
LF:12
LH:12
BRDA:11,0,0,0
BRDA:11,0,1,2
BRF:2
BRH:1
end_of_record
TN:
SF:src\sign-xml\infrastructure\composition\buildSignXmlUseCase.ts
FN:14,buildSignXmlUseCase
FNF:1
FNH:1
FNDA:1,buildSignXmlUseCase
DA:3,2
DA:4,2
DA:5,2
DA:6,2
DA:7,2
DA:8,2
DA:9,2
DA:11,2
DA:14,2
DA:18,1
DA:19,1
DA:20,1
DA:21,1
DA:22,1
DA:23,1
DA:25,1
DA:33,1
LF:17
LH:17
BRF:0
BRH:0
end_of_record
TN:
SF:src\sign-xml\infrastructure\errors\index.ts
FNF:0
FNH:0
DA:1,13
LF:1
LH:1
BRF:0
BRH:0
end_of_record
TN:
SF:src\sign-xml\infrastructure\errors\infrastructure.error.ts
FN:2,(anonymous_0)
FN:9,(anonymous_1)
FN:16,(anonymous_2)
FN:23,(anonymous_3)
FN:31,(anonymous_4)
FN:37,(anonymous_5)
FN:44,(anonymous_6)
FN:52,(anonymous_7)
FN:61,(anonymous_8)
FNF:9
FNH:9
FNDA:15,(anonymous_0)
FNDA:3,(anonymous_1)
FNDA:11,(anonymous_2)
FNDA:4,(anonymous_3)
FNDA:4,(anonymous_4)
FNDA:2,(anonymous_5)
FNDA:2,(anonymous_6)
FNDA:2,(anonymous_7)
FNDA:2,(anonymous_8)
DA:1,13
DA:3,15
DA:4,15
DA:8,13
DA:10,3
DA:11,3
DA:15,13
DA:17,11
DA:18,11
DA:22,13
DA:24,4
DA:27,4
DA:30,13
DA:32,4
DA:33,4
DA:36,13
DA:38,2
DA:39,2
DA:43,13
DA:45,2
DA:46,2
DA:47,2
DA:51,13
DA:53,2
DA:54,2
DA:55,2
DA:60,13
DA:62,2
DA:63,2
DA:64,2
LF:30
LH:30
BRDA:31,0,0,3
BRDA:61,1,0,1
BRF:2
BRH:2
end_of_record
TN:
SF:src\sign-xml\infrastructure\handlers\error.handle.ts
FN:15,(anonymous_0)
FNF:1
FNH:1
FNDA:11,(anonymous_0)
DA:1,2
DA:14,2
DA:16,11
DA:17,1
DA:24,10
DA:25,1
DA:32,9
DA:33,1
DA:40,8
DA:41,1
DA:48,7
DA:49,1
DA:55,6
DA:56,1
DA:62,5
DA:63,1
DA:69,4
DA:70,1
DA:77,3
DA:78,1
DA:85,2
DA:86,1
DA:93,1
LF:23
LH:23
BRDA:16,0,0,1
BRDA:16,0,1,10
BRDA:24,1,0,1
BRDA:24,1,1,9
BRDA:32,2,0,1
BRDA:32,2,1,8
BRDA:40,3,0,1
BRDA:40,3,1,7
BRDA:48,4,0,1
BRDA:48,4,1,6
BRDA:55,5,0,1
BRDA:55,5,1,5
BRDA:62,6,0,1
BRDA:62,6,1,4
BRDA:69,7,0,1
BRDA:69,7,1,3
BRDA:77,8,0,1
BRDA:77,8,1,2
BRDA:85,9,0,1
BRDA:85,9,1,1
BRF:20
BRH:20
end_of_record
TN:
SF:src\sign-xml\infrastructure\handlers\index.ts
FNF:0
FNH:0
DA:1,2
LF:1
LH:1
BRF:0
BRH:0
end_of_record
TN:
SF:src\sign-xml\infrastructure\hash\hash-provider.implement.ts
FN:4,(anonymous_9)
FN:11,(anonymous_10)
FNF:2
FNH:2
FNDA:1,(anonymous_9)
FNDA:1,(anonymous_10)
DA:2,3
DA:3,3
DA:5,1
DA:6,1
DA:7,1
DA:8,1
DA:9,1
DA:12,1
LF:8
LH:8
BRF:0
BRH:0
end_of_record
TN:
SF:src\sign-xml\infrastructure\signature-generation\signature-id-generator.implement.ts
FN:5,(anonymous_0)
FN:17,(anonymous_1)
FNF:2
FNH:2
FNDA:1,(anonymous_0)
FNDA:9,(anonymous_1)
DA:4,3
DA:6,1
DA:18,9
DA:19,9
DA:20,9
LF:5
LH:5
BRF:0
BRH:0
end_of_record
TN:
SF:src\sign-xml\infrastructure\validations\p12.validation.ts
FN:4,assertIsValidP12OrThrow
FN:10,(anonymous_10)
FNF:2
FNH:2
FNDA:3,assertIsValidP12OrThrow
FNDA:12,(anonymous_10)
DA:1,2
DA:2,2
DA:4,2
DA:9,3
DA:10,12
DA:14,3
DA:15,3
DA:17,1
DA:20,2
DA:21,2
DA:23,1
LF:11
LH:11
BRF:0
BRH:0
end_of_record
TN:
SF:src\sign-xml\infrastructure\xml-dom-context\xml-dom.context.ts
FN:11,(anonymous_0)
FN:14,(anonymous_1)
FN:23,(anonymous_2)
FN:27,(anonymous_3)
FNF:4
FNH:4
FNDA:7,(anonymous_0)
FNDA:8,(anonymous_1)
FNDA:4,(anonymous_2)
FNDA:2,(anonymous_3)
DA:1,4
DA:6,4
DA:8,4
DA:12,7
DA:13,7
DA:17,6
DA:19,1
DA:24,4
DA:28,2
LF:9
LH:9
BRF:0
BRH:0
end_of_record
TN:
SF:src\utils\date-utils.ts
FN:4,formatDDMMYYYY
FN:14,formatDDMM
FN:25,formatDateTimeEcuador
FNF:3
FNH:3
FNDA:1,formatDDMMYYYY
FNDA:1,formatDDMM
FNDA:3,formatDateTimeEcuador
DA:4,4
DA:5,1
DA:6,1
DA:7,1
DA:8,1
DA:14,4
DA:15,1
DA:16,1
DA:17,1
DA:25,4
DA:26,3
DA:27,3
DA:31,3
DA:35,3
DA:36,3
DA:37,3
DA:38,3
DA:39,3
DA:40,3
DA:42,3
LF:20
LH:20
BRDA:25,0,0,1
BRDA:31,1,0,2
BRDA:31,1,1,1
BRF:3
BRH:3
end_of_record
TN:
SF:src\utils\index.ts
FNF:0
FNH:0
DA:1,3
DA:2,3
DA:3,3
LF:3
LH:3
BRF:0
BRH:0
end_of_record
TN:
SF:src\utils\utf8.util.ts
FN:1,utf8Encode
FN:11,utf8Decode
FNF:2
FNH:2
FNDA:6,utf8Encode
FNDA:4,utf8Decode
DA:1,4
DA:2,6
DA:4,4
DA:5,4
DA:8,4
DA:11,4
DA:12,4
DA:15,2
DA:16,2
DA:17,38
DA:20,2
DA:21,2
LF:12
LH:12
BRDA:2,0,0,2
BRDA:2,0,1,4
BRDA:12,1,0,2
BRDA:12,1,1,2
BRF:4
BRH:4
end_of_record
TN:
SF:src\utils\xml.util.ts
FN:10,assertValidXml
FN:19,uint8ArrayToBase64
FN:31,normalizeSelfClosingTags
FN:32,(anonymous_3)
FNF:4
FNH:4
FNDA:2,assertValidXml
FNDA:1,uint8ArrayToBase64
FNDA:3,normalizeSelfClosingTags
FNDA:3,(anonymous_3)
DA:1,4
DA:10,4
DA:11,2
DA:12,2
DA:14,2
DA:15,1
DA:19,4
DA:20,1
DA:21,1
DA:22,1
DA:23,5
DA:25,1
DA:31,4
DA:32,3
DA:33,3
LF:15
LH:15
BRDA:14,0,0,1
BRDA:14,0,1,1
BRF:2
BRH:2
end_of_record
