TN:
SF:src\generator\const\document-types.const.ts
FNF:0
FNH:0
DA:1,2
DA:10,2
LF:2
LH:2
BRF:0
BRH:0
end_of_record
TN:
SF:src\generator\const\index.ts
FNF:0
FNH:0
DA:1,2
DA:2,2
LF:2
LH:2
BRF:0
BRH:0
end_of_record
TN:
SF:src\generator\const\iva-percent-label-const.ts
FNF:0
FNH:0
DA:1,2
DA:3,2
LF:2
LH:2
BRF:0
BRH:0
end_of_record
TN:
SF:src\generator\enums\codigo-pais.enum.ts
FN:1,(anonymous_0)
FNF:1
FNH:1
FNDA:5,(anonymous_0)
DA:1,5
DA:2,5
DA:3,5
DA:4,5
DA:5,5
DA:6,5
DA:7,5
DA:8,5
DA:9,5
DA:10,5
DA:11,5
DA:12,5
DA:13,5
DA:14,5
DA:15,5
DA:16,5
DA:17,5
DA:18,5
DA:19,5
DA:20,5
DA:21,5
DA:22,5
DA:23,5
DA:24,5
DA:25,5
DA:26,5
DA:27,5
DA:28,5
DA:29,5
DA:30,5
DA:31,5
DA:32,5
DA:33,5
DA:34,5
DA:35,5
DA:36,5
DA:37,5
DA:38,5
DA:39,5
DA:40,5
DA:41,5
DA:42,5
DA:43,5
DA:44,5
DA:45,5
DA:46,5
DA:47,5
DA:48,5
DA:49,5
DA:50,5
DA:51,5
DA:52,5
DA:53,5
DA:54,5
DA:55,5
DA:56,5
DA:57,5
DA:58,5
DA:59,5
DA:60,5
DA:61,5
DA:62,5
DA:63,5
DA:64,5
DA:65,5
DA:66,5
DA:67,5
DA:68,5
DA:69,5
DA:70,5
DA:71,5
DA:72,5
DA:73,5
DA:74,5
DA:75,5
DA:76,5
DA:77,5
DA:78,5
DA:79,5
DA:80,5
DA:81,5
DA:82,5
DA:83,5
DA:84,5
DA:85,5
DA:86,5
DA:87,5
DA:88,5
DA:89,5
DA:90,5
DA:91,5
DA:92,5
DA:93,5
DA:94,5
DA:95,5
DA:96,5
DA:97,5
DA:98,5
DA:99,5
DA:100,5
DA:101,5
DA:102,5
DA:103,5
DA:104,5
DA:105,5
DA:106,5
DA:107,5
DA:108,5
DA:109,5
DA:110,5
DA:111,5
DA:112,5
DA:113,5
DA:114,5
DA:115,5
DA:116,5
DA:117,5
DA:118,5
DA:119,5
DA:120,5
DA:121,5
DA:122,5
DA:123,5
DA:124,5
DA:125,5
DA:126,5
DA:127,5
DA:128,5
DA:129,5
DA:130,5
DA:131,5
LF:131
LH:131
BRDA:1,0,0,5
BRDA:1,0,1,5
BRF:2
BRH:2
end_of_record
TN:
SF:src\generator\enums\codigo-retencion.enum.ts
FN:4,(anonymous_0)
FNF:1
FNH:1
FNDA:2,(anonymous_0)
DA:4,2
DA:10,2
DA:16,2
DA:22,2
DA:28,2
DA:35,2
DA:41,2
LF:7
LH:7
BRDA:4,0,0,2
BRDA:4,0,1,2
BRF:2
BRH:2
end_of_record
TN:
SF:src\generator\enums\contribuyente-rimpe.enum.ts
FN:1,(anonymous_0)
FNF:1
FNH:1
FNDA:5,(anonymous_0)
DA:1,5
DA:2,5
DA:3,5
LF:3
LH:3
BRDA:1,0,0,5
BRDA:1,0,1,5
BRF:2
BRH:2
end_of_record
TN:
SF:src\generator\enums\env.enum.ts
FN:1,(anonymous_0)
FNF:1
FNH:1
FNDA:5,(anonymous_0)
DA:1,5
DA:2,5
DA:3,5
LF:3
LH:3
BRDA:1,0,0,5
BRDA:1,0,1,5
BRF:2
BRH:2
end_of_record
TN:
SF:src\generator\enums\identification-code.enum.ts
FN:1,(anonymous_0)
FNF:1
FNH:1
FNDA:5,(anonymous_0)
DA:1,5
DA:2,5
DA:3,5
DA:4,5
DA:5,5
DA:6,5
LF:6
LH:6
BRDA:1,0,0,5
BRDA:1,0,1,5
BRF:2
BRH:2
end_of_record
TN:
SF:src\generator\enums\impuesto-retener.enum.ts
FN:1,(anonymous_0)
FNF:1
FNH:1
FNDA:2,(anonymous_0)
DA:1,2
DA:2,2
LF:2
LH:2
BRDA:1,0,0,2
BRDA:1,0,1,2
BRF:2
BRH:2
end_of_record
TN:
SF:src\generator\enums\index.ts
FNF:0
FNH:0
DA:1,5
DA:2,5
DA:3,5
DA:4,5
DA:5,5
DA:6,5
DA:7,5
DA:8,5
LF:8
LH:8
BRF:0
BRH:0
end_of_record
TN:
SF:src\generator\enums\iva-percent-code.enum.ts
FN:1,(anonymous_0)
FNF:1
FNH:1
FNDA:5,(anonymous_0)
DA:1,5
DA:2,5
DA:3,5
DA:4,5
DA:5,5
DA:6,5
DA:7,5
DA:8,5
DA:9,5
DA:10,5
LF:10
LH:10
BRDA:1,0,0,5
BRDA:1,0,1,5
BRF:2
BRH:2
end_of_record
TN:
SF:src\generator\enums\obligado-contabilidad.enum.ts
FN:1,(anonymous_0)
FNF:1
FNH:1
FNDA:5,(anonymous_0)
DA:1,5
DA:2,5
DA:3,5
LF:3
LH:3
BRDA:1,0,0,5
BRDA:1,0,1,5
BRF:2
BRH:2
end_of_record
TN:
SF:src\generator\enums\payment-method-code.enu,.ts
FN:1,(anonymous_0)
FNF:1
FNH:1
FNDA:5,(anonymous_0)
DA:1,5
DA:2,5
DA:3,5
DA:4,5
DA:5,5
DA:6,5
DA:7,5
DA:8,5
DA:9,5
LF:9
LH:9
BRDA:1,0,0,5
BRDA:1,0,1,5
BRF:2
BRH:2
end_of_record
TN:
SF:src\generator\enums\tax-code.enum.ts
FN:1,(anonymous_0)
FNF:1
FNH:1
FNDA:5,(anonymous_0)
DA:1,5
DA:2,5
DA:3,5
DA:4,5
LF:4
LH:4
BRDA:1,0,0,5
BRDA:1,0,1,5
BRF:2
BRH:2
end_of_record
TN:
SF:src\generator\exceptions\index.ts
FNF:0
FNH:0
DA:1,1
LF:1
LH:1
BRF:0
BRH:0
end_of_record
TN:
SF:src\generator\exceptions\validation.exception.ts
FN:2,(anonymous_0)
FNF:1
FNH:1
FNDA:1,(anonymous_0)
DA:1,1
DA:2,1
DA:3,1
LF:3
LH:3
BRF:0
BRH:0
end_of_record
TN:
SF:src\generator\invoice\invoice.generator.ts
FN:16,GenerateInvoiceXml
FNF:1
FNH:1
FNDA:2,GenerateInvoiceXml
DA:1,1
DA:3,1
DA:4,1
DA:5,1
DA:7,1
DA:11,1
DA:14,1
DA:16,1
DA:19,2
DA:20,2
DA:21,2
DA:22,2
DA:23,2
DA:24,1
DA:26,1
DA:27,1
DA:28,1
DA:31,1
LF:18
LH:18
BRDA:23,0,0,1
BRDA:23,0,1,1
BRF:2
BRH:2
end_of_record
TN:
SF:src\generator\invoice\factory\index.ts
FNF:0
FNH:0
DA:1,1
LF:1
LH:1
BRF:0
BRH:0
end_of_record
TN:
SF:src\generator\invoice\factory\invoice-xml.factory.ts
FN:10,(anonymous_0)
FNF:1
FNH:1
FNDA:7,(anonymous_0)
DA:1,1
DA:2,1
DA:7,1
DA:9,1
DA:17,7
DA:29,7
DA:50,7
DA:51,7
DA:52,7
DA:58,7
DA:59,7
DA:61,7
DA:72,7
DA:73,7
DA:132,7
DA:134,7
DA:135,1
DA:136,1
DA:144,6
DA:148,7
DA:150,7
DA:151,1
DA:152,1
DA:158,6
DA:160,7
DA:161,7
DA:172,7
DA:173,7
DA:180,7
DA:181,7
DA:195,7
DA:196,7
DA:197,6
DA:198,1
DA:203,1
DA:206,7
DA:207,7
DA:215,7
DA:218,7
LF:39
LH:39
BRDA:100,0,0,1
BRDA:100,0,1,6
BRDA:112,1,0,7
BRDA:112,1,1,0
BRDA:132,2,0,6
BRDA:132,2,1,1
BRDA:132,3,0,7
BRDA:132,3,1,1
BRDA:134,4,0,1
BRDA:134,4,1,6
BRDA:148,5,0,6
BRDA:148,5,1,1
BRDA:148,6,0,7
BRDA:148,6,1,1
BRDA:150,7,0,1
BRDA:150,7,1,6
BRDA:164,8,0,1
BRDA:164,8,1,6
BRDA:195,9,0,1
BRDA:195,9,1,6
BRDA:195,10,0,7
BRDA:195,10,1,7
BRDA:196,11,0,6
BRDA:196,11,1,1
BRF:24
BRH:23
end_of_record
TN:
SF:src\generator\invoice\models\comprobante.model.ts
FN:33,(anonymous_7)
FN:33,(anonymous_9)
FN:38,(anonymous_10)
FN:38,(anonymous_12)
FN:43,(anonymous_13)
FN:43,(anonymous_15)
FN:49,(anonymous_16)
FN:49,(anonymous_18)
FN:55,(anonymous_19)
FN:55,(anonymous_21)
FN:61,(anonymous_22)
FN:61,(anonymous_24)
FN:67,(anonymous_25)
FN:67,(anonymous_27)
FN:72,(anonymous_28)
FN:72,(anonymous_30)
FN:78,(anonymous_31)
FN:78,(anonymous_33)
FN:82,(anonymous_34)
FN:82,(anonymous_36)
FN:88,(anonymous_40)
FN:88,(anonymous_42)
FN:93,(anonymous_43)
FN:93,(anonymous_45)
FN:98,(anonymous_46)
FN:98,(anonymous_48)
FN:103,(anonymous_49)
FN:103,(anonymous_51)
FN:108,(anonymous_52)
FN:108,(anonymous_54)
FN:112,(anonymous_58)
FN:114,(anonymous_59)
FN:114,(anonymous_61)
FN:120,(anonymous_65)
FN:120,(anonymous_67)
FN:125,(anonymous_68)
FN:125,(anonymous_70)
FN:130,(anonymous_71)
FN:130,(anonymous_73)
FN:135,(anonymous_74)
FN:135,(anonymous_76)
FN:139,(anonymous_80)
FN:141,(anonymous_81)
FN:141,(anonymous_83)
FN:253,(anonymous_87)
FN:272,(anonymous_88)
FN:147,(anonymous_89)
FN:147,(anonymous_91)
FN:152,(anonymous_92)
FN:152,(anonymous_94)
FN:157,(anonymous_95)
FN:157,(anonymous_97)
FN:161,(anonymous_98)
FN:161,(anonymous_100)
FN:221,(anonymous_101)
FN:221,(anonymous_103)
FN:226,(anonymous_104)
FN:226,(anonymous_106)
FN:231,(anonymous_107)
FN:231,(anonymous_109)
FN:236,(anonymous_110)
FN:236,(anonymous_112)
FN:241,(anonymous_113)
FN:241,(anonymous_115)
FN:246,(anonymous_116)
FN:246,(anonymous_118)
FN:251,(anonymous_119)
FN:251,(anonymous_121)
FN:255,(anonymous_122)
FN:255,(anonymous_124)
FN:260,(anonymous_125)
FN:260,(anonymous_127)
FN:265,(anonymous_128)
FN:265,(anonymous_130)
FN:270,(anonymous_131)
FN:270,(anonymous_133)
FN:274,(anonymous_134)
FN:274,(anonymous_136)
FN:279,(anonymous_137)
FN:279,(anonymous_139)
FN:284,(anonymous_140)
FN:284,(anonymous_142)
FN:291,(anonymous_146)
FN:291,(anonymous_148)
FN:296,(anonymous_149)
FN:296,(anonymous_151)
FN:302,(anonymous_155)
FN:302,(anonymous_157)
FN:307,(anonymous_158)
FN:307,(anonymous_160)
FN:312,(anonymous_161)
FN:312,(anonymous_163)
FN:317,(anonymous_164)
FN:317,(anonymous_166)
FN:322,(anonymous_167)
FN:322,(anonymous_169)
FN:326,(anonymous_173)
FN:328,(anonymous_174)
FN:328,(anonymous_176)
FN:332,(anonymous_180)
FN:334,(anonymous_181)
FN:334,(anonymous_183)
FN:373,(anonymous_187)
FN:377,(anonymous_188)
FN:341,(anonymous_189)
FN:341,(anonymous_191)
FN:346,(anonymous_192)
FN:346,(anonymous_194)
FN:351,(anonymous_195)
FN:351,(anonymous_197)
FN:356,(anonymous_198)
FN:356,(anonymous_200)
FN:361,(anonymous_201)
FN:361,(anonymous_203)
FN:366,(anonymous_204)
FN:366,(anonymous_206)
FN:371,(anonymous_207)
FN:371,(anonymous_209)
FN:375,(anonymous_210)
FN:375,(anonymous_212)
FN:379,(anonymous_213)
FN:379,(anonymous_215)
FN:386,(anonymous_219)
FN:386,(anonymous_221)
FN:391,(anonymous_222)
FN:391,(anonymous_224)
FN:395,(anonymous_228)
FN:397,(anonymous_229)
FN:397,(anonymous_231)
FN:401,(anonymous_235)
FN:403,(anonymous_236)
FN:403,(anonymous_238)
FN:407,(anonymous_242)
FN:409,(anonymous_243)
FN:409,(anonymous_245)
FN:414,(anonymous_249)
FN:414,(anonymous_251)
FN:418,(anonymous_252)
FN:418,(anonymous_254)
FN:423,(anonymous_255)
FN:423,(anonymous_257)
FN:428,(anonymous_258)
FN:428,(anonymous_260)
FN:432,(anonymous_264)
FN:436,(anonymous_265)
FN:440,(anonymous_266)
FN:444,(anonymous_267)
FN:448,(anonymous_268)
FN:434,(anonymous_269)
FN:434,(anonymous_271)
FN:438,(anonymous_272)
FN:438,(anonymous_274)
FN:442,(anonymous_275)
FN:442,(anonymous_277)
FN:446,(anonymous_278)
FN:446,(anonymous_280)
FN:450,(anonymous_281)
FN:450,(anonymous_283)
FNF:158
FNH:0
FNDA:0,(anonymous_7)
FNDA:0,(anonymous_9)
FNDA:0,(anonymous_10)
FNDA:0,(anonymous_12)
FNDA:0,(anonymous_13)
FNDA:0,(anonymous_15)
FNDA:0,(anonymous_16)
FNDA:0,(anonymous_18)
FNDA:0,(anonymous_19)
FNDA:0,(anonymous_21)
FNDA:0,(anonymous_22)
FNDA:0,(anonymous_24)
FNDA:0,(anonymous_25)
FNDA:0,(anonymous_27)
FNDA:0,(anonymous_28)
FNDA:0,(anonymous_30)
FNDA:0,(anonymous_31)
FNDA:0,(anonymous_33)
FNDA:0,(anonymous_34)
FNDA:0,(anonymous_36)
FNDA:0,(anonymous_40)
FNDA:0,(anonymous_42)
FNDA:0,(anonymous_43)
FNDA:0,(anonymous_45)
FNDA:0,(anonymous_46)
FNDA:0,(anonymous_48)
FNDA:0,(anonymous_49)
FNDA:0,(anonymous_51)
FNDA:0,(anonymous_52)
FNDA:0,(anonymous_54)
FNDA:0,(anonymous_58)
FNDA:0,(anonymous_59)
FNDA:0,(anonymous_61)
FNDA:0,(anonymous_65)
FNDA:0,(anonymous_67)
FNDA:0,(anonymous_68)
FNDA:0,(anonymous_70)
FNDA:0,(anonymous_71)
FNDA:0,(anonymous_73)
FNDA:0,(anonymous_74)
FNDA:0,(anonymous_76)
FNDA:0,(anonymous_80)
FNDA:0,(anonymous_81)
FNDA:0,(anonymous_83)
FNDA:0,(anonymous_87)
FNDA:0,(anonymous_88)
FNDA:0,(anonymous_89)
FNDA:0,(anonymous_91)
FNDA:0,(anonymous_92)
FNDA:0,(anonymous_94)
FNDA:0,(anonymous_95)
FNDA:0,(anonymous_97)
FNDA:0,(anonymous_98)
FNDA:0,(anonymous_100)
FNDA:0,(anonymous_101)
FNDA:0,(anonymous_103)
FNDA:0,(anonymous_104)
FNDA:0,(anonymous_106)
FNDA:0,(anonymous_107)
FNDA:0,(anonymous_109)
FNDA:0,(anonymous_110)
FNDA:0,(anonymous_112)
FNDA:0,(anonymous_113)
FNDA:0,(anonymous_115)
FNDA:0,(anonymous_116)
FNDA:0,(anonymous_118)
FNDA:0,(anonymous_119)
FNDA:0,(anonymous_121)
FNDA:0,(anonymous_122)
FNDA:0,(anonymous_124)
FNDA:0,(anonymous_125)
FNDA:0,(anonymous_127)
FNDA:0,(anonymous_128)
FNDA:0,(anonymous_130)
FNDA:0,(anonymous_131)
FNDA:0,(anonymous_133)
FNDA:0,(anonymous_134)
FNDA:0,(anonymous_136)
FNDA:0,(anonymous_137)
FNDA:0,(anonymous_139)
FNDA:0,(anonymous_140)
FNDA:0,(anonymous_142)
FNDA:0,(anonymous_146)
FNDA:0,(anonymous_148)
FNDA:0,(anonymous_149)
FNDA:0,(anonymous_151)
FNDA:0,(anonymous_155)
FNDA:0,(anonymous_157)
FNDA:0,(anonymous_158)
FNDA:0,(anonymous_160)
FNDA:0,(anonymous_161)
FNDA:0,(anonymous_163)
FNDA:0,(anonymous_164)
FNDA:0,(anonymous_166)
FNDA:0,(anonymous_167)
FNDA:0,(anonymous_169)
FNDA:0,(anonymous_173)
FNDA:0,(anonymous_174)
FNDA:0,(anonymous_176)
FNDA:0,(anonymous_180)
FNDA:0,(anonymous_181)
FNDA:0,(anonymous_183)
FNDA:0,(anonymous_187)
FNDA:0,(anonymous_188)
FNDA:0,(anonymous_189)
FNDA:0,(anonymous_191)
FNDA:0,(anonymous_192)
FNDA:0,(anonymous_194)
FNDA:0,(anonymous_195)
FNDA:0,(anonymous_197)
FNDA:0,(anonymous_198)
FNDA:0,(anonymous_200)
FNDA:0,(anonymous_201)
FNDA:0,(anonymous_203)
FNDA:0,(anonymous_204)
FNDA:0,(anonymous_206)
FNDA:0,(anonymous_207)
FNDA:0,(anonymous_209)
FNDA:0,(anonymous_210)
FNDA:0,(anonymous_212)
FNDA:0,(anonymous_213)
FNDA:0,(anonymous_215)
FNDA:0,(anonymous_219)
FNDA:0,(anonymous_221)
FNDA:0,(anonymous_222)
FNDA:0,(anonymous_224)
FNDA:0,(anonymous_228)
FNDA:0,(anonymous_229)
FNDA:0,(anonymous_231)
FNDA:0,(anonymous_235)
FNDA:0,(anonymous_236)
FNDA:0,(anonymous_238)
FNDA:0,(anonymous_242)
FNDA:0,(anonymous_243)
FNDA:0,(anonymous_245)
FNDA:0,(anonymous_249)
FNDA:0,(anonymous_251)
FNDA:0,(anonymous_252)
FNDA:0,(anonymous_254)
FNDA:0,(anonymous_255)
FNDA:0,(anonymous_257)
FNDA:0,(anonymous_258)
FNDA:0,(anonymous_260)
FNDA:0,(anonymous_264)
FNDA:0,(anonymous_265)
FNDA:0,(anonymous_266)
FNDA:0,(anonymous_267)
FNDA:0,(anonymous_268)
FNDA:0,(anonymous_269)
FNDA:0,(anonymous_271)
FNDA:0,(anonymous_272)
FNDA:0,(anonymous_274)
FNDA:0,(anonymous_275)
FNDA:0,(anonymous_277)
FNDA:0,(anonymous_278)
FNDA:0,(anonymous_280)
FNDA:0,(anonymous_281)
FNDA:0,(anonymous_283)
DA:3,2
DA:19,2
DA:27,2
DA:28,2
DA:30,2
DA:31,2
DA:33,3
DA:35,2
DA:38,3
DA:40,2
DA:43,3
DA:45,2
DA:49,3
DA:51,2
DA:55,3
DA:57,2
DA:61,3
DA:63,2
DA:67,3
DA:69,2
DA:72,3
DA:74,2
DA:78,3
DA:80,2
DA:82,3
DA:85,2
DA:86,2
DA:88,3
DA:90,2
DA:93,3
DA:95,2
DA:98,3
DA:100,2
DA:103,3
DA:105,2
DA:108,3
DA:111,2
DA:112,2
DA:114,3
DA:117,2
DA:118,2
DA:120,3
DA:122,2
DA:125,3
DA:127,2
DA:130,3
DA:132,2
DA:135,3
DA:138,2
DA:139,2
DA:141,3
DA:144,2
DA:145,2
DA:147,3
DA:149,2
DA:152,3
DA:154,2
DA:157,3
DA:159,2
DA:161,3
DA:219,2
DA:221,3
DA:223,2
DA:226,3
DA:228,2
DA:231,3
DA:233,2
DA:236,3
DA:238,2
DA:241,3
DA:243,2
DA:246,3
DA:248,2
DA:251,3
DA:253,2
DA:255,3
DA:257,2
DA:260,3
DA:262,2
DA:265,3
DA:267,2
DA:270,3
DA:272,2
DA:274,3
DA:276,2
DA:279,3
DA:281,2
DA:284,3
DA:287,2
DA:288,2
DA:291,3
DA:293,2
DA:296,3
DA:299,2
DA:300,2
DA:302,3
DA:304,2
DA:307,3
DA:309,2
DA:312,3
DA:314,2
DA:317,3
DA:319,2
DA:322,3
DA:325,2
DA:326,2
DA:328,3
DA:331,2
DA:332,2
DA:334,3
DA:337,2
DA:338,2
DA:341,3
DA:343,2
DA:346,3
DA:348,2
DA:351,3
DA:353,2
DA:356,3
DA:358,2
DA:361,3
DA:363,2
DA:366,3
DA:368,2
DA:371,3
DA:373,2
DA:375,3
DA:377,2
DA:379,3
DA:382,2
DA:383,2
DA:386,3
DA:388,2
DA:391,3
DA:394,2
DA:395,2
DA:397,3
DA:400,2
DA:401,2
DA:403,3
DA:406,2
DA:407,2
DA:409,3
DA:411,2
DA:412,2
DA:414,2
DA:416,2
DA:418,2
DA:420,2
DA:423,2
DA:425,2
DA:428,2
DA:431,2
DA:432,2
DA:434,3
DA:436,2
DA:438,3
DA:440,2
DA:442,3
DA:444,2
DA:446,3
DA:448,2
DA:450,3
LF:163
LH:163
BRF:0
BRH:0
end_of_record
TN:
SF:src\generator\invoice\models\index.ts
FNF:0
FNH:0
DA:1,1
DA:2,1
DA:3,1
LF:3
LH:3
BRF:0
BRH:0
end_of_record
TN:
SF:src\generator\invoice\models\invoice-sri-builder.model.ts
FNF:0
FNH:0
DA:22,1
DA:25,1
LF:2
LH:2
BRF:0
BRH:0
end_of_record
TN:
SF:src\generator\invoice\utils\clave-acceso.util.ts
FN:5,p_obtener_codigo_autorizacion
FN:45,pad
FN:53,p_calcular_digito_modulo11
FN:58,(anonymous_3)
FNF:4
FNH:4
FNDA:11,p_obtener_codigo_autorizacion
FNDA:108,pad
FNDA:21,p_calcular_digito_modulo11
FNDA:581,(anonymous_3)
DA:1,3
DA:2,3
DA:3,3
DA:5,3
DA:16,11
DA:17,11
DA:19,11
DA:21,10
DA:30,10
DA:40,10
DA:42,10
DA:45,3
DA:50,108
DA:53,3
DA:54,21
DA:56,20
DA:57,20
DA:58,581
DA:61,20
DA:63,20
LF:20
LH:20
BRDA:6,0,0,0
BRDA:7,1,0,2
BRDA:8,2,0,2
BRDA:9,3,0,2
BRDA:10,4,0,2
BRDA:11,5,0,2
BRDA:14,6,0,4
BRDA:17,7,0,11
BRDA:17,7,1,0
BRDA:17,8,0,11
BRDA:17,8,1,11
BRDA:19,9,0,1
BRDA:19,9,1,10
BRDA:22,10,0,1
BRDA:22,10,1,9
BRDA:22,11,0,10
BRDA:22,11,1,3
BRDA:42,12,0,10
BRDA:42,12,1,0
BRDA:48,13,0,107
BRDA:54,14,0,1
BRDA:54,14,1,20
BRDA:63,15,0,0
BRDA:63,15,1,20
BRDA:63,16,0,3
BRDA:63,16,1,17
BRF:26
BRH:22
end_of_record
TN:
SF:src\generator\invoice\utils\index.ts
FNF:0
FNH:0
DA:1,3
DA:2,3
LF:2
LH:2
BRF:0
BRH:0
end_of_record
TN:
SF:src\generator\invoice\utils\remove-nulls.util.ts
FN:3,removeNullFields
FNF:1
FNH:1
FNDA:10,removeNullFields
DA:3,3
DA:4,10
DA:5,21
DA:12,8
DA:13,13
DA:14,5
DA:17,10
LF:7
LH:7
BRDA:5,0,0,8
BRDA:5,0,1,13
BRDA:6,1,0,21
BRDA:6,1,1,19
BRDA:6,1,2,18
BRDA:6,1,3,15
BRDA:6,1,4,7
BRDA:13,2,0,5
BRDA:13,2,1,8
BRF:9
BRH:9
end_of_record
TN:
SF:src\lightweight-validator\decorators.ts
FN:4,getValidationRules
FN:19,IsEnum
FN:23,(anonymous_2)
FN:24,(anonymous_3)
FN:36,IsRequired
FN:37,(anonymous_5)
FN:38,(anonymous_6)
FN:48,IsOptional
FN:49,(anonymous_8)
FN:50,(anonymous_9)
FN:60,IsString
FN:61,(anonymous_11)
FN:62,(anonymous_12)
FN:72,IsNumber
FN:73,(anonymous_14)
FN:74,(anonymous_15)
FN:84,IsBoolean
FN:85,(anonymous_17)
FN:86,(anonymous_18)
FN:96,ValidateNested
FN:99,(anonymous_20)
FN:104,(anonymous_21)
FN:115,IsArray
FN:116,(anonymous_23)
FN:121,(anonymous_24)
FN:132,Length
FN:140,(anonymous_26)
FN:141,(anonymous_27)
FN:170,IsNumericString
FN:171,(anonymous_29)
FN:172,(anonymous_30)
FN:184,IsDate
FN:185,(anonymous_32)
FN:186,(anonymous_33)
FN:196,MaxDigits
FN:197,(anonymous_35)
FN:198,(anonymous_36)
FN:211,Digits
FN:215,(anonymous_38)
FN:216,(anonymous_39)
FNF:40
FNH:40
FNDA:3,getValidationRules
FNDA:19,IsEnum
FNDA:19,(anonymous_2)
FNDA:8,(anonymous_3)
FNDA:107,IsRequired
FNDA:107,(anonymous_5)
FNDA:50,(anonymous_6)
FNDA:37,IsOptional
FNDA:37,(anonymous_8)
FNDA:19,(anonymous_9)
FNDA:48,IsString
FNDA:48,(anonymous_11)
FNDA:25,(anonymous_12)
FNDA:46,IsNumber
FNDA:46,(anonymous_14)
FNDA:22,(anonymous_15)
FNDA:1,IsBoolean
FNDA:1,(anonymous_17)
FNDA:1,(anonymous_18)
FNDA:20,ValidateNested
FNDA:20,(anonymous_20)
FNDA:10,(anonymous_21)
FNDA:16,IsArray
FNDA:16,(anonymous_23)
FNDA:8,(anonymous_24)
FNDA:45,Length
FNDA:45,(anonymous_26)
FNDA:23,(anonymous_27)
FNDA:11,IsNumericString
FNDA:11,(anonymous_29)
FNDA:6,(anonymous_30)
FNDA:3,IsDate
FNDA:3,(anonymous_32)
FNDA:2,(anonymous_33)
FNDA:41,MaxDigits
FNDA:41,(anonymous_35)
FNDA:21,(anonymous_36)
FNDA:7,Digits
FNDA:7,(anonymous_38)
FNDA:2,(anonymous_39)
DA:4,3
DA:6,3
DA:7,3
DA:9,3
DA:10,6
DA:11,3
DA:13,6
DA:16,3
DA:19,3
DA:23,19
DA:24,19
DA:25,8
DA:27,8
DA:36,3
DA:37,107
DA:38,107
DA:39,50
DA:40,50
DA:48,3
DA:49,37
DA:50,37
DA:51,19
DA:52,19
DA:60,3
DA:61,48
DA:62,48
DA:63,25
DA:64,25
DA:72,3
DA:73,46
DA:74,46
DA:75,22
DA:76,22
DA:84,3
DA:85,1
DA:86,1
DA:87,1
DA:88,1
DA:96,3
DA:99,20
DA:100,20
DA:101,1
DA:104,19
DA:105,10
DA:106,10
DA:115,3
DA:116,16
DA:117,16
DA:118,1
DA:121,15
DA:122,8
DA:123,8
DA:132,3
DA:140,45
DA:141,45
DA:142,23
DA:144,23
DA:147,23
DA:148,18
DA:151,23
DA:152,0
DA:157,23
DA:170,3
DA:171,11
DA:172,11
DA:173,6
DA:174,6
DA:184,3
DA:185,3
DA:186,3
DA:187,2
DA:188,2
DA:196,3
DA:197,41
DA:198,41
DA:199,21
DA:200,21
DA:211,3
DA:215,7
DA:216,7
DA:217,2
DA:218,2
LF:82
LH:81
BRDA:9,0,0,9
BRDA:9,0,1,9
BRDA:10,1,0,3
BRDA:10,1,1,3
BRDA:25,2,0,2
BRDA:25,2,1,6
BRDA:28,3,0,8
BRDA:28,3,1,2
BRDA:39,4,0,50
BRDA:39,4,1,15
BRDA:41,5,0,50
BRDA:41,5,1,49
BRDA:51,6,0,0
BRDA:51,6,1,19
BRDA:53,7,0,19
BRDA:53,7,1,19
BRDA:63,8,0,1
BRDA:63,8,1,24
BRDA:65,9,0,25
BRDA:65,9,1,2
BRDA:75,10,0,0
BRDA:75,10,1,22
BRDA:77,11,0,22
BRDA:77,11,1,2
BRDA:87,12,0,0
BRDA:87,12,1,1
BRDA:89,13,0,1
BRDA:89,13,1,1
BRDA:100,14,0,1
BRDA:100,14,1,19
BRDA:105,15,0,10
BRDA:105,15,1,0
BRDA:107,16,0,10
BRDA:107,16,1,1
BRDA:117,17,0,1
BRDA:117,17,1,15
BRDA:122,18,0,8
BRDA:122,18,1,0
BRDA:124,19,0,8
BRDA:124,19,1,1
BRDA:142,20,0,0
BRDA:142,20,1,23
BRDA:144,21,0,23
BRDA:144,21,1,1
BRDA:147,22,0,18
BRDA:147,22,1,5
BRDA:151,23,0,0
BRDA:151,23,1,23
BRDA:173,24,0,6
BRDA:173,24,1,0
BRDA:175,25,0,6
BRDA:175,25,1,1
BRDA:187,26,0,2
BRDA:187,26,1,0
BRDA:189,27,0,2
BRDA:189,27,1,1
BRDA:199,28,0,21
BRDA:199,28,1,0
BRDA:201,29,0,21
BRDA:201,29,1,1
BRDA:217,30,0,2
BRDA:217,30,1,0
BRDA:219,31,0,2
BRDA:219,31,1,1
BRF:64
BRH:53
end_of_record
TN:
SF:src\sign-xml\sign-xml.ts
FN:11,signXml
FNF:1
FNH:1
FNDA:2,signXml
DA:1,1
DA:3,1
DA:4,1
DA:5,1
DA:7,1
DA:8,1
DA:9,1
DA:11,1
DA:12,2
DA:13,2
DA:14,2
DA:20,2
DA:21,1
DA:22,1
DA:24,1
DA:25,1
DA:30,1
DA:32,1
DA:34,1
DA:36,1
LF:20
LH:20
BRF:0
BRH:0
end_of_record
TN:
SF:src\sign-xml\application\use-cases.ts
FN:6,(anonymous_0)
FN:11,(anonymous_1)
FNF:2
FNH:2
FNDA:2,(anonymous_0)
FNDA:1,(anonymous_1)
DA:5,3
DA:7,2
DA:8,2
DA:15,1
DA:17,1
DA:21,1
DA:22,1
LF:7
LH:7
BRF:0
BRH:0
end_of_record
TN:
SF:src\sign-xml\common\utils\crypto.util.ts
FN:4,(anonymous_9)
FN:8,(anonymous_10)
FN:14,(anonymous_11)
FN:18,(anonymous_12)
FN:24,(anonymous_13)
FNF:5
FNH:5
FNDA:1,(anonymous_9)
FNDA:5,(anonymous_10)
FNDA:1,(anonymous_11)
FNDA:8,(anonymous_12)
FNDA:2,(anonymous_13)
DA:1,2
DA:3,2
DA:5,1
DA:6,1
DA:9,5
DA:11,1
DA:15,1
DA:16,1
DA:18,8
DA:20,1
DA:21,1
DA:25,2
DA:26,2
DA:27,2
LF:14
LH:14
BRF:0
BRH:0
end_of_record
TN:
SF:src\sign-xml\common\utils\index.ts
FNF:0
FNH:0
DA:1,2
LF:1
LH:1
BRF:0
BRH:0
end_of_record
TN:
SF:src\sign-xml\domain\xades-signature.service.ts
FN:21,(anonymous_0)
FN:29,(anonymous_1)
FNF:2
FNH:2
FNDA:2,(anonymous_0)
FNDA:1,(anonymous_1)
DA:10,3
DA:15,3
DA:17,3
DA:20,3
DA:22,2
DA:23,2
DA:24,2
DA:25,2
DA:26,2
DA:30,1
DA:31,1
DA:32,1
DA:34,1
DA:35,1
DA:39,1
DA:41,1
DA:43,1
DA:44,1
DA:45,1
DA:46,1
DA:48,1
DA:49,1
DA:58,1
DA:62,1
DA:69,1
DA:71,1
DA:78,1
DA:80,1
DA:88,1
LF:29
LH:29
BRF:0
BRH:0
end_of_record
TN:
SF:src\sign-xml\domain\assemblers\index.ts
FNF:0
FNH:0
DA:1,3
LF:1
LH:1
BRF:0
BRH:0
end_of_record
TN:
SF:src\sign-xml\domain\assemblers\xades-document.assembler.ts
FN:4,(anonymous_0)
FNF:1
FNH:1
FNDA:1,(anonymous_0)
DA:3,3
DA:11,1
DA:13,1
LF:3
LH:3
BRF:0
BRH:0
end_of_record
TN:
SF:src\sign-xml\domain\builders\index.ts
FNF:0
FNH:0
DA:1,3
DA:2,3
DA:3,3
LF:3
LH:3
BRF:0
BRH:0
end_of_record
TN:
SF:src\sign-xml\domain\builders\keyInfo.builder.ts
FN:4,(anonymous_0)
FNF:1
FNH:1
FNDA:1,(anonymous_0)
DA:1,3
DA:3,3
DA:10,1
DA:12,1
LF:4
LH:4
BRF:0
BRH:0
end_of_record
TN:
SF:src\sign-xml\domain\builders\signed-info.builder.ts
FN:12,(anonymous_0)
FNF:1
FNH:1
FNDA:1,(anonymous_0)
DA:1,3
DA:11,3
DA:19,1
DA:21,1
LF:4
LH:4
BRF:0
BRH:0
end_of_record
TN:
SF:src\sign-xml\domain\builders\signed-properties.builder.ts
FN:5,(anonymous_0)
FN:7,(anonymous_1)
FNF:2
FNH:2
FNDA:1,(anonymous_0)
FNDA:1,(anonymous_1)
DA:1,3
DA:4,3
DA:5,1
DA:22,1
DA:24,1
DA:26,1
LF:6
LH:6
BRF:0
BRH:0
end_of_record
TN:
SF:src\sign-xml\domain\enums\index.ts
FNF:0
FNH:0
DA:1,3
LF:1
LH:1
BRF:0
BRH:0
end_of_record
TN:
SF:src\sign-xml\domain\enums\xml-namespaces.enum.ts
FN:2,(anonymous_0)
FN:9,(anonymous_1)
FN:14,(anonymous_2)
FN:19,(anonymous_3)
FN:24,(anonymous_4)
FN:29,(anonymous_5)
FNF:6
FNH:6
FNDA:3,(anonymous_0)
FNDA:3,(anonymous_1)
FNDA:3,(anonymous_2)
FNDA:3,(anonymous_3)
FNDA:3,(anonymous_4)
FNDA:3,(anonymous_5)
DA:2,3
DA:3,3
DA:4,3
DA:7,3
DA:9,3
DA:10,3
DA:14,3
DA:15,3
DA:19,3
DA:20,3
DA:24,3
DA:25,3
DA:29,3
DA:30,3
LF:14
LH:14
BRDA:2,0,0,3
BRDA:2,0,1,3
BRDA:9,1,0,3
BRDA:9,1,1,3
BRDA:14,2,0,3
BRDA:14,2,1,3
BRDA:19,3,0,3
BRDA:19,3,1,3
BRDA:24,4,0,3
BRDA:24,4,1,3
BRDA:29,5,0,3
BRDA:29,5,1,3
BRF:12
BRH:12
end_of_record
TN:
SF:src\sign-xml\infrastructure\XmlSignatureInjector.ts
FN:5,(anonymous_0)
FN:6,(anonymous_1)
FNF:2
FNH:2
FNDA:3,(anonymous_0)
FNDA:2,(anonymous_1)
DA:1,3
DA:4,3
DA:5,3
DA:7,2
DA:8,2
DA:10,2
DA:11,2
DA:15,2
DA:17,2
DA:19,2
LF:10
LH:10
BRF:0
BRH:0
end_of_record
TN:
SF:src\sign-xml\infrastructure\forge-rsa-sha1-signer.implementation.ts
FN:5,(anonymous_9)
FN:7,(anonymous_10)
FNF:2
FNH:2
FNDA:4,(anonymous_9)
FNDA:4,(anonymous_10)
DA:1,3
DA:4,3
DA:5,4
DA:8,4
DA:9,4
DA:11,4
DA:12,4
DA:15,4
LF:8
LH:8
BRDA:15,0,0,4
BRDA:15,0,1,0
BRDA:15,1,0,4
BRDA:15,1,1,4
BRDA:15,2,0,0
BRDA:15,2,1,4
BRDA:15,3,0,4
BRDA:15,3,1,4
BRF:8
BRH:6
end_of_record
TN:
SF:src\sign-xml\infrastructure\canonicalizer\canonicalizer.implement.ts
FN:6,(anonymous_0)
FN:7,(anonymous_1)
FNF:2
FNH:2
FNDA:3,(anonymous_0)
FNDA:2,(anonymous_1)
DA:2,3
DA:5,3
DA:6,3
DA:8,2
DA:10,2
DA:15,2
LF:6
LH:6
BRF:0
BRH:0
end_of_record
TN:
SF:src\sign-xml\infrastructure\canonicalizer\exclusive-canonicalization-ts\Algorithm.ts
FN:8,(anonymous_0)
FN:12,(anonymous_1)
FN:21,(anonymous_2)
FNF:3
FNH:3
FNDA:22,(anonymous_0)
FNDA:1,(anonymous_1)
FNDA:1,(anonymous_2)
DA:7,4
DA:8,22
DA:13,1
DA:23,1
LF:4
LH:4
BRF:0
BRH:0
end_of_record
TN:
SF:src\sign-xml\infrastructure\canonicalizer\exclusive-canonicalization-ts\ExclusiveCanonicalization.ts
FN:17,(anonymous_0)
FN:23,(anonymous_1)
FN:30,(anonymous_2)
FN:34,(anonymous_3)
FN:38,(anonymous_4)
FN:42,(anonymous_5)
FN:47,(anonymous_6)
FN:52,(anonymous_7)
FN:56,(anonymous_8)
FN:62,(anonymous_9)
FN:68,(anonymous_10)
FN:70,(anonymous_11)
FN:72,(anonymous_12)
FN:76,(anonymous_13)
FN:93,(anonymous_14)
FN:95,(anonymous_15)
FN:113,(anonymous_16)
FN:116,(anonymous_17)
FN:145,(anonymous_18)
FN:149,(anonymous_19)
FN:153,(anonymous_20)
FN:170,(anonymous_21)
FNF:22
FNH:18
FNDA:20,(anonymous_0)
FNDA:1,(anonymous_1)
FNDA:2,(anonymous_2)
FNDA:2,(anonymous_3)
FNDA:3,(anonymous_4)
FNDA:1,(anonymous_5)
FNDA:1,(anonymous_6)
FNDA:12,(anonymous_7)
FNDA:7,(anonymous_8)
FNDA:5,(anonymous_9)
FNDA:13,(anonymous_10)
FNDA:11,(anonymous_11)
FNDA:4,(anonymous_12)
FNDA:13,(anonymous_13)
FNDA:0,(anonymous_14)
FNDA:0,(anonymous_15)
FNDA:0,(anonymous_16)
FNDA:0,(anonymous_17)
FNDA:1,(anonymous_18)
FNDA:1,(anonymous_19)
FNDA:19,(anonymous_20)
FNDA:6,(anonymous_21)
DA:2,3
DA:3,3
DA:4,3
DA:5,3
DA:6,3
DA:7,3
DA:13,3
DA:18,20
DA:19,20
DA:20,20
DA:24,1
DA:31,2
DA:35,2
DA:39,3
DA:43,1
DA:44,1
DA:48,1
DA:49,1
DA:53,12
DA:57,7
DA:58,5
DA:59,3
DA:63,5
DA:64,5
DA:65,5
DA:69,13
DA:70,11
DA:72,4
DA:85,13
DA:86,13
DA:87,13
DA:88,13
DA:90,13
DA:92,13
DA:93,2
DA:94,2
DA:95,2
DA:96,2
DA:100,2
DA:105,11
DA:106,3
DA:107,3
DA:110,13
DA:111,11
DA:112,2
DA:113,0
DA:115,2
DA:116,2
DA:117,2
DA:121,2
DA:126,9
DA:130,2
DA:137,13
DA:138,13
DA:139,6
DA:142,13
DA:146,1
DA:150,1
DA:158,19
DA:160,1
DA:162,2
DA:164,1
DA:166,13
DA:167,13
DA:168,13
DA:169,13
DA:171,6
DA:178,13
DA:181,2
LF:69
LH:68
BRDA:17,0,0,7
BRDA:20,1,0,20
BRDA:20,1,1,7
BRDA:26,2,0,1
BRDA:26,2,1,0
BRDA:57,3,0,2
BRDA:57,3,1,5
BRDA:57,4,0,7
BRDA:57,4,1,4
BRDA:58,5,0,2
BRDA:58,5,1,3
BRDA:58,6,0,5
BRDA:58,6,1,4
BRDA:69,7,0,13
BRDA:69,7,1,0
BRDA:90,8,0,13
BRDA:90,8,1,6
BRDA:92,9,0,2
BRDA:92,9,1,11
BRDA:94,10,0,2
BRDA:94,10,1,0
BRDA:94,11,0,2
BRDA:94,11,1,0
BRDA:105,12,0,3
BRDA:105,12,1,8
BRDA:110,13,0,13
BRDA:110,13,1,0
BRDA:111,14,0,2
BRDA:111,14,1,9
BRDA:111,15,0,11
BRDA:111,15,1,6
BRDA:115,16,0,2
BRDA:115,16,1,0
BRDA:115,17,0,2
BRDA:115,17,1,0
BRDA:126,18,0,2
BRDA:126,18,1,7
BRDA:127,19,0,9
BRDA:127,19,1,4
BRDA:150,20,0,1
BRDA:150,20,1,0
BRDA:155,21,0,13
BRDA:156,22,0,13
BRDA:158,23,0,1
BRDA:158,23,1,2
BRDA:158,23,2,1
BRDA:158,23,3,13
BRDA:158,23,4,2
BRDA:162,24,0,1
BRDA:162,24,1,1
BRF:50
BRH:42
end_of_record
TN:
SF:src\sign-xml\infrastructure\canonicalizer\exclusive-canonicalization-ts\escape.ts
FN:19,escapeAttributeEntities
FN:20,(anonymous_1)
FN:28,escapeTextEntities
FN:29,(anonymous_3)
FNF:4
FNH:4
FNDA:15,escapeAttributeEntities
FNDA:6,(anonymous_1)
FNDA:5,escapeTextEntities
FNDA:6,(anonymous_3)
DA:4,4
DA:19,4
DA:20,15
DA:28,4
DA:29,6
LF:5
LH:5
BRF:0
BRH:0
end_of_record
TN:
SF:src\sign-xml\infrastructure\certificate\certificate-provider.implement.ts
FN:8,(anonymous_9)
FN:15,(anonymous_10)
FN:38,(anonymous_11)
FNF:3
FNH:3
FNDA:5,(anonymous_9)
FNDA:5,(anonymous_10)
FNDA:2,(anonymous_11)
DA:1,2
DA:7,2
DA:9,5
DA:10,5
DA:11,5
DA:12,5
DA:16,5
DA:17,5
DA:18,5
DA:19,5
DA:20,5
DA:22,5
DA:25,5
DA:26,5
DA:29,5
DA:32,5
DA:33,5
DA:36,5
DA:38,5
DA:39,2
DA:43,5
DA:44,5
DA:45,5
DA:46,5
DA:50,5
DA:54,5
DA:55,5
DA:56,5
DA:58,5
LF:29
LH:29
BRDA:29,0,0,2
BRDA:29,0,1,3
BRDA:29,1,0,5
BRDA:29,1,1,5
BRDA:29,2,0,3
BRDA:29,2,1,2
BRDA:29,3,0,5
BRDA:29,3,1,5
BRDA:29,4,0,3
BRDA:29,4,1,2
BRDA:29,5,0,5
BRDA:29,5,1,5
BRDA:29,6,0,3
BRDA:29,6,1,2
BRDA:29,7,0,5
BRDA:29,7,1,5
BRDA:29,8,0,0
BRDA:29,8,1,5
BRDA:29,9,0,5
BRDA:29,9,1,5
BRDA:30,10,0,0
BRDA:30,10,1,3
BRDA:30,11,0,3
BRDA:30,11,1,3
BRDA:30,12,0,0
BRDA:30,12,1,3
BRDA:30,13,0,3
BRDA:30,13,1,3
BRDA:30,14,0,0
BRDA:30,14,1,3
BRDA:30,15,0,3
BRDA:30,15,1,3
BRDA:30,16,0,0
BRDA:30,16,1,3
BRDA:30,17,0,3
BRDA:30,17,1,3
BRDA:30,18,0,0
BRDA:30,18,1,3
BRDA:30,19,0,3
BRDA:30,19,1,3
BRDA:30,20,0,0
BRDA:30,20,1,3
BRDA:30,21,0,3
BRDA:30,21,1,3
BRDA:39,22,0,0
BRDA:39,22,1,2
BRF:46
BRH:38
end_of_record
TN:
SF:src\sign-xml\infrastructure\certificate\factories\index.ts
FNF:0
FNH:0
DA:1,3
LF:1
LH:1
BRF:0
BRH:0
end_of_record
TN:
SF:src\sign-xml\infrastructure\certificate\factories\sign-strategy.factory.ts
FN:9,(anonymous_0)
FN:16,(anonymous_1)
FN:17,(anonymous_2)
FNF:3
FNH:3
FNDA:9,(anonymous_0)
FNDA:3,(anonymous_1)
FNDA:9,(anonymous_2)
DA:1,3
DA:3,3
DA:9,3
DA:10,9
DA:17,9
DA:18,3
DA:19,2
DA:21,1
LF:8
LH:8
BRDA:18,0,0,2
BRDA:18,0,1,1
BRF:2
BRH:2
end_of_record
TN:
SF:src\sign-xml\infrastructure\certificate\strategies\banco-central.strategy.ts
FN:9,(anonymous_9)
FN:13,(anonymous_10)
FN:16,(anonymous_11)
FN:31,(anonymous_12)
FN:35,(anonymous_13)
FNF:5
FNH:5
FNDA:3,(anonymous_9)
FNDA:4,(anonymous_10)
FNDA:4,(anonymous_11)
FNDA:1,(anonymous_12)
FNDA:3,(anonymous_13)
DA:1,6
DA:3,6
DA:8,6
DA:10,3
DA:16,4
DA:17,4
DA:20,4
DA:22,3
DA:23,1
DA:24,2
DA:25,1
DA:27,1
DA:32,1
DA:33,1
DA:35,3
LF:15
LH:15
BRDA:17,0,0,0
BRDA:17,0,1,4
BRDA:17,1,0,4
BRDA:17,1,1,4
BRDA:17,2,0,0
BRDA:17,2,1,4
BRDA:17,3,0,4
BRDA:17,3,1,4
BRDA:20,4,0,1
BRDA:20,4,1,3
BRDA:22,5,0,1
BRDA:22,5,1,2
BRDA:22,6,0,0
BRDA:22,6,1,3
BRDA:22,7,0,3
BRDA:22,7,1,3
BRDA:24,8,0,1
BRDA:24,8,1,1
BRDA:24,9,0,0
BRDA:24,9,1,2
BRDA:24,10,0,2
BRDA:24,10,1,2
BRF:22
BRH:18
end_of_record
TN:
SF:src\sign-xml\infrastructure\certificate\strategies\index.ts
FNF:0
FNH:0
DA:1,6
DA:2,6
DA:3,6
LF:3
LH:3
BRF:0
BRH:0
end_of_record
TN:
SF:src\sign-xml\infrastructure\certificate\strategies\security-data.strategy.ts
FN:9,(anonymous_9)
FN:13,(anonymous_10)
FN:27,(anonymous_11)
FN:31,(anonymous_12)
FNF:4
FNH:4
FNDA:3,(anonymous_9)
FNDA:4,(anonymous_10)
FNDA:1,(anonymous_11)
FNDA:3,(anonymous_12)
DA:1,6
DA:3,6
DA:8,6
DA:10,3
DA:16,4
DA:17,4
DA:18,3
DA:19,1
DA:20,2
DA:21,1
DA:23,1
DA:28,1
DA:29,1
DA:31,3
LF:14
LH:14
BRDA:17,0,0,1
BRDA:17,0,1,3
BRDA:18,1,0,1
BRDA:18,1,1,2
BRDA:18,2,0,0
BRDA:18,2,1,3
BRDA:18,3,0,3
BRDA:18,3,1,3
BRDA:20,4,0,1
BRDA:20,4,1,1
BRDA:20,5,0,0
BRDA:20,5,1,2
BRDA:20,6,0,2
BRDA:20,6,1,2
BRF:14
BRH:12
end_of_record
TN:
SF:src\sign-xml\infrastructure\certificate\strategies\uanataca.strategy.ts
FN:10,(anonymous_9)
FN:14,(anonymous_10)
FN:28,(anonymous_11)
FN:38,(anonymous_12)
FN:41,(anonymous_13)
FN:42,(anonymous_14)
FN:53,(anonymous_15)
FNF:7
FNH:7
FNDA:2,(anonymous_9)
FNDA:4,(anonymous_10)
FNDA:3,(anonymous_11)
FNDA:2,(anonymous_12)
FNDA:4,(anonymous_13)
FNDA:4,(anonymous_14)
FNDA:1,(anonymous_15)
DA:1,6
DA:3,6
DA:9,6
DA:11,2
DA:17,4
DA:18,4
DA:19,3
DA:20,1
DA:21,2
DA:22,1
DA:24,1
DA:29,3
DA:30,3
DA:31,1
DA:33,2
DA:35,2
DA:39,2
DA:41,4
DA:43,4
DA:44,3
DA:46,1
DA:51,2
DA:54,1
DA:55,1
DA:56,1
LF:25
LH:25
BRDA:18,0,0,1
BRDA:18,0,1,3
BRDA:19,1,0,1
BRDA:19,1,1,2
BRDA:19,2,0,0
BRDA:19,2,1,3
BRDA:19,3,0,3
BRDA:19,3,1,3
BRDA:21,4,0,1
BRDA:21,4,1,1
BRDA:21,5,0,0
BRDA:21,5,1,2
BRDA:21,6,0,2
BRDA:21,6,1,2
BRDA:30,7,0,1
BRDA:30,7,1,2
BRDA:30,8,0,3
BRDA:30,8,1,3
BRDA:41,9,0,4
BRDA:41,9,1,1
BRDA:43,10,0,3
BRDA:43,10,1,1
BRF:22
BRH:20
end_of_record
TN:
SF:src\sign-xml\infrastructure\clock\clock.implement.ts
FN:4,(anonymous_0)
FNF:1
FNH:1
FNDA:2,(anonymous_0)
DA:3,3
DA:5,2
DA:6,2
DA:7,2
DA:11,2
DA:15,2
DA:16,2
DA:17,2
DA:18,2
DA:19,2
DA:20,2
DA:22,2
LF:12
LH:12
BRDA:11,0,0,0
BRDA:11,0,1,2
BRF:2
BRH:1
end_of_record
TN:
SF:src\sign-xml\infrastructure\composition\buildSignXmlUseCase.ts
FN:14,buildSignXmlUseCase
FNF:1
FNH:1
FNDA:1,buildSignXmlUseCase
DA:3,2
DA:4,2
DA:5,2
DA:6,2
DA:7,2
DA:8,2
DA:9,2
DA:11,2
DA:14,2
DA:18,1
DA:19,1
DA:20,1
DA:21,1
DA:22,1
DA:23,1
DA:25,1
DA:33,1
LF:17
LH:17
BRF:0
BRH:0
end_of_record
TN:
SF:src\sign-xml\infrastructure\errors\index.ts
FNF:0
FNH:0
DA:1,13
LF:1
LH:1
BRF:0
BRH:0
end_of_record
TN:
SF:src\sign-xml\infrastructure\errors\infrastructure.error.ts
FN:2,(anonymous_0)
FN:9,(anonymous_1)
FN:16,(anonymous_2)
FN:23,(anonymous_3)
FN:31,(anonymous_4)
FN:37,(anonymous_5)
FN:44,(anonymous_6)
FN:52,(anonymous_7)
FN:61,(anonymous_8)
FNF:9
FNH:9
FNDA:15,(anonymous_0)
FNDA:3,(anonymous_1)
FNDA:11,(anonymous_2)
FNDA:4,(anonymous_3)
FNDA:4,(anonymous_4)
FNDA:2,(anonymous_5)
FNDA:2,(anonymous_6)
FNDA:2,(anonymous_7)
FNDA:2,(anonymous_8)
DA:1,13
DA:3,15
DA:4,15
DA:8,13
DA:10,3
DA:11,3
DA:15,13
DA:17,11
DA:18,11
DA:22,13
DA:24,4
DA:27,4
DA:30,13
DA:32,4
DA:33,4
DA:36,13
DA:38,2
DA:39,2
DA:43,13
DA:45,2
DA:46,2
DA:47,2
DA:51,13
DA:53,2
DA:54,2
DA:55,2
DA:60,13
DA:62,2
DA:63,2
DA:64,2
LF:30
LH:30
BRDA:31,0,0,3
BRDA:61,1,0,1
BRF:2
BRH:2
end_of_record
TN:
SF:src\sign-xml\infrastructure\handlers\error.handle.ts
FN:15,(anonymous_0)
FNF:1
FNH:1
FNDA:11,(anonymous_0)
DA:1,2
DA:14,2
DA:16,11
DA:17,1
DA:24,10
DA:25,1
DA:32,9
DA:33,1
DA:40,8
DA:41,1
DA:48,7
DA:49,1
DA:55,6
DA:56,1
DA:62,5
DA:63,1
DA:69,4
DA:70,1
DA:77,3
DA:78,1
DA:85,2
DA:86,1
DA:93,1
LF:23
LH:23
BRDA:16,0,0,1
BRDA:16,0,1,10
BRDA:24,1,0,1
BRDA:24,1,1,9
BRDA:32,2,0,1
BRDA:32,2,1,8
BRDA:40,3,0,1
BRDA:40,3,1,7
BRDA:48,4,0,1
BRDA:48,4,1,6
BRDA:55,5,0,1
BRDA:55,5,1,5
BRDA:62,6,0,1
BRDA:62,6,1,4
BRDA:69,7,0,1
BRDA:69,7,1,3
BRDA:77,8,0,1
BRDA:77,8,1,2
BRDA:85,9,0,1
BRDA:85,9,1,1
BRF:20
BRH:20
end_of_record
TN:
SF:src\sign-xml\infrastructure\handlers\index.ts
FNF:0
FNH:0
DA:1,2
LF:1
LH:1
BRF:0
BRH:0
end_of_record
TN:
SF:src\sign-xml\infrastructure\hash\hash-provider.implement.ts
FN:4,(anonymous_9)
FN:11,(anonymous_10)
FNF:2
FNH:2
FNDA:1,(anonymous_9)
FNDA:1,(anonymous_10)
DA:2,3
DA:3,3
DA:5,1
DA:6,1
DA:7,1
DA:8,1
DA:9,1
DA:12,1
LF:8
LH:8
BRF:0
BRH:0
end_of_record
TN:
SF:src\sign-xml\infrastructure\signature-generation\signature-id-generator.implement.ts
FN:5,(anonymous_0)
FN:17,(anonymous_1)
FNF:2
FNH:2
FNDA:1,(anonymous_0)
FNDA:9,(anonymous_1)
DA:4,3
DA:6,1
DA:18,9
DA:19,9
DA:20,9
LF:5
LH:5
BRF:0
BRH:0
end_of_record
TN:
SF:src\sign-xml\infrastructure\validations\p12.validation.ts
FN:4,assertIsValidP12OrThrow
FN:10,(anonymous_10)
FNF:2
FNH:2
FNDA:3,assertIsValidP12OrThrow
FNDA:12,(anonymous_10)
DA:1,2
DA:2,2
DA:4,2
DA:9,3
DA:10,12
DA:14,3
DA:15,3
DA:17,1
DA:20,2
DA:21,2
DA:23,1
LF:11
LH:11
BRF:0
BRH:0
end_of_record
TN:
SF:src\sign-xml\infrastructure\xml-dom-context\xml-dom.context.ts
FN:11,(anonymous_0)
FN:14,(anonymous_1)
FN:23,(anonymous_2)
FN:27,(anonymous_3)
FNF:4
FNH:4
FNDA:7,(anonymous_0)
FNDA:8,(anonymous_1)
FNDA:4,(anonymous_2)
FNDA:2,(anonymous_3)
DA:1,4
DA:6,4
DA:8,4
DA:12,7
DA:13,7
DA:17,6
DA:19,1
DA:24,4
DA:28,2
LF:9
LH:9
BRF:0
BRH:0
end_of_record
TN:
SF:src\utils\date-utils.ts
FN:4,formatDDMMYYYY
FN:14,formatDDMM
FN:25,formatDateTimeEcuador
FNF:3
FNH:3
FNDA:8,formatDDMMYYYY
FNDA:15,formatDDMM
FNDA:3,formatDateTimeEcuador
DA:4,6
DA:5,8
DA:6,8
DA:7,8
DA:8,8
DA:14,6
DA:15,15
DA:16,15
DA:17,15
DA:25,6
DA:26,3
DA:27,3
DA:31,3
DA:35,3
DA:36,3
DA:37,3
DA:38,3
DA:39,3
DA:40,3
DA:42,3
LF:20
LH:20
BRDA:25,0,0,1
BRDA:31,1,0,2
BRDA:31,1,1,1
BRF:3
BRH:3
end_of_record
TN:
SF:src\utils\index.ts
FNF:0
FNH:0
DA:1,5
DA:2,5
DA:3,5
LF:3
LH:3
BRF:0
BRH:0
end_of_record
TN:
SF:src\utils\utf8.util.ts
FN:1,utf8Encode
FN:11,utf8Decode
FNF:2
FNH:2
FNDA:6,utf8Encode
FNDA:4,utf8Decode
DA:1,6
DA:2,6
DA:4,4
DA:5,4
DA:8,4
DA:11,6
DA:12,4
DA:15,2
DA:16,2
DA:17,38
DA:20,2
DA:21,2
LF:12
LH:12
BRDA:2,0,0,2
BRDA:2,0,1,4
BRDA:12,1,0,2
BRDA:12,1,1,2
BRF:4
BRH:4
end_of_record
TN:
SF:src\utils\xml.util.ts
FN:10,assertValidXml
FN:19,uint8ArrayToBase64
FN:31,normalizeSelfClosingTags
FN:32,(anonymous_3)
FNF:4
FNH:4
FNDA:2,assertValidXml
FNDA:1,uint8ArrayToBase64
FNDA:3,normalizeSelfClosingTags
FNDA:3,(anonymous_3)
DA:1,6
DA:10,6
DA:11,2
DA:12,2
DA:14,2
DA:15,1
DA:19,6
DA:20,1
DA:21,1
DA:22,1
DA:23,5
DA:25,1
DA:31,6
DA:32,3
DA:33,3
LF:15
LH:15
BRDA:14,0,0,1
BRDA:14,0,1,1
BRF:2
BRH:2
end_of_record
